TN:
SF:src\main\server.js
FN:34,(anonymous_0)
FN:65,(anonymous_1)
FN:114,(anonymous_2)
FN:118,(anonymous_3)
FN:121,(anonymous_4)
FN:126,(anonymous_5)
FN:131,(anonymous_6)
FN:138,(anonymous_7)
FN:145,(anonymous_8)
FN:158,(anonymous_9)
FN:164,(anonymous_10)
FN:168,(anonymous_11)
FN:175,(anonymous_12)
FN:177,(anonymous_13)
FN:180,(anonymous_14)
FN:196,(anonymous_15)
FN:233,(anonymous_16)
FN:241,(anonymous_17)
FN:243,(anonymous_18)
FN:250,(anonymous_19)
FN:256,(anonymous_20)
FNF:21
FNH:6
FNDA:0,(anonymous_0)
FNDA:0,(anonymous_1)
FNDA:2,(anonymous_2)
FNDA:0,(anonymous_3)
FNDA:0,(anonymous_4)
FNDA:0,(anonymous_5)
FNDA:0,(anonymous_6)
FNDA:0,(anonymous_7)
FNDA:0,(anonymous_8)
FNDA:0,(anonymous_9)
FNDA:0,(anonymous_10)
FNDA:0,(anonymous_11)
FNDA:2,(anonymous_12)
FNDA:0,(anonymous_13)
FNDA:11,(anonymous_14)
FNDA:2,(anonymous_15)
FNDA:0,(anonymous_16)
FNDA:0,(anonymous_17)
FNDA:0,(anonymous_18)
FNDA:1,(anonymous_19)
FNDA:9,(anonymous_20)
DA:21,1
DA:22,1
DA:23,1
DA:24,1
DA:25,1
DA:26,1
DA:27,1
DA:28,1
DA:29,1
DA:30,1
DA:31,1
DA:32,1
DA:34,1
DA:35,0
DA:36,0
DA:37,0
DA:38,0
DA:41,1
DA:42,1
DA:43,1
DA:44,1
DA:45,1
DA:46,1
DA:48,1
DA:49,1
DA:50,1
DA:52,1
DA:53,1
DA:56,1
DA:57,0
DA:59,0
DA:60,0
DA:63,0
DA:64,0
DA:65,0
DA:67,0
DA:68,0
DA:73,1
DA:74,1
DA:76,1
DA:77,1
DA:78,0
DA:79,0
DA:80,0
DA:84,1
DA:85,1
DA:86,1
DA:87,1
DA:88,1
DA:89,1
DA:91,1
DA:92,1
DA:93,1
DA:94,1
DA:95,1
DA:96,1
DA:97,1
DA:99,1
DA:100,1
DA:101,1
DA:104,1
DA:105,0
DA:108,1
DA:109,1
DA:110,1
DA:114,1
DA:115,2
DA:117,1
DA:118,1
DA:119,0
DA:121,1
DA:122,0
DA:125,1
DA:126,0
DA:127,0
DA:128,0
DA:129,0
DA:130,0
DA:131,0
DA:132,0
DA:137,1
DA:138,0
DA:139,0
DA:140,0
DA:144,1
DA:145,0
DA:147,0
DA:148,0
DA:149,0
DA:150,0
DA:153,0
DA:157,1
DA:158,0
DA:159,0
DA:160,0
DA:164,1
DA:165,0
DA:168,1
DA:169,0
DA:170,0
DA:171,0
DA:172,0
DA:175,1
DA:176,2
DA:177,1
DA:178,0
DA:180,1
DA:181,11
DA:183,1
DA:184,1
DA:185,1
DA:186,1
DA:187,0
DA:189,1
DA:190,1
DA:191,1
DA:192,1
DA:193,1
DA:196,1
DA:197,2
DA:198,1
DA:200,1
DA:203,1
DA:205,0
DA:208,1
DA:210,1
DA:213,1
DA:215,0
DA:218,1
DA:219,0
DA:220,0
DA:230,0
DA:231,0
DA:232,0
DA:233,0
DA:234,0
DA:235,0
DA:237,0
DA:240,0
DA:241,0
DA:243,0
DA:245,0
DA:246,0
DA:247,0
DA:250,1
DA:253,1
DA:254,0
DA:256,1
DA:257,9
DA:259,1
DA:262,1
LF:151
LH:89
BRDA:41,0,0,1
BRDA:41,0,1,1
BRDA:42,1,0,0
BRDA:42,1,1,1
BRDA:43,2,0,0
BRDA:43,2,1,1
BRDA:44,3,0,1
BRDA:44,3,1,1
BRDA:44,4,0,0
BRDA:44,4,1,1
BRDA:45,5,0,1
BRDA:45,5,1,1
BRDA:46,6,0,1
BRDA:46,6,1,1
BRDA:49,7,0,1
BRDA:49,7,1,1
BRDA:49,8,0,0
BRDA:49,8,1,1
BRDA:50,9,0,1
BRDA:50,9,1,1
BRDA:56,10,0,0
BRDA:56,10,1,1
BRDA:56,11,0,1
BRDA:56,11,1,1
BRDA:59,12,0,0
BRDA:59,12,1,0
BRDA:63,13,0,0
BRDA:63,13,1,0
BRDA:77,14,0,0
BRDA:77,14,1,1
BRDA:88,15,0,1
BRDA:88,15,1,0
BRDA:99,16,0,1
BRDA:99,16,1,0
BRDA:104,17,0,0
BRDA:104,17,1,1
BRDA:125,18,0,0
BRDA:125,18,1,1
BRDA:137,19,0,0
BRDA:137,19,1,1
BRDA:144,20,0,0
BRDA:144,20,1,1
BRDA:148,21,0,0
BRDA:148,21,1,0
BRDA:149,22,0,0
BRDA:149,22,1,0
BRDA:149,23,0,0
BRDA:149,23,1,0
BRDA:157,24,0,0
BRDA:157,24,1,1
BRDA:172,25,0,0
BRDA:172,25,1,0
BRDA:176,26,0,1
BRDA:176,26,1,1
BRDA:184,27,0,0
BRDA:184,27,1,1
BRDA:186,28,0,0
BRDA:186,28,1,1
BRDA:197,29,0,1
BRDA:197,29,1,1
BRDA:218,30,0,0
BRDA:218,30,1,1
BRDA:224,31,0,0
BRDA:224,31,1,0
BRDA:225,32,0,0
BRDA:225,32,1,0
BRDA:230,33,0,0
BRDA:230,33,1,0
BRDA:240,34,0,0
BRDA:240,34,1,0
BRDA:245,35,0,0
BRDA:245,35,1,0
BRDA:253,36,0,0
BRDA:253,36,1,1
BRF:74
BRH:35
end_of_record
TN:
SF:src\main\server\skyId.js
FN:29,(anonymous_0)
FN:35,(anonymous_1)
FN:38,(anonymous_2)
FN:61,(anonymous_3)
FN:89,(anonymous_4)
FN:122,(anonymous_5)
FN:123,(anonymous_6)
FN:150,(anonymous_7)
FN:151,(anonymous_8)
FN:152,(anonymous_9)
FN:163,(anonymous_10)
FN:164,(anonymous_11)
FN:166,(anonymous_12)
FNF:13
FNH:4
FNDA:0,(anonymous_0)
FNDA:0,(anonymous_1)
FNDA:0,(anonymous_2)
FNDA:0,(anonymous_3)
FNDA:0,(anonymous_4)
FNDA:6,(anonymous_5)
FNDA:12,(anonymous_6)
FNDA:1,(anonymous_7)
FNDA:3,(anonymous_8)
FNDA:0,(anonymous_9)
FNDA:0,(anonymous_10)
FNDA:0,(anonymous_11)
FNDA:0,(anonymous_12)
DA:21,1
DA:22,1
DA:23,1
DA:24,1
DA:25,1
DA:26,1
DA:27,1
DA:28,1
DA:29,1
DA:30,0
DA:32,1
DA:33,1
DA:34,1
DA:35,1
DA:36,0
DA:38,1
DA:39,0
DA:41,0
DA:42,0
DA:44,0
DA:45,0
DA:46,0
DA:48,0
DA:49,0
DA:51,0
DA:52,0
DA:54,0
DA:55,0
DA:56,0
DA:58,0
DA:59,0
DA:61,1
DA:62,0
DA:63,0
DA:65,0
DA:66,0
DA:67,0
DA:69,0
DA:70,0
DA:72,0
DA:73,0
DA:74,0
DA:75,0
DA:77,0
DA:78,0
DA:80,0
DA:81,0
DA:83,0
DA:84,0
DA:86,0
DA:87,0
DA:89,1
DA:90,0
DA:92,0
DA:93,0
DA:95,0
DA:96,0
DA:98,0
DA:99,0
DA:101,0
DA:102,0
DA:104,0
DA:105,0
DA:107,0
DA:108,0
DA:109,0
DA:111,0
DA:112,0
DA:113,0
DA:115,0
DA:117,0
DA:118,0
DA:120,0
DA:122,1
DA:123,6
DA:124,12
DA:125,0
DA:129,6
DA:130,6
DA:131,6
DA:133,6
DA:134,0
DA:136,6
DA:137,6
DA:139,0
DA:140,0
DA:142,0
DA:143,0
DA:144,0
DA:146,0
DA:148,0
DA:150,1
DA:151,1
DA:152,3
DA:153,3
DA:154,3
DA:155,3
DA:156,3
DA:159,1
DA:160,1
DA:161,1
DA:163,1
DA:164,1
DA:165,1
DA:166,1
DA:213,1
DA:214,1
DA:215,1
DA:216,1
LF:109
LH:43
BRDA:39,0,0,0
BRDA:39,0,1,0
BRDA:41,1,0,0
BRDA:41,1,1,0
BRDA:42,2,0,0
BRDA:42,2,1,0
BRDA:52,3,0,0
BRDA:52,3,1,0
BRDA:62,4,0,0
BRDA:62,4,1,0
BRDA:65,5,0,0
BRDA:65,5,1,0
BRDA:66,6,0,0
BRDA:66,6,1,0
BRDA:67,7,0,0
BRDA:67,7,1,0
BRDA:81,8,0,0
BRDA:81,8,1,0
BRDA:84,9,0,0
BRDA:84,9,1,0
BRDA:90,10,0,0
BRDA:90,10,1,0
BRDA:92,11,0,0
BRDA:92,11,1,0
BRDA:93,12,0,0
BRDA:93,12,1,0
BRDA:102,13,0,0
BRDA:102,13,1,0
BRDA:105,14,0,0
BRDA:105,14,1,0
BRDA:108,15,0,0
BRDA:108,15,1,0
BRDA:124,16,0,0
BRDA:124,16,1,12
BRDA:133,17,0,0
BRDA:133,17,1,6
BRDA:136,18,0,6
BRDA:136,18,1,0
BRDA:139,19,0,0
BRDA:139,19,1,0
BRDA:143,20,0,0
BRDA:143,20,1,0
BRF:42
BRH:3
end_of_record
TN:
SF:src\main\server\skyRepo.js
FNF:0
FNH:0
DA:21,1
DA:22,1
DA:23,1
DA:24,1
DA:25,1
DA:26,1
DA:27,1
DA:28,1
DA:29,1
DA:30,1
DA:31,1
DA:32,1
DA:33,1
LF:13
LH:13
BRF:0
BRH:0
end_of_record
TN:
SF:src\main\server\util.js
FN:24,(anonymous_0)
FN:25,(anonymous_1)
FN:30,(anonymous_2)
FN:34,(anonymous_3)
FN:49,(anonymous_4)
FN:408,(anonymous_5)
FN:452,(anonymous_6)
FN:468,(anonymous_7)
FN:497,(anonymous_8)
FN:535,(anonymous_9)
FN:567,(anonymous_10)
FN:572,(anonymous_11)
FN:582,(anonymous_12)
FN:582,(anonymous_13)
FN:583,(anonymous_14)
FN:590,(anonymous_15)
FN:598,(anonymous_16)
FNF:17
FNH:1
FNDA:0,(anonymous_0)
FNDA:0,(anonymous_1)
FNDA:1,(anonymous_2)
FNDA:0,(anonymous_3)
FNDA:0,(anonymous_4)
FNDA:0,(anonymous_5)
FNDA:0,(anonymous_6)
FNDA:0,(anonymous_7)
FNDA:0,(anonymous_8)
FNDA:0,(anonymous_9)
FNDA:0,(anonymous_10)
FNDA:0,(anonymous_11)
FNDA:0,(anonymous_12)
FNDA:0,(anonymous_13)
FNDA:0,(anonymous_14)
FNDA:0,(anonymous_15)
FNDA:0,(anonymous_16)
DA:21,1
DA:22,1
DA:24,1
DA:25,0
DA:26,0
DA:30,1
DA:31,1
DA:32,1
DA:33,0
DA:34,0
DA:35,0
DA:37,0
DA:39,1
DA:40,1
DA:41,0
DA:43,1
DA:44,1
DA:46,1
DA:47,1
DA:48,0
DA:49,0
DA:50,0
DA:52,0
DA:54,1
DA:55,1
DA:61,1
DA:62,0
DA:63,0
DA:64,0
DA:65,0
DA:66,0
DA:67,0
DA:69,0
DA:70,0
DA:72,0
DA:73,0
DA:74,0
DA:75,0
DA:76,0
DA:77,0
DA:78,0
DA:79,0
DA:80,0
DA:81,0
DA:82,0
DA:83,0
DA:84,0
DA:85,0
DA:90,0
DA:91,0
DA:92,0
DA:93,0
DA:94,0
DA:95,0
DA:96,0
DA:97,0
DA:109,0
DA:110,0
DA:111,0
DA:112,0
DA:113,0
DA:114,0
DA:115,0
DA:116,0
DA:128,0
DA:129,0
DA:131,0
DA:132,0
DA:133,0
DA:134,0
DA:135,0
DA:137,0
DA:138,0
DA:139,0
DA:140,0
DA:141,0
DA:142,0
DA:143,0
DA:145,0
DA:146,0
DA:150,0
DA:151,0
DA:152,0
DA:153,0
DA:154,0
DA:155,0
DA:156,0
DA:157,0
DA:158,0
DA:159,0
DA:160,0
DA:161,0
DA:162,0
DA:163,0
DA:164,0
DA:165,0
DA:166,0
DA:167,0
DA:179,0
DA:180,0
DA:181,0
DA:182,0
DA:183,0
DA:184,0
DA:185,0
DA:186,0
DA:198,0
DA:199,0
DA:200,0
DA:201,0
DA:202,0
DA:203,0
DA:204,0
DA:205,0
DA:210,0
DA:211,0
DA:213,0
DA:214,0
DA:215,0
DA:216,0
DA:217,0
DA:219,0
DA:220,0
DA:221,0
DA:222,0
DA:223,0
DA:224,0
DA:225,0
DA:227,0
DA:228,0
DA:232,0
DA:233,0
DA:234,0
DA:237,1
DA:238,0
DA:239,0
DA:240,0
DA:241,0
DA:242,0
DA:243,0
DA:245,0
DA:246,0
DA:248,0
DA:249,0
DA:250,0
DA:251,0
DA:252,0
DA:253,0
DA:254,0
DA:255,0
DA:256,0
DA:257,0
DA:258,0
DA:259,0
DA:260,0
DA:261,0
DA:262,0
DA:263,0
DA:264,0
DA:265,0
DA:267,0
DA:272,0
DA:273,0
DA:274,0
DA:275,0
DA:276,0
DA:277,0
DA:278,0
DA:279,0
DA:280,0
DA:281,0
DA:282,0
DA:283,0
DA:284,0
DA:286,0
DA:298,0
DA:299,0
DA:301,0
DA:302,0
DA:303,0
DA:304,0
DA:305,0
DA:307,0
DA:308,0
DA:309,0
DA:310,0
DA:311,0
DA:312,0
DA:314,0
DA:315,0
DA:316,0
DA:317,0
DA:319,0
DA:320,0
DA:324,0
DA:325,0
DA:326,0
DA:327,0
DA:328,0
DA:329,0
DA:330,0
DA:331,0
DA:332,0
DA:333,0
DA:334,0
DA:335,0
DA:336,0
DA:337,0
DA:338,0
DA:339,0
DA:340,0
DA:341,0
DA:342,0
DA:343,0
DA:344,0
DA:346,0
DA:358,0
DA:359,0
DA:360,0
DA:361,0
DA:362,0
DA:363,0
DA:364,0
DA:365,0
DA:366,0
DA:367,0
DA:369,0
DA:374,0
DA:375,0
DA:377,0
DA:378,0
DA:379,0
DA:380,0
DA:381,0
DA:383,0
DA:384,0
DA:385,0
DA:386,0
DA:387,0
DA:388,0
DA:390,0
DA:391,0
DA:392,0
DA:393,0
DA:395,0
DA:396,0
DA:400,0
DA:401,0
DA:402,0
DA:405,1
DA:407,1
DA:408,1
DA:409,0
DA:410,0
DA:412,0
DA:413,0
DA:416,0
DA:424,0
DA:425,0
DA:426,0
DA:427,0
DA:428,0
DA:429,0
DA:430,0
DA:431,0
DA:432,0
DA:434,0
DA:435,0
DA:436,0
DA:437,0
DA:438,0
DA:440,0
DA:443,0
DA:445,0
DA:446,0
DA:447,0
DA:450,1
DA:452,1
DA:453,0
DA:454,0
DA:456,0
DA:457,0
DA:458,0
DA:459,0
DA:460,0
DA:461,0
DA:462,0
DA:464,0
DA:466,1
DA:468,1
DA:469,0
DA:470,0
DA:473,0
DA:481,0
DA:482,0
DA:483,0
DA:484,0
DA:485,0
DA:486,0
DA:491,0
DA:492,0
DA:493,0
DA:494,0
DA:495,0
DA:497,0
DA:498,0
DA:499,0
DA:500,0
DA:501,0
DA:504,0
DA:505,0
DA:506,0
DA:507,0
DA:508,0
DA:509,0
DA:510,0
DA:511,0
DA:512,0
DA:513,0
DA:517,0
DA:518,0
DA:519,0
DA:522,0
DA:523,0
DA:526,0
DA:528,0
DA:529,0
DA:530,0
DA:532,0
DA:534,1
DA:535,1
DA:536,0
DA:537,0
DA:540,0
DA:548,0
DA:549,0
DA:550,0
DA:551,0
DA:552,0
DA:553,0
DA:554,0
DA:559,0
DA:560,0
DA:561,0
DA:562,0
DA:563,0
DA:567,0
DA:568,0
DA:571,0
DA:573,0
DA:579,0
DA:581,0
DA:582,0
DA:583,0
DA:585,0
DA:586,0
DA:588,0
DA:589,0
DA:590,0
DA:591,0
DA:598,0
DA:599,0
DA:601,0
DA:603,0
DA:604,0
DA:605,0
DA:607,0
DA:609,1
LF:368
LH:26
BRDA:32,0,0,0
BRDA:32,0,1,1
BRDA:40,1,0,0
BRDA:40,1,1,1
BRDA:47,2,0,0
BRDA:47,2,1,1
BRDA:47,3,0,1
BRDA:47,3,1,0
BRDA:54,4,0,1
BRDA:54,4,1,0
BRDA:61,5,0,0
BRDA:61,5,1,1
BRDA:61,6,0,1
BRDA:61,6,1,0
BRDA:66,7,0,0
BRDA:66,7,1,0
BRDA:69,8,0,0
BRDA:69,8,1,0
BRDA:69,9,0,0
BRDA:69,9,1,0
BRDA:69,9,2,0
BRDA:69,9,3,0
BRDA:73,10,0,0
BRDA:73,10,1,0
BRDA:80,11,0,0
BRDA:80,11,1,0
BRDA:92,12,0,0
BRDA:92,12,1,0
BRDA:111,13,0,0
BRDA:111,13,1,0
BRDA:134,14,0,0
BRDA:134,14,1,0
BRDA:150,15,0,0
BRDA:150,15,1,0
BRDA:154,16,0,0
BRDA:154,16,1,0
BRDA:155,17,0,0
BRDA:155,17,1,0
BRDA:162,18,0,0
BRDA:162,18,1,0
BRDA:181,19,0,0
BRDA:181,19,1,0
BRDA:200,20,0,0
BRDA:200,20,1,0
BRDA:216,21,0,0
BRDA:216,21,1,0
BRDA:232,22,0,0
BRDA:232,22,1,0
BRDA:237,23,0,0
BRDA:237,23,1,1
BRDA:237,24,0,1
BRDA:237,24,1,0
BRDA:242,25,0,0
BRDA:242,25,1,0
BRDA:245,26,0,0
BRDA:245,26,1,0
BRDA:245,27,0,0
BRDA:245,27,1,0
BRDA:245,27,2,0
BRDA:249,28,0,0
BRDA:249,28,1,0
BRDA:258,29,0,0
BRDA:258,29,1,0
BRDA:264,30,0,0
BRDA:264,30,1,0
BRDA:274,31,0,0
BRDA:274,31,1,0
BRDA:280,32,0,0
BRDA:280,32,1,0
BRDA:282,33,0,0
BRDA:282,33,1,0
BRDA:304,34,0,0
BRDA:304,34,1,0
BRDA:311,35,0,0
BRDA:311,35,1,0
BRDA:324,36,0,0
BRDA:324,36,1,0
BRDA:327,37,0,0
BRDA:327,37,1,0
BRDA:328,38,0,0
BRDA:328,38,1,0
BRDA:337,39,0,0
BRDA:337,39,1,0
BRDA:343,40,0,0
BRDA:343,40,1,0
BRDA:360,41,0,0
BRDA:360,41,1,0
BRDA:366,42,0,0
BRDA:366,42,1,0
BRDA:380,43,0,0
BRDA:380,43,1,0
BRDA:387,44,0,0
BRDA:387,44,1,0
BRDA:400,45,0,0
BRDA:400,45,1,0
BRDA:409,46,0,0
BRDA:409,46,1,0
BRDA:412,47,0,0
BRDA:412,47,1,0
BRDA:428,48,0,0
BRDA:428,48,1,0
BRDA:428,48,2,0
BRDA:431,49,0,0
BRDA:431,49,1,0
BRDA:436,50,0,0
BRDA:436,50,1,0
BRDA:437,51,0,0
BRDA:437,51,1,0
BRDA:446,52,0,0
BRDA:446,52,1,0
BRDA:453,53,0,0
BRDA:453,53,1,0
BRDA:469,54,0,0
BRDA:469,54,1,0
BRDA:491,55,0,0
BRDA:491,55,1,0
BRDA:491,55,2,0
BRDA:494,56,0,0
BRDA:494,56,1,0
BRDA:500,57,0,0
BRDA:500,57,1,0
BRDA:507,58,0,0
BRDA:507,58,1,0
BRDA:507,59,0,0
BRDA:507,59,1,0
BRDA:510,60,0,0
BRDA:510,60,1,0
BRDA:510,61,0,0
BRDA:510,61,1,0
BRDA:510,61,2,0
BRDA:522,62,0,0
BRDA:522,62,1,0
BRDA:529,63,0,0
BRDA:529,63,1,0
BRDA:536,64,0,0
BRDA:536,64,1,0
BRDA:559,65,0,0
BRDA:559,65,1,0
BRDA:559,65,2,0
BRDA:562,66,0,0
BRDA:562,66,1,0
BRDA:589,67,0,0
BRDA:589,67,1,0
BRDA:604,68,0,0
BRDA:604,68,1,0
BRF:145
BRH:9
end_of_record
TN:
SF:src\main\server\websocket.js
FN:23,(anonymous_0)
FN:26,(anonymous_1)
FN:28,(anonymous_2)
FN:37,(anonymous_3)
FN:39,(anonymous_4)
FNF:5
FNH:2
FNDA:0,(anonymous_0)
FNDA:0,(anonymous_1)
FNDA:0,(anonymous_2)
FNDA:192,(anonymous_3)
FNDA:290,(anonymous_4)
DA:21,1
DA:22,1
DA:23,1
DA:24,0
DA:25,0
DA:26,0
DA:27,0
DA:28,0
DA:29,0
DA:30,0
DA:32,0
DA:33,0
DA:37,1
DA:38,192
DA:39,290
DA:41,111
DA:42,192
DA:43,0
DA:44,0
DA:46,0
LF:20
LH:8
BRDA:25,0,0,0
BRDA:25,0,1,0
BRDA:30,1,0,0
BRDA:30,1,1,0
BRDA:38,2,0,81
BRDA:38,2,1,111
BRDA:39,3,0,0
BRDA:39,3,1,290
BRDA:41,4,0,1
BRDA:41,4,1,110
BRF:10
BRH:5
end_of_record
TN:
SF:src\main\server\cartridge\adapter\asn.js
FN:20,cassFrameworkAsAsn
FN:68,(anonymous_1)
FN:202,importFrameworkToCass
FN:327,asnFrameworkToCass
FN:389,importConceptPromise
FN:539,importJsonLdGraph
FN:557,(anonymous_6)
FN:557,(anonymous_7)
FN:561,(anonymous_8)
FN:561,(anonymous_9)
FN:571,asnEndpoint
FNF:11
FNH:2
FNDA:1,cassFrameworkAsAsn
FNDA:0,(anonymous_1)
FNDA:0,importFrameworkToCass
FNDA:0,asnFrameworkToCass
FNDA:0,importConceptPromise
FNDA:0,importJsonLdGraph
FNDA:0,(anonymous_6)
FNDA:0,(anonymous_7)
FNDA:0,(anonymous_8)
FNDA:0,(anonymous_9)
FNDA:1,asnEndpoint
DA:1,1
DA:2,1
DA:3,1
DA:5,1
DA:21,1
DA:22,1
DA:23,1
DA:24,1
DA:25,1
DA:26,1
DA:27,1
DA:28,1
DA:29,1
DA:30,1
DA:31,0
DA:32,0
DA:33,0
DA:34,0
DA:35,0
DA:37,0
DA:38,0
DA:39,0
DA:41,0
DA:42,0
DA:43,0
DA:44,0
DA:45,0
DA:46,0
DA:48,0
DA:49,0
DA:52,0
DA:53,0
DA:56,0
DA:57,0
DA:59,0
DA:60,0
DA:61,0
DA:62,0
DA:64,0
DA:65,0
DA:66,0
DA:68,0
DA:71,0
DA:72,0
DA:73,0
DA:74,0
DA:75,0
DA:76,0
DA:77,0
DA:78,0
DA:79,0
DA:80,0
DA:83,0
DA:84,0
DA:86,0
DA:87,0
DA:88,0
DA:89,0
DA:90,0
DA:92,0
DA:94,0
DA:95,0
DA:96,0
DA:97,0
DA:98,0
DA:99,0
DA:101,0
DA:103,0
DA:104,0
DA:105,0
DA:106,0
DA:107,0
DA:108,0
DA:110,0
DA:112,0
DA:113,0
DA:114,0
DA:115,0
DA:116,0
DA:117,0
DA:118,0
DA:119,0
DA:120,0
DA:121,0
DA:122,0
DA:124,0
DA:126,0
DA:127,0
DA:128,0
DA:130,0
DA:132,0
DA:133,0
DA:134,0
DA:135,0
DA:136,0
DA:137,0
DA:138,0
DA:139,0
DA:141,0
DA:142,0
DA:143,0
DA:144,0
DA:145,0
DA:146,0
DA:147,0
DA:149,0
DA:151,0
DA:152,0
DA:153,0
DA:154,0
DA:155,0
DA:156,0
DA:157,0
DA:158,0
DA:160,0
DA:163,0
DA:165,0
DA:166,0
DA:167,0
DA:168,0
DA:169,0
DA:170,0
DA:171,0
DA:172,0
DA:173,0
DA:174,0
DA:175,0
DA:177,0
DA:178,0
DA:181,0
DA:182,0
DA:185,0
DA:186,0
DA:187,0
DA:188,0
DA:189,0
DA:190,0
DA:192,0
DA:193,0
DA:196,0
DA:197,0
DA:198,0
DA:199,0
DA:203,0
DA:204,0
DA:205,0
DA:206,0
DA:208,0
DA:209,0
DA:210,0
DA:211,0
DA:212,0
DA:213,0
DA:215,0
DA:216,0
DA:217,0
DA:218,0
DA:220,0
DA:221,0
DA:222,0
DA:224,0
DA:225,0
DA:227,0
DA:228,0
DA:229,0
DA:231,0
DA:233,0
DA:235,0
DA:236,0
DA:237,0
DA:238,0
DA:239,0
DA:240,0
DA:241,0
DA:242,0
DA:243,0
DA:245,0
DA:246,0
DA:247,0
DA:248,0
DA:253,0
DA:254,0
DA:256,0
DA:258,0
DA:260,0
DA:262,0
DA:264,0
DA:265,0
DA:266,0
DA:267,0
DA:268,0
DA:269,0
DA:276,0
DA:277,0
DA:278,0
DA:279,0
DA:280,0
DA:282,0
DA:283,0
DA:284,0
DA:285,0
DA:287,0
DA:288,0
DA:289,0
DA:290,0
DA:296,0
DA:297,0
DA:298,0
DA:300,0
DA:302,0
DA:304,0
DA:306,0
DA:308,0
DA:309,0
DA:311,0
DA:312,0
DA:313,0
DA:314,0
DA:315,0
DA:316,0
DA:323,0
DA:331,0
DA:333,0
DA:334,0
DA:335,0
DA:336,0
DA:337,0
DA:338,0
DA:340,0
DA:343,0
DA:346,0
DA:347,0
DA:349,0
DA:350,0
DA:353,0
DA:354,0
DA:356,0
DA:357,0
DA:359,0
DA:360,0
DA:362,0
DA:363,0
DA:364,0
DA:365,0
DA:369,0
DA:370,0
DA:372,0
DA:375,0
DA:385,1
DA:386,1
DA:390,0
DA:393,0
DA:394,0
DA:395,0
DA:397,0
DA:398,0
DA:399,0
DA:400,0
DA:401,0
DA:405,0
DA:406,0
DA:409,0
DA:411,0
DA:412,0
DA:413,0
DA:416,0
DA:418,0
DA:419,0
DA:421,0
DA:423,0
DA:424,0
DA:426,0
DA:427,0
DA:428,0
DA:429,0
DA:430,0
DA:432,0
DA:433,0
DA:434,0
DA:435,0
DA:436,0
DA:437,0
DA:439,0
DA:440,0
DA:441,0
DA:444,0
DA:448,0
DA:449,0
DA:452,0
DA:455,0
DA:456,0
DA:459,0
DA:461,0
DA:462,0
DA:465,0
DA:467,0
DA:469,0
DA:470,0
DA:472,0
DA:473,0
DA:474,0
DA:475,0
DA:476,0
DA:478,0
DA:479,0
DA:480,0
DA:481,0
DA:482,0
DA:484,0
DA:485,0
DA:487,0
DA:488,0
DA:490,0
DA:491,0
DA:493,0
DA:494,0
DA:496,0
DA:497,0
DA:499,0
DA:500,0
DA:502,0
DA:503,0
DA:506,0
DA:509,0
DA:510,0
DA:513,0
DA:515,0
DA:516,0
DA:519,0
DA:521,0
DA:523,0
DA:524,0
DA:526,0
DA:527,0
DA:530,0
DA:531,0
DA:534,0
DA:535,0
DA:540,0
DA:541,0
DA:543,0
DA:544,0
DA:545,0
DA:546,0
DA:548,0
DA:549,0
DA:551,0
DA:552,0
DA:553,0
DA:555,0
DA:556,0
DA:557,0
DA:558,0
DA:561,0
DA:562,0
DA:564,0
DA:565,0
DA:567,0
DA:572,1
DA:573,1
DA:574,0
DA:575,0
DA:576,0
DA:577,0
DA:578,0
DA:582,1
DA:583,1
LF:367
LH:20
BRDA:25,0,0,1
BRDA:25,0,1,0
BRDA:27,1,0,1
BRDA:27,1,1,0
BRDA:27,2,0,1
BRDA:27,2,1,0
BRDA:29,3,0,1
BRDA:29,3,1,0
BRDA:31,4,0,0
BRDA:31,4,1,0
BRDA:34,5,0,0
BRDA:34,5,1,0
BRDA:41,6,0,0
BRDA:41,6,1,0
BRDA:44,7,0,0
BRDA:44,7,1,0
BRDA:48,8,0,0
BRDA:48,8,1,0
BRDA:56,9,0,0
BRDA:56,9,1,0
BRDA:61,10,0,0
BRDA:61,10,1,0
BRDA:61,11,0,0
BRDA:61,11,1,0
BRDA:62,12,0,0
BRDA:62,12,1,0
BRDA:62,13,0,0
BRDA:62,13,1,0
BRDA:74,14,0,0
BRDA:74,14,1,0
BRDA:77,15,0,0
BRDA:77,15,1,0
BRDA:79,16,0,0
BRDA:79,16,1,0
BRDA:83,17,0,0
BRDA:83,17,1,0
BRDA:86,18,0,0
BRDA:86,18,1,0
BRDA:88,19,0,0
BRDA:88,19,1,0
BRDA:88,20,0,0
BRDA:88,20,1,0
BRDA:89,21,0,0
BRDA:89,21,1,0
BRDA:92,22,0,0
BRDA:92,22,1,0
BRDA:92,23,0,0
BRDA:92,23,1,0
BRDA:94,24,0,0
BRDA:94,24,1,0
BRDA:95,25,0,0
BRDA:95,25,1,0
BRDA:97,26,0,0
BRDA:97,26,1,0
BRDA:98,27,0,0
BRDA:98,27,1,0
BRDA:103,28,0,0
BRDA:103,28,1,0
BRDA:104,29,0,0
BRDA:104,29,1,0
BRDA:106,30,0,0
BRDA:106,30,1,0
BRDA:107,31,0,0
BRDA:107,31,1,0
BRDA:112,32,0,0
BRDA:112,32,1,0
BRDA:114,33,0,0
BRDA:114,33,1,0
BRDA:115,34,0,0
BRDA:115,34,1,0
BRDA:117,35,0,0
BRDA:117,35,1,0
BRDA:118,36,0,0
BRDA:118,36,1,0
BRDA:120,37,0,0
BRDA:120,37,1,0
BRDA:121,38,0,0
BRDA:121,38,1,0
BRDA:126,39,0,0
BRDA:126,39,1,0
BRDA:127,40,0,0
BRDA:127,40,1,0
BRDA:132,41,0,0
BRDA:132,41,1,0
BRDA:134,42,0,0
BRDA:134,42,1,0
BRDA:135,43,0,0
BRDA:135,43,1,0
BRDA:137,44,0,0
BRDA:137,44,1,0
BRDA:138,45,0,0
BRDA:138,45,1,0
BRDA:142,46,0,0
BRDA:142,46,1,0
BRDA:143,47,0,0
BRDA:143,47,1,0
BRDA:145,48,0,0
BRDA:145,48,1,0
BRDA:146,49,0,0
BRDA:146,49,1,0
BRDA:151,50,0,0
BRDA:151,50,1,0
BRDA:153,51,0,0
BRDA:153,51,1,0
BRDA:154,52,0,0
BRDA:154,52,1,0
BRDA:156,53,0,0
BRDA:156,53,1,0
BRDA:157,54,0,0
BRDA:157,54,1,0
BRDA:168,55,0,0
BRDA:168,55,1,0
BRDA:170,56,0,0
BRDA:170,56,1,0
BRDA:173,57,0,0
BRDA:173,57,1,0
BRDA:177,58,0,0
BRDA:177,58,1,0
BRDA:188,59,0,0
BRDA:188,59,1,0
BRDA:192,60,0,0
BRDA:192,60,1,0
BRDA:236,61,0,0
BRDA:236,61,1,0
BRDA:245,62,0,0
BRDA:245,62,1,0
BRDA:276,63,0,0
BRDA:276,63,1,0
BRDA:276,64,0,0
BRDA:276,64,1,0
BRDA:278,65,0,0
BRDA:278,65,1,0
BRDA:287,66,0,0
BRDA:287,66,1,0
BRDA:296,67,0,0
BRDA:296,67,1,0
BRDA:333,68,0,0
BRDA:333,68,1,0
BRDA:333,69,0,0
BRDA:333,69,1,0
BRDA:335,70,0,0
BRDA:335,70,1,0
BRDA:337,71,0,0
BRDA:337,71,1,0
BRDA:337,72,0,0
BRDA:337,72,1,0
BRDA:356,73,0,0
BRDA:356,73,1,0
BRDA:356,74,0,0
BRDA:356,74,1,0
BRDA:362,75,0,0
BRDA:362,75,1,0
BRDA:364,76,0,0
BRDA:364,76,1,0
BRDA:369,77,0,0
BRDA:369,77,1,0
BRDA:369,78,0,0
BRDA:369,78,1,0
BRDA:385,79,0,1
BRDA:385,79,1,0
BRDA:393,80,0,0
BRDA:393,80,1,0
BRDA:395,81,0,0
BRDA:395,81,1,0
BRDA:395,82,0,0
BRDA:395,82,1,0
BRDA:395,82,2,0
BRDA:395,82,3,0
BRDA:399,83,0,0
BRDA:399,83,1,0
BRDA:405,84,0,0
BRDA:405,84,1,0
BRDA:411,85,0,0
BRDA:411,85,1,0
BRDA:411,86,0,0
BRDA:411,86,1,0
BRDA:418,87,0,0
BRDA:418,87,1,0
BRDA:426,88,0,0
BRDA:426,88,1,0
BRDA:426,89,0,0
BRDA:426,89,1,0
BRDA:429,90,0,0
BRDA:429,90,1,0
BRDA:436,91,0,0
BRDA:436,91,1,0
BRDA:439,92,0,0
BRDA:439,92,1,0
BRDA:439,93,0,0
BRDA:439,93,1,0
BRDA:440,94,0,0
BRDA:440,94,1,0
BRDA:440,95,0,0
BRDA:440,95,1,0
BRDA:448,96,0,0
BRDA:448,96,1,0
BRDA:448,97,0,0
BRDA:448,97,1,0
BRDA:452,98,0,0
BRDA:452,98,1,0
BRDA:452,99,0,0
BRDA:452,99,1,0
BRDA:455,100,0,0
BRDA:455,100,1,0
BRDA:461,101,0,0
BRDA:461,101,1,0
BRDA:472,102,0,0
BRDA:472,102,1,0
BRDA:472,103,0,0
BRDA:472,103,1,0
BRDA:475,104,0,0
BRDA:475,104,1,0
BRDA:481,105,0,0
BRDA:481,105,1,0
BRDA:484,106,0,0
BRDA:484,106,1,0
BRDA:484,107,0,0
BRDA:484,107,1,0
BRDA:487,108,0,0
BRDA:487,108,1,0
BRDA:487,109,0,0
BRDA:487,109,1,0
BRDA:490,110,0,0
BRDA:490,110,1,0
BRDA:490,111,0,0
BRDA:490,111,1,0
BRDA:493,112,0,0
BRDA:493,112,1,0
BRDA:493,113,0,0
BRDA:493,113,1,0
BRDA:496,114,0,0
BRDA:496,114,1,0
BRDA:496,115,0,0
BRDA:496,115,1,0
BRDA:499,116,0,0
BRDA:499,116,1,0
BRDA:499,117,0,0
BRDA:499,117,1,0
BRDA:502,118,0,0
BRDA:502,118,1,0
BRDA:502,119,0,0
BRDA:502,119,1,0
BRDA:506,120,0,0
BRDA:506,120,1,0
BRDA:506,121,0,0
BRDA:506,121,1,0
BRDA:509,122,0,0
BRDA:509,122,1,0
BRDA:515,123,0,0
BRDA:515,123,1,0
BRDA:551,124,0,0
BRDA:551,124,1,0
BRDA:551,125,0,0
BRDA:551,125,1,0
BRDA:564,126,0,0
BRDA:564,126,1,0
BRDA:564,127,0,0
BRDA:564,127,1,0
BRDA:564,127,2,0
BRDA:572,128,0,1
BRDA:572,128,1,0
BRDA:574,129,0,0
BRDA:574,129,1,0
BRDA:574,130,0,0
BRDA:574,130,1,0
BRDA:576,131,0,0
BRDA:576,131,1,0
BRDA:582,132,0,1
BRDA:582,132,1,0
BRF:269
BRH:7
end_of_record
TN:
SF:src\main\server\cartridge\adapter\caseAdapter.js
FN:5,(anonymous_0)
FN:34,(anonymous_1)
FN:47,(anonymous_2)
FN:62,(anonymous_3)
FN:67,(anonymous_4)
FN:90,(anonymous_5)
FN:107,(anonymous_6)
FN:129,(anonymous_7)
FN:144,(anonymous_8)
FN:148,(anonymous_9)
FN:162,(anonymous_10)
FN:213,(anonymous_11)
FN:224,(anonymous_12)
FN:235,(anonymous_13)
FN:246,(anonymous_14)
FN:311,(anonymous_15)
FN:377,(anonymous_16)
FN:388,(anonymous_17)
FN:400,(anonymous_18)
FN:415,(anonymous_19)
FN:455,(anonymous_20)
FN:466,(anonymous_21)
FNF:22
FNH:2
FNDA:0,(anonymous_0)
FNDA:1,(anonymous_1)
FNDA:0,(anonymous_2)
FNDA:0,(anonymous_3)
FNDA:0,(anonymous_4)
FNDA:0,(anonymous_5)
FNDA:0,(anonymous_6)
FNDA:0,(anonymous_7)
FNDA:0,(anonymous_8)
FNDA:0,(anonymous_9)
FNDA:0,(anonymous_10)
FNDA:0,(anonymous_11)
FNDA:0,(anonymous_12)
FNDA:0,(anonymous_13)
FNDA:0,(anonymous_14)
FNDA:0,(anonymous_15)
FNDA:0,(anonymous_16)
FNDA:0,(anonymous_17)
FNDA:1,(anonymous_18)
FNDA:0,(anonymous_19)
FNDA:0,(anonymous_20)
FNDA:0,(anonymous_21)
DA:1,1
DA:2,1
DA:3,1
DA:5,1
DA:6,0
DA:19,0
DA:34,1
DA:35,1
DA:36,1
DA:37,1
DA:38,1
DA:39,1
DA:40,1
DA:41,1
DA:42,0
DA:43,1
DA:44,1
DA:45,0
DA:46,0
DA:47,0
DA:48,0
DA:50,0
DA:51,0
DA:52,0
DA:56,0
DA:57,0
DA:58,0
DA:59,0
DA:60,0
DA:62,1
DA:63,0
DA:64,0
DA:65,0
DA:67,1
DA:68,0
DA:69,0
DA:70,0
DA:71,0
DA:72,0
DA:73,0
DA:74,0
DA:75,0
DA:76,0
DA:78,0
DA:79,0
DA:80,0
DA:81,0
DA:82,0
DA:83,0
DA:84,0
DA:85,0
DA:86,0
DA:87,0
DA:88,0
DA:89,0
DA:90,0
DA:91,0
DA:93,0
DA:94,0
DA:95,0
DA:98,0
DA:99,0
DA:101,0
DA:102,0
DA:104,0
DA:105,0
DA:107,1
DA:108,0
DA:109,0
DA:110,0
DA:111,0
DA:112,0
DA:114,0
DA:115,0
DA:116,0
DA:117,0
DA:118,0
DA:119,0
DA:120,0
DA:121,0
DA:122,0
DA:123,0
DA:124,0
DA:125,0
DA:127,0
DA:129,1
DA:130,0
DA:131,0
DA:132,0
DA:133,0
DA:134,0
DA:135,0
DA:137,0
DA:138,0
DA:139,0
DA:143,0
DA:144,0
DA:145,0
DA:146,0
DA:148,0
DA:149,0
DA:151,0
DA:162,1
DA:163,0
DA:164,0
DA:165,0
DA:166,0
DA:167,0
DA:168,0
DA:169,0
DA:170,0
DA:171,0
DA:172,0
DA:173,0
DA:175,0
DA:177,0
DA:178,0
DA:179,0
DA:180,0
DA:181,0
DA:182,0
DA:183,0
DA:184,0
DA:185,0
DA:186,0
DA:187,0
DA:189,0
DA:190,0
DA:193,0
DA:194,0
DA:195,0
DA:196,0
DA:197,0
DA:198,0
DA:203,0
DA:213,1
DA:214,0
DA:224,1
DA:225,0
DA:235,1
DA:236,0
DA:246,1
DA:247,0
DA:248,0
DA:249,0
DA:250,0
DA:251,0
DA:252,0
DA:253,0
DA:254,0
DA:255,0
DA:256,0
DA:257,0
DA:258,0
DA:259,0
DA:261,0
DA:263,0
DA:264,0
DA:265,0
DA:266,0
DA:268,0
DA:269,0
DA:272,0
DA:273,0
DA:274,0
DA:275,0
DA:276,0
DA:277,0
DA:278,0
DA:279,0
DA:280,0
DA:281,0
DA:282,0
DA:283,0
DA:285,0
DA:286,0
DA:287,0
DA:288,0
DA:289,0
DA:290,0
DA:291,0
DA:292,0
DA:293,0
DA:296,0
DA:297,0
DA:298,0
DA:299,0
DA:300,0
DA:301,0
DA:311,1
DA:312,0
DA:313,0
DA:314,0
DA:315,0
DA:316,0
DA:317,0
DA:318,0
DA:319,0
DA:320,0
DA:321,0
DA:323,0
DA:324,0
DA:327,0
DA:328,0
DA:329,0
DA:330,0
DA:331,0
DA:332,0
DA:333,0
DA:334,0
DA:335,0
DA:338,0
DA:339,0
DA:340,0
DA:341,0
DA:342,0
DA:343,0
DA:344,0
DA:345,0
DA:346,0
DA:347,0
DA:348,0
DA:349,0
DA:350,0
DA:351,0
DA:352,0
DA:353,0
DA:354,0
DA:355,0
DA:356,0
DA:357,0
DA:358,0
DA:359,0
DA:360,0
DA:361,0
DA:362,0
DA:363,0
DA:364,0
DA:365,0
DA:366,0
DA:367,0
DA:377,1
DA:378,0
DA:388,1
DA:389,0
DA:400,1
DA:401,1
DA:402,1
DA:403,1
DA:405,1
DA:406,1
DA:407,1
DA:408,0
DA:409,0
DA:410,0
DA:412,0
DA:413,0
DA:415,0
DA:416,0
DA:418,0
DA:419,0
DA:420,0
DA:421,0
DA:422,0
DA:423,0
DA:424,0
DA:425,0
DA:426,0
DA:427,0
DA:428,0
DA:429,0
DA:432,0
DA:433,0
DA:434,0
DA:435,0
DA:436,0
DA:437,0
DA:438,0
DA:439,0
DA:440,0
DA:443,0
DA:444,0
DA:445,0
DA:455,1
DA:456,0
DA:466,1
DA:467,0
DA:470,1
DA:471,1
DA:472,1
DA:473,1
DA:474,1
DA:475,1
DA:476,1
DA:477,1
DA:478,1
DA:479,1
DA:480,1
DA:481,1
LF:299
LH:47
BRDA:36,0,0,1
BRDA:36,0,1,0
BRDA:36,1,0,1
BRDA:36,1,1,0
BRDA:36,1,2,0
BRDA:37,2,0,1
BRDA:37,2,1,0
BRDA:39,3,0,1
BRDA:39,3,1,0
BRDA:39,4,0,1
BRDA:39,4,1,0
BRDA:39,4,2,0
BRDA:41,5,0,0
BRDA:41,5,1,1
BRDA:41,6,0,1
BRDA:41,6,1,1
BRDA:43,7,0,1
BRDA:43,7,1,0
BRDA:45,8,0,0
BRDA:45,8,1,0
BRDA:50,9,0,0
BRDA:50,9,1,0
BRDA:56,10,0,0
BRDA:56,10,1,0
BRDA:63,11,0,0
BRDA:63,11,1,0
BRDA:69,12,0,0
BRDA:69,12,1,0
BRDA:74,13,0,0
BRDA:74,13,1,0
BRDA:78,14,0,0
BRDA:78,14,1,0
BRDA:78,15,0,0
BRDA:78,15,1,0
BRDA:80,16,0,0
BRDA:80,16,1,0
BRDA:82,17,0,0
BRDA:82,17,1,0
BRDA:82,18,0,0
BRDA:82,18,1,0
BRDA:82,18,2,0
BRDA:84,19,0,0
BRDA:84,19,1,0
BRDA:84,20,0,0
BRDA:84,20,1,0
BRDA:86,21,0,0
BRDA:86,21,1,0
BRDA:86,22,0,0
BRDA:86,22,1,0
BRDA:88,23,0,0
BRDA:88,23,1,0
BRDA:93,24,0,0
BRDA:93,24,1,0
BRDA:93,25,0,0
BRDA:93,25,1,0
BRDA:98,26,0,0
BRDA:98,26,1,0
BRDA:110,27,0,0
BRDA:110,27,1,0
BRDA:114,28,0,0
BRDA:114,28,1,0
BRDA:114,29,0,0
BRDA:114,29,1,0
BRDA:116,30,0,0
BRDA:116,30,1,0
BRDA:118,31,0,0
BRDA:118,31,1,0
BRDA:118,32,0,0
BRDA:118,32,1,0
BRDA:120,33,0,0
BRDA:120,33,1,0
BRDA:120,34,0,0
BRDA:120,34,1,0
BRDA:122,35,0,0
BRDA:122,35,1,0
BRDA:132,36,0,0
BRDA:132,36,1,0
BRDA:134,37,0,0
BRDA:134,37,1,0
BRDA:137,38,0,0
BRDA:137,38,1,0
BRDA:164,39,0,0
BRDA:164,39,1,0
BRDA:168,40,0,0
BRDA:168,40,1,0
BRDA:172,41,0,0
BRDA:172,41,1,0
BRDA:178,42,0,0
BRDA:178,42,1,0
BRDA:180,43,0,0
BRDA:180,43,1,0
BRDA:182,44,0,0
BRDA:182,44,1,0
BRDA:185,45,0,0
BRDA:185,45,1,0
BRDA:189,46,0,0
BRDA:189,46,1,0
BRDA:189,47,0,0
BRDA:189,47,1,0
BRDA:196,48,0,0
BRDA:196,48,1,0
BRDA:196,49,0,0
BRDA:196,49,1,0
BRDA:252,50,0,0
BRDA:252,50,1,0
BRDA:254,51,0,0
BRDA:254,51,1,0
BRDA:256,52,0,0
BRDA:256,52,1,0
BRDA:264,53,0,0
BRDA:264,53,1,0
BRDA:268,54,0,0
BRDA:268,54,1,0
BRDA:268,55,0,0
BRDA:268,55,1,0
BRDA:274,56,0,0
BRDA:274,56,1,0
BRDA:274,57,0,0
BRDA:274,57,1,0
BRDA:275,58,0,0
BRDA:275,58,1,0
BRDA:278,59,0,0
BRDA:278,59,1,0
BRDA:281,60,0,0
BRDA:281,60,1,0
BRDA:287,61,0,0
BRDA:287,61,1,0
BRDA:289,62,0,0
BRDA:289,62,1,0
BRDA:319,63,0,0
BRDA:319,63,1,0
BRDA:323,64,0,0
BRDA:323,64,1,0
BRDA:323,65,0,0
BRDA:323,65,1,0
BRDA:329,66,0,0
BRDA:329,66,1,0
BRDA:331,67,0,0
BRDA:331,67,1,0
BRDA:342,68,0,0
BRDA:342,68,1,0
BRDA:343,69,0,0
BRDA:343,69,1,0
BRDA:344,70,0,0
BRDA:344,70,1,0
BRDA:348,71,0,0
BRDA:348,71,1,0
BRDA:349,72,0,0
BRDA:349,72,1,0
BRDA:401,73,0,1
BRDA:401,73,1,0
BRDA:409,74,0,0
BRDA:409,74,1,0
BRDA:412,75,0,0
BRDA:412,75,1,0
BRDA:422,76,0,0
BRDA:422,76,1,0
BRDA:425,77,0,0
BRDA:425,77,1,0
BRDA:427,78,0,0
BRDA:427,78,1,0
BRDA:433,79,0,0
BRDA:433,79,1,0
BRDA:436,80,0,0
BRDA:436,80,1,0
BRDA:438,81,0,0
BRDA:438,81,1,0
BRDA:470,82,0,1
BRDA:470,82,1,0
BRF:169
BRH:11
end_of_record
TN:
SF:src\main\server\cartridge\adapter\caseIngest.js
FN:5,(anonymous_0)
FN:8,(anonymous_1)
FN:11,(anonymous_2)
FN:14,(anonymous_3)
FN:17,(anonymous_4)
FN:20,(anonymous_5)
FN:23,(anonymous_6)
FN:26,(anonymous_7)
FN:29,(anonymous_8)
FN:32,(anonymous_9)
FN:35,(anonymous_10)
FN:38,(anonymous_11)
FN:43,(anonymous_12)
FN:57,(anonymous_13)
FN:70,(anonymous_14)
FN:79,(anonymous_15)
FN:107,(anonymous_16)
FN:129,(anonymous_17)
FN:158,(anonymous_18)
FN:181,(anonymous_19)
FN:198,(anonymous_20)
FN:234,(anonymous_21)
FN:234,(anonymous_22)
FN:241,(anonymous_23)
FNF:24
FNH:9
FNDA:0,(anonymous_0)
FNDA:1,(anonymous_1)
FNDA:1,(anonymous_2)
FNDA:0,(anonymous_3)
FNDA:0,(anonymous_4)
FNDA:0,(anonymous_5)
FNDA:0,(anonymous_6)
FNDA:0,(anonymous_7)
FNDA:0,(anonymous_8)
FNDA:0,(anonymous_9)
FNDA:0,(anonymous_10)
FNDA:0,(anonymous_11)
FNDA:75,(anonymous_12)
FNDA:0,(anonymous_13)
FNDA:0,(anonymous_14)
FNDA:1,(anonymous_15)
FNDA:75,(anonymous_16)
FNDA:75,(anonymous_17)
FNDA:1,(anonymous_18)
FNDA:0,(anonymous_19)
FNDA:1,(anonymous_20)
FNDA:1,(anonymous_21)
FNDA:0,(anonymous_22)
FNDA:0,(anonymous_23)
DA:1,1
DA:2,1
DA:4,1
DA:6,0
DA:9,1
DA:12,1
DA:15,0
DA:18,0
DA:21,0
DA:24,0
DA:27,0
DA:30,0
DA:33,0
DA:36,0
DA:39,0
DA:43,1
DA:44,75
DA:45,0
DA:46,75
DA:47,75
DA:48,675
DA:49,675
DA:50,225
DA:51,225
DA:54,75
DA:57,1
DA:58,0
DA:59,0
DA:61,0
DA:62,0
DA:64,0
DA:66,0
DA:70,1
DA:71,0
DA:72,0
DA:73,0
DA:75,0
DA:79,1
DA:80,1
DA:81,1
DA:82,1
DA:83,0
DA:84,0
DA:85,0
DA:86,0
DA:88,1
DA:89,1
DA:90,1
DA:91,13
DA:92,9
DA:93,9
DA:96,1
DA:97,1
DA:99,0
DA:101,1
DA:102,0
DA:104,1
DA:107,1
DA:108,75
DA:109,75
DA:110,75
DA:111,75
DA:112,75
DA:113,75
DA:114,675
DA:115,450
DA:116,450
DA:119,75
DA:123,75
DA:124,75
DA:125,75
DA:126,75
DA:129,1
DA:130,75
DA:131,75
DA:132,75
DA:133,75
DA:134,0
DA:135,0
DA:136,0
DA:143,75
DA:144,807
DA:145,582
DA:146,582
DA:149,75
DA:150,75
DA:151,75
DA:152,0
DA:154,75
DA:158,1
DA:159,1
DA:160,1
DA:161,1
DA:162,1
DA:163,1
DA:165,75
DA:166,75
DA:167,75
DA:169,1
DA:170,1
DA:171,1
DA:173,75
DA:174,75
DA:175,75
DA:177,1
DA:178,1
DA:181,1
DA:182,0
DA:183,0
DA:184,0
DA:185,0
DA:186,0
DA:187,0
DA:188,0
DA:189,0
DA:190,0
DA:191,0
DA:192,0
DA:193,0
DA:194,0
DA:197,1
DA:198,1
DA:199,1
DA:200,0
DA:202,1
DA:203,1
DA:204,1
DA:206,1
DA:207,1
DA:208,1
DA:209,1
DA:211,1
DA:212,1
DA:213,0
DA:214,1
DA:215,0
DA:216,1
DA:217,1
DA:218,1
DA:219,1
DA:223,0
DA:225,1
DA:226,1
DA:227,1
DA:228,1
DA:229,1
DA:230,151
DA:231,151
DA:232,0
DA:234,1
DA:235,0
DA:238,1
DA:241,1
DA:242,0
DA:243,0
DA:244,0
DA:245,0
DA:248,1
DA:249,1
DA:250,1
LF:160
LH:106
BRDA:44,0,0,0
BRDA:44,0,1,75
BRDA:44,1,0,75
BRDA:44,1,1,75
BRDA:49,2,0,225
BRDA:49,2,1,450
BRDA:58,3,0,0
BRDA:58,3,1,0
BRDA:58,4,0,0
BRDA:58,4,1,0
BRDA:61,5,0,0
BRDA:61,5,1,0
BRDA:72,6,0,0
BRDA:72,6,1,0
BRDA:82,7,0,0
BRDA:82,7,1,1
BRDA:91,8,0,9
BRDA:91,8,1,4
BRDA:97,9,0,0
BRDA:97,9,1,1
BRDA:97,10,0,1
BRDA:97,10,1,1
BRDA:97,10,2,0
BRDA:97,10,3,0
BRDA:101,11,0,0
BRDA:101,11,1,1
BRDA:101,12,0,1
BRDA:101,12,1,0
BRDA:114,13,0,450
BRDA:114,13,1,225
BRDA:133,14,0,0
BRDA:133,14,1,75
BRDA:135,15,0,0
BRDA:135,15,1,0
BRDA:144,16,0,582
BRDA:144,16,1,225
BRDA:151,17,0,0
BRDA:151,17,1,75
BRDA:151,18,0,75
BRDA:151,18,1,0
BRDA:162,19,0,1
BRDA:162,19,1,0
BRDA:170,20,0,1
BRDA:170,20,1,0
BRDA:199,21,0,0
BRDA:199,21,1,1
BRDA:212,22,0,0
BRDA:212,22,1,1
BRDA:214,23,0,0
BRDA:214,23,1,1
BRDA:218,24,0,1
BRDA:218,24,1,0
BRDA:231,25,0,0
BRDA:231,25,1,151
BRDA:248,26,0,1
BRDA:248,26,1,0
BRF:56
BRH:28
end_of_record
TN:
SF:src\main\server\cartridge\adapter\ceasn.js
FN:34,ceasnExportUriTransform
FN:60,competencyPromise
FN:69,(anonymous_2)
FN:171,cassFrameworkAsCeasn
FN:237,(anonymous_4)
FN:387,(anonymous_5)
FN:548,stripNonCe
FN:583,(anonymous_7)
FN:596,orderFields
FN:598,(anonymous_9)
FN:602,(anonymous_10)
FN:608,competencyInCollectionPromise
FN:714,cassFrameworkAsCeasnCollection
FN:736,(anonymous_13)
FN:860,(anonymous_14)
FN:965,conceptArrays
FN:993,(anonymous_16)
FN:1002,conceptPromise
FN:1066,levelPromise
FN:1120,cassConceptSchemeAsCeasn
FN:1130,(anonymous_20)
FN:1140,getSubConcepts
FN:1141,(anonymous_22)
FN:1163,(anonymous_23)
FN:1241,cassConceptSchemeAsCeasnProgression
FN:1251,(anonymous_25)
FN:1284,(anonymous_26)
FN:1364,createEachRelation
FN:1386,createRelations
FN:1395,importCompetencyPromise
FN:1518,importCeFrameworkToCass
FN:1524,(anonymous_31)
FN:1567,(anonymous_32)
FN:1633,importCompetencyToCollectionPromise
FN:1711,importCeCollectionToCass
FN:1717,(anonymous_35)
FN:1760,(anonymous_36)
FN:1819,ceasnFrameworkToCass
FN:1877,ceasnEndpoint
FNF:39
FNH:7
FNDA:0,ceasnExportUriTransform
FNDA:0,competencyPromise
FNDA:0,(anonymous_2)
FNDA:1,cassFrameworkAsCeasn
FNDA:0,(anonymous_4)
FNDA:0,(anonymous_5)
FNDA:0,stripNonCe
FNDA:0,(anonymous_7)
FNDA:0,orderFields
FNDA:0,(anonymous_9)
FNDA:0,(anonymous_10)
FNDA:0,competencyInCollectionPromise
FNDA:0,cassFrameworkAsCeasnCollection
FNDA:0,(anonymous_13)
FNDA:0,(anonymous_14)
FNDA:0,conceptArrays
FNDA:0,(anonymous_16)
FNDA:0,conceptPromise
FNDA:0,levelPromise
FNDA:0,cassConceptSchemeAsCeasn
FNDA:0,(anonymous_20)
FNDA:0,getSubConcepts
FNDA:0,(anonymous_22)
FNDA:0,(anonymous_23)
FNDA:0,cassConceptSchemeAsCeasnProgression
FNDA:0,(anonymous_25)
FNDA:0,(anonymous_26)
FNDA:0,createEachRelation
FNDA:0,createRelations
FNDA:30,importCompetencyPromise
FNDA:1,importCeFrameworkToCass
FNDA:62,(anonymous_31)
FNDA:30,(anonymous_32)
FNDA:0,importCompetencyToCollectionPromise
FNDA:0,importCeCollectionToCass
FNDA:0,(anonymous_35)
FNDA:0,(anonymous_36)
FNDA:1,ceasnFrameworkToCass
FNDA:2,ceasnEndpoint
DA:1,1
DA:2,1
DA:4,1
DA:6,1
DA:28,1
DA:29,1
DA:31,1
DA:35,0
DA:36,0
DA:37,0
DA:38,0
DA:39,0
DA:40,0
DA:41,0
DA:42,0
DA:45,0
DA:46,0
DA:48,0
DA:49,0
DA:50,0
DA:51,0
DA:52,0
DA:54,0
DA:55,0
DA:56,0
DA:57,0
DA:61,0
DA:62,0
DA:63,0
DA:64,0
DA:66,0
DA:67,0
DA:68,0
DA:69,0
DA:70,0
DA:72,0
DA:73,0
DA:74,0
DA:75,0
DA:77,0
DA:78,0
DA:79,0
DA:80,0
DA:82,0
DA:83,0
DA:84,0
DA:85,0
DA:88,0
DA:89,0
DA:90,0
DA:91,0
DA:92,0
DA:94,0
DA:95,0
DA:96,0
DA:102,0
DA:103,0
DA:104,0
DA:107,0
DA:108,0
DA:109,0
DA:111,0
DA:112,0
DA:113,0
DA:114,0
DA:116,0
DA:117,0
DA:121,0
DA:122,0
DA:123,0
DA:125,0
DA:126,0
DA:128,0
DA:129,0
DA:132,0
DA:133,0
DA:135,0
DA:136,0
DA:137,0
DA:139,0
DA:141,0
DA:142,0
DA:143,0
DA:144,0
DA:145,0
DA:147,0
DA:148,0
DA:149,0
DA:151,0
DA:152,0
DA:153,0
DA:156,0
DA:157,0
DA:158,0
DA:162,0
DA:163,0
DA:164,0
DA:166,0
DA:167,0
DA:172,1
DA:173,1
DA:174,1
DA:175,1
DA:176,1
DA:177,1
DA:178,1
DA:179,0
DA:181,1
DA:182,0
DA:184,1
DA:185,0
DA:187,1
DA:188,0
DA:190,1
DA:191,1
DA:192,1
DA:194,1
DA:195,1
DA:196,1
DA:197,1
DA:198,1
DA:199,1
DA:200,0
DA:201,1
DA:202,0
DA:203,0
DA:204,0
DA:206,1
DA:207,1
DA:208,1
DA:210,0
DA:211,0
DA:212,0
DA:213,0
DA:215,0
DA:217,0
DA:218,0
DA:220,0
DA:223,0
DA:224,0
DA:226,0
DA:227,0
DA:228,0
DA:229,0
DA:231,0
DA:232,0
DA:233,0
DA:234,0
DA:235,0
DA:237,0
DA:239,0
DA:240,0
DA:242,0
DA:243,0
DA:244,0
DA:245,0
DA:249,0
DA:250,0
DA:251,0
DA:252,0
DA:253,0
DA:254,0
DA:255,0
DA:256,0
DA:258,0
DA:259,0
DA:260,0
DA:262,0
DA:263,0
DA:264,0
DA:266,0
DA:268,0
DA:269,0
DA:270,0
DA:272,0
DA:273,0
DA:274,0
DA:276,0
DA:278,0
DA:280,0
DA:282,0
DA:283,0
DA:284,0
DA:286,0
DA:287,0
DA:288,0
DA:290,0
DA:292,0
DA:293,0
DA:294,0
DA:296,0
DA:297,0
DA:298,0
DA:300,0
DA:303,0
DA:304,0
DA:305,0
DA:306,0
DA:308,0
DA:309,0
DA:310,0
DA:312,0
DA:313,0
DA:314,0
DA:316,0
DA:318,0
DA:319,0
DA:320,0
DA:322,0
DA:324,0
DA:325,0
DA:326,0
DA:327,0
DA:328,0
DA:330,0
DA:331,0
DA:332,0
DA:334,0
DA:335,0
DA:336,0
DA:338,0
DA:340,0
DA:341,0
DA:342,0
DA:344,0
DA:346,0
DA:347,0
DA:348,0
DA:349,0
DA:350,0
DA:352,0
DA:353,0
DA:354,0
DA:356,0
DA:357,0
DA:358,0
DA:360,0
DA:362,0
DA:363,0
DA:364,0
DA:366,0
DA:368,0
DA:369,0
DA:370,0
DA:371,0
DA:372,0
DA:374,0
DA:375,0
DA:376,0
DA:378,0
DA:382,0
DA:383,0
DA:384,0
DA:385,0
DA:386,0
DA:387,0
DA:388,0
DA:390,0
DA:391,0
DA:392,0
DA:394,0
DA:395,0
DA:396,0
DA:397,0
DA:399,0
DA:402,0
DA:403,0
DA:405,0
DA:406,0
DA:407,0
DA:408,0
DA:409,0
DA:410,0
DA:413,0
DA:414,0
DA:415,0
DA:417,0
DA:418,0
DA:419,0
DA:420,0
DA:421,0
DA:422,0
DA:423,0
DA:425,0
DA:426,0
DA:432,0
DA:433,0
DA:434,0
DA:435,0
DA:436,0
DA:438,0
DA:439,0
DA:440,0
DA:446,0
DA:447,0
DA:448,0
DA:451,0
DA:452,0
DA:453,0
DA:454,0
DA:456,0
DA:457,0
DA:458,0
DA:459,0
DA:462,0
DA:463,0
DA:466,0
DA:467,0
DA:468,0
DA:472,0
DA:473,0
DA:474,0
DA:476,0
DA:477,0
DA:479,0
DA:480,0
DA:482,0
DA:483,0
DA:484,0
DA:485,0
DA:486,0
DA:488,0
DA:490,0
DA:491,0
DA:493,0
DA:494,0
DA:495,0
DA:496,0
DA:499,0
DA:501,0
DA:503,0
DA:505,0
DA:506,0
DA:507,0
DA:508,0
DA:509,0
DA:510,0
DA:511,0
DA:513,0
DA:514,0
DA:515,0
DA:516,0
DA:517,0
DA:519,0
DA:520,0
DA:521,0
DA:522,0
DA:523,0
DA:526,0
DA:528,0
DA:530,0
DA:531,0
DA:532,0
DA:533,0
DA:534,0
DA:536,0
DA:537,0
DA:538,0
DA:539,0
DA:540,0
DA:541,0
DA:543,0
DA:544,0
DA:545,0
DA:549,0
DA:550,0
DA:551,0
DA:552,0
DA:553,0
DA:554,0
DA:555,0
DA:556,0
DA:557,0
DA:558,0
DA:559,0
DA:560,0
DA:561,0
DA:562,0
DA:563,0
DA:564,0
DA:565,0
DA:566,0
DA:567,0
DA:568,0
DA:569,0
DA:570,0
DA:571,0
DA:572,0
DA:573,0
DA:574,0
DA:575,0
DA:576,0
DA:577,0
DA:578,0
DA:579,0
DA:580,0
DA:582,0
DA:583,0
DA:584,0
DA:585,0
DA:588,0
DA:591,0
DA:593,0
DA:597,0
DA:598,0
DA:599,0
DA:600,0
DA:602,0
DA:603,0
DA:605,0
DA:609,0
DA:610,0
DA:611,0
DA:612,0
DA:614,0
DA:615,0
DA:618,0
DA:619,0
DA:620,0
DA:621,0
DA:622,0
DA:623,0
DA:624,0
DA:625,0
DA:626,0
DA:628,0
DA:632,0
DA:633,0
DA:634,0
DA:635,0
DA:636,0
DA:637,0
DA:638,0
DA:639,0
DA:641,0
DA:642,0
DA:643,0
DA:644,0
DA:647,0
DA:648,0
DA:649,0
DA:652,0
DA:653,0
DA:654,0
DA:656,0
DA:657,0
DA:658,0
DA:659,0
DA:661,0
DA:662,0
DA:665,0
DA:666,0
DA:667,0
DA:669,0
DA:670,0
DA:672,0
DA:673,0
DA:676,0
DA:678,0
DA:679,0
DA:680,0
DA:682,0
DA:684,0
DA:685,0
DA:686,0
DA:687,0
DA:688,0
DA:690,0
DA:691,0
DA:692,0
DA:694,0
DA:695,0
DA:696,0
DA:699,0
DA:700,0
DA:701,0
DA:705,0
DA:706,0
DA:707,0
DA:709,0
DA:710,0
DA:715,0
DA:716,0
DA:718,0
DA:719,0
DA:720,0
DA:721,0
DA:722,0
DA:723,0
DA:725,0
DA:726,0
DA:727,0
DA:728,0
DA:730,0
DA:731,0
DA:732,0
DA:733,0
DA:734,0
DA:736,0
DA:738,0
DA:739,0
DA:741,0
DA:742,0
DA:743,0
DA:744,0
DA:748,0
DA:749,0
DA:750,0
DA:751,0
DA:752,0
DA:753,0
DA:754,0
DA:755,0
DA:757,0
DA:758,0
DA:759,0
DA:761,0
DA:762,0
DA:763,0
DA:765,0
DA:767,0
DA:768,0
DA:769,0
DA:771,0
DA:772,0
DA:773,0
DA:775,0
DA:778,0
DA:779,0
DA:780,0
DA:781,0
DA:783,0
DA:784,0
DA:785,0
DA:787,0
DA:788,0
DA:789,0
DA:791,0
DA:793,0
DA:794,0
DA:795,0
DA:797,0
DA:799,0
DA:800,0
DA:801,0
DA:802,0
DA:803,0
DA:805,0
DA:806,0
DA:807,0
DA:809,0
DA:810,0
DA:811,0
DA:813,0
DA:815,0
DA:816,0
DA:817,0
DA:819,0
DA:821,0
DA:822,0
DA:823,0
DA:824,0
DA:825,0
DA:827,0
DA:828,0
DA:829,0
DA:831,0
DA:832,0
DA:833,0
DA:835,0
DA:837,0
DA:838,0
DA:839,0
DA:841,0
DA:843,0
DA:844,0
DA:845,0
DA:846,0
DA:847,0
DA:849,0
DA:850,0
DA:851,0
DA:853,0
DA:857,0
DA:859,0
DA:860,0
DA:863,0
DA:864,0
DA:866,0
DA:867,0
DA:868,0
DA:869,0
DA:870,0
DA:871,0
DA:874,0
DA:875,0
DA:876,0
DA:879,0
DA:880,0
DA:881,0
DA:882,0
DA:883,0
DA:885,0
DA:886,0
DA:887,0
DA:888,0
DA:890,0
DA:891,0
DA:895,0
DA:896,0
DA:897,0
DA:899,0
DA:900,0
DA:902,0
DA:903,0
DA:905,0
DA:906,0
DA:907,0
DA:909,0
DA:911,0
DA:912,0
DA:914,0
DA:915,0
DA:916,0
DA:917,0
DA:920,0
DA:922,0
DA:924,0
DA:926,0
DA:927,0
DA:928,0
DA:929,0
DA:930,0
DA:931,0
DA:932,0
DA:933,0
DA:934,0
DA:935,0
DA:937,0
DA:938,0
DA:939,0
DA:940,0
DA:941,0
DA:944,0
DA:946,0
DA:948,0
DA:949,0
DA:951,0
DA:952,0
DA:953,0
DA:954,0
DA:955,0
DA:956,0
DA:957,0
DA:958,0
DA:960,0
DA:961,0
DA:962,0
DA:966,0
DA:967,0
DA:968,0
DA:969,0
DA:970,0
DA:971,0
DA:972,0
DA:973,0
DA:974,0
DA:975,0
DA:976,0
DA:977,0
DA:978,0
DA:979,0
DA:980,0
DA:981,0
DA:982,0
DA:983,0
DA:984,0
DA:985,0
DA:986,0
DA:987,0
DA:988,0
DA:989,0
DA:990,0
DA:992,0
DA:993,0
DA:994,0
DA:995,0
DA:999,0
DA:1003,0
DA:1004,0
DA:1005,0
DA:1006,0
DA:1007,0
DA:1008,0
DA:1009,0
DA:1010,0
DA:1011,0
DA:1013,0
DA:1014,0
DA:1015,0
DA:1016,0
DA:1017,0
DA:1020,0
DA:1022,0
DA:1024,0
DA:1025,0
DA:1026,0
DA:1027,0
DA:1029,0
DA:1030,0
DA:1031,0
DA:1032,0
DA:1033,0
DA:1034,0
DA:1035,0
DA:1036,0
DA:1038,0
DA:1039,0
DA:1042,0
DA:1044,0
DA:1045,0
DA:1046,0
DA:1048,0
DA:1052,0
DA:1053,0
DA:1055,0
DA:1057,0
DA:1059,0
DA:1061,0
DA:1062,0
DA:1067,0
DA:1068,0
DA:1069,0
DA:1070,0
DA:1071,0
DA:1072,0
DA:1073,0
DA:1074,0
DA:1075,0
DA:1077,0
DA:1078,0
DA:1079,0
DA:1080,0
DA:1082,0
DA:1083,0
DA:1084,0
DA:1085,0
DA:1086,0
DA:1087,0
DA:1088,0
DA:1089,0
DA:1091,0
DA:1092,0
DA:1095,0
DA:1097,0
DA:1098,0
DA:1099,0
DA:1101,0
DA:1105,0
DA:1106,0
DA:1108,0
DA:1110,0
DA:1111,0
DA:1113,0
DA:1115,0
DA:1116,0
DA:1121,0
DA:1122,0
DA:1123,0
DA:1125,0
DA:1126,0
DA:1127,0
DA:1128,0
DA:1130,0
DA:1132,0
DA:1133,0
DA:1135,0
DA:1136,0
DA:1137,0
DA:1138,0
DA:1139,0
DA:1141,0
DA:1142,0
DA:1143,0
DA:1144,0
DA:1145,0
DA:1146,0
DA:1147,0
DA:1148,0
DA:1154,0
DA:1159,0
DA:1160,0
DA:1162,0
DA:1163,0
DA:1166,0
DA:1168,0
DA:1169,0
DA:1170,0
DA:1171,0
DA:1172,0
DA:1173,0
DA:1174,0
DA:1175,0
DA:1176,0
DA:1177,0
DA:1179,0
DA:1180,0
DA:1183,0
DA:1184,0
DA:1185,0
DA:1187,0
DA:1188,0
DA:1189,0
DA:1191,0
DA:1194,0
DA:1195,0
DA:1198,0
DA:1199,0
DA:1200,0
DA:1201,0
DA:1204,0
DA:1206,0
DA:1208,0
DA:1210,0
DA:1212,0
DA:1213,0
DA:1214,0
DA:1215,0
DA:1216,0
DA:1217,0
DA:1218,0
DA:1219,0
DA:1220,0
DA:1223,0
DA:1224,0
DA:1225,0
DA:1228,0
DA:1229,0
DA:1230,0
DA:1231,0
DA:1232,0
DA:1233,0
DA:1235,0
DA:1236,0
DA:1238,0
DA:1242,0
DA:1243,0
DA:1244,0
DA:1246,0
DA:1247,0
DA:1248,0
DA:1249,0
DA:1251,0
DA:1253,0
DA:1254,0
DA:1256,0
DA:1257,0
DA:1258,0
DA:1259,0
DA:1280,0
DA:1281,0
DA:1283,0
DA:1284,0
DA:1287,0
DA:1289,0
DA:1290,0
DA:1291,0
DA:1292,0
DA:1293,0
DA:1294,0
DA:1295,0
DA:1296,0
DA:1297,0
DA:1298,0
DA:1300,0
DA:1301,0
DA:1304,0
DA:1305,0
DA:1306,0
DA:1308,0
DA:1309,0
DA:1310,0
DA:1312,0
DA:1315,0
DA:1316,0
DA:1319,0
DA:1320,0
DA:1321,0
DA:1322,0
DA:1325,0
DA:1327,0
DA:1329,0
DA:1330,0
DA:1332,0
DA:1334,0
DA:1335,0
DA:1336,0
DA:1337,0
DA:1338,0
DA:1339,0
DA:1340,0
DA:1341,0
DA:1342,0
DA:1345,0
DA:1346,0
DA:1347,0
DA:1350,0
DA:1351,0
DA:1352,0
DA:1353,0
DA:1354,0
DA:1355,0
DA:1357,0
DA:1358,0
DA:1360,0
DA:1365,0
DA:1366,0
DA:1367,0
DA:1368,0
DA:1369,0
DA:1370,0
DA:1372,0
DA:1373,0
DA:1374,0
DA:1375,0
DA:1378,0
DA:1379,0
DA:1382,0
DA:1383,0
DA:1387,0
DA:1388,0
DA:1390,0
DA:1391,0
DA:1396,30
DA:1397,30
DA:1399,30
DA:1400,30
DA:1401,5
DA:1402,25
DA:1403,25
DA:1404,25
DA:1405,25
DA:1406,25
DA:1407,25
DA:1409,25
DA:1410,0
DA:1412,25
DA:1413,25
DA:1414,25
DA:1415,25
DA:1416,25
DA:1421,30
DA:1422,30
DA:1424,30
DA:1425,30
DA:1426,385
DA:1427,85
DA:1428,85
DA:1430,385
DA:1431,30
DA:1434,30
DA:1435,30
DA:1437,30
DA:1438,30
DA:1439,30
DA:1441,30
DA:1442,30
DA:1443,30
DA:1445,30
DA:1448,30
DA:1449,30
DA:1451,0
DA:1453,30
DA:1454,0
DA:1456,30
DA:1458,30
DA:1460,30
DA:1461,0
DA:1463,30
DA:1464,0
DA:1466,30
DA:1467,0
DA:1469,30
DA:1470,0
DA:1472,30
DA:1473,0
DA:1475,30
DA:1476,0
DA:1478,30
DA:1479,30
DA:1480,30
DA:1481,30
DA:1482,30
DA:1483,30
DA:1485,30
DA:1486,0
DA:1488,30
DA:1489,0
DA:1491,30
DA:1492,0
DA:1494,30
DA:1495,0
DA:1497,30
DA:1498,0
DA:1500,30
DA:1501,0
DA:1503,30
DA:1504,30
DA:1505,30
DA:1506,30
DA:1507,30
DA:1508,30
DA:1510,30
DA:1511,0
DA:1512,30
DA:1514,0
DA:1519,1
DA:1520,1
DA:1521,1
DA:1522,1
DA:1524,1
DA:1525,62
DA:1526,31
DA:1532,31
DA:1533,31
DA:1540,0
DA:1543,1
DA:1545,1
DA:1547,1
DA:1548,1
DA:1549,1
DA:1550,1
DA:1552,1
DA:1553,1
DA:1554,1
DA:1556,1
DA:1557,1
DA:1558,1
DA:1559,1
DA:1560,5
DA:1565,1
DA:1566,1
DA:1567,30
DA:1570,1
DA:1571,1
DA:1573,1
DA:1574,1
DA:1575,15
DA:1576,6
DA:1577,6
DA:1579,15
DA:1580,1
DA:1583,1
DA:1584,1
DA:1586,1
DA:1587,1
DA:1589,1
DA:1590,1
DA:1594,1
DA:1595,1
DA:1596,1
DA:1598,1
DA:1599,0
DA:1601,1
DA:1602,0
DA:1603,0
DA:1606,0
DA:1610,1
DA:1613,1
DA:1614,1
DA:1616,0
DA:1618,1
DA:1619,0
DA:1621,1
DA:1623,1
DA:1626,1
DA:1628,1
DA:1629,1
DA:1634,0
DA:1635,0
DA:1637,0
DA:1638,0
DA:1639,0
DA:1642,0
DA:1643,0
DA:1644,0
DA:1645,0
DA:1646,0
DA:1648,0
DA:1649,0
DA:1652,0
DA:1653,0
DA:1655,0
DA:1656,0
DA:1657,0
DA:1659,0
DA:1660,0
DA:1661,0
DA:1663,0
DA:1666,0
DA:1667,0
DA:1669,0
DA:1671,0
DA:1672,0
DA:1674,0
DA:1676,0
DA:1678,0
DA:1679,0
DA:1681,0
DA:1682,0
DA:1684,0
DA:1685,0
DA:1687,0
DA:1688,0
DA:1690,0
DA:1691,0
DA:1693,0
DA:1694,0
DA:1696,0
DA:1697,0
DA:1698,0
DA:1699,0
DA:1700,0
DA:1701,0
DA:1703,0
DA:1704,0
DA:1705,0
DA:1707,0
DA:1712,0
DA:1713,0
DA:1714,0
DA:1715,0
DA:1717,0
DA:1718,0
DA:1719,0
DA:1725,0
DA:1726,0
DA:1733,0
DA:1736,0
DA:1738,0
DA:1740,0
DA:1741,0
DA:1742,0
DA:1743,0
DA:1745,0
DA:1746,0
DA:1747,0
DA:1749,0
DA:1750,0
DA:1751,0
DA:1752,0
DA:1753,0
DA:1758,0
DA:1759,0
DA:1760,0
DA:1763,0
DA:1764,0
DA:1766,0
DA:1767,0
DA:1768,0
DA:1769,0
DA:1770,0
DA:1772,0
DA:1773,0
DA:1776,0
DA:1777,0
DA:1779,0
DA:1780,0
DA:1782,0
DA:1783,0
DA:1784,0
DA:1785,0
DA:1786,0
DA:1788,0
DA:1789,0
DA:1790,0
DA:1792,0
DA:1793,0
DA:1795,0
DA:1798,0
DA:1799,0
DA:1801,0
DA:1803,0
DA:1804,0
DA:1806,0
DA:1808,0
DA:1811,0
DA:1813,0
DA:1814,0
DA:1815,0
DA:1820,1
DA:1823,1
DA:1824,1
DA:1825,0
DA:1826,0
DA:1827,0
DA:1830,1
DA:1831,1
DA:1832,1
DA:1834,0
DA:1835,0
DA:1836,0
DA:1841,1
DA:1842,1
DA:1843,1
DA:1845,1
DA:1846,1
DA:1848,1
DA:1849,31
DA:1851,31
DA:1852,1
DA:1853,1
DA:1854,30
DA:1855,0
DA:1856,0
DA:1857,30
DA:1858,30
DA:1859,30
DA:1863,1
DA:1864,0
DA:1865,1
DA:1866,0
DA:1867,1
DA:1868,1
DA:1870,0
DA:1873,0
DA:1878,2
DA:1879,1
DA:1880,1
DA:1881,1
DA:1882,0
DA:1883,0
DA:1885,0
DA:1886,0
DA:1888,1
DA:1889,1
DA:1890,1
DA:1891,1
LF:1238
LH:183
BRDA:35,0,0,0
BRDA:35,0,1,0
BRDA:35,1,0,0
BRDA:35,1,1,0
BRDA:37,2,0,0
BRDA:37,2,1,0
BRDA:41,3,0,0
BRDA:41,3,1,0
BRDA:51,4,0,0
BRDA:51,4,1,0
BRDA:51,5,0,0
BRDA:51,5,1,0
BRDA:55,6,0,0
BRDA:55,6,1,0
BRDA:63,7,0,0
BRDA:63,7,1,0
BRDA:66,8,0,0
BRDA:66,8,1,0
BRDA:68,9,0,0
BRDA:68,9,1,0
BRDA:74,10,0,0
BRDA:74,10,1,0
BRDA:74,11,0,0
BRDA:74,11,1,0
BRDA:77,12,0,0
BRDA:77,12,1,0
BRDA:77,13,0,0
BRDA:77,13,1,0
BRDA:78,14,0,0
BRDA:78,14,1,0
BRDA:78,15,0,0
BRDA:78,15,1,0
BRDA:82,16,0,0
BRDA:82,16,1,0
BRDA:88,17,0,0
BRDA:88,17,1,0
BRDA:88,18,0,0
BRDA:88,18,1,0
BRDA:88,18,2,0
BRDA:90,19,0,0
BRDA:90,19,1,0
BRDA:91,20,0,0
BRDA:91,20,1,0
BRDA:95,21,0,0
BRDA:95,21,1,0
BRDA:103,22,0,0
BRDA:103,22,1,0
BRDA:103,23,0,0
BRDA:103,23,1,0
BRDA:112,24,0,0
BRDA:112,24,1,0
BRDA:112,25,0,0
BRDA:112,25,1,0
BRDA:116,26,0,0
BRDA:116,26,1,0
BRDA:122,27,0,0
BRDA:122,27,1,0
BRDA:125,28,0,0
BRDA:125,28,1,0
BRDA:128,29,0,0
BRDA:128,29,1,0
BRDA:132,30,0,0
BRDA:132,30,1,0
BRDA:135,31,0,0
BRDA:135,31,1,0
BRDA:136,32,0,0
BRDA:136,32,1,0
BRDA:141,33,0,0
BRDA:141,33,1,0
BRDA:143,34,0,0
BRDA:143,34,1,0
BRDA:147,35,0,0
BRDA:147,35,1,0
BRDA:151,36,0,0
BRDA:151,36,1,0
BRDA:152,37,0,0
BRDA:152,37,1,0
BRDA:176,38,0,1
BRDA:176,38,1,0
BRDA:178,39,0,0
BRDA:178,39,1,1
BRDA:178,40,0,1
BRDA:178,40,1,0
BRDA:178,40,2,0
BRDA:178,40,3,0
BRDA:181,41,0,0
BRDA:181,41,1,1
BRDA:181,42,0,1
BRDA:181,42,1,0
BRDA:181,42,2,0
BRDA:184,43,0,0
BRDA:184,43,1,1
BRDA:184,44,0,1
BRDA:184,44,1,0
BRDA:187,45,0,0
BRDA:187,45,1,1
BRDA:187,46,0,1
BRDA:187,46,1,1
BRDA:190,47,0,1
BRDA:190,47,1,0
BRDA:190,48,0,1
BRDA:190,48,1,1
BRDA:191,49,0,0
BRDA:191,49,1,1
BRDA:194,50,0,1
BRDA:194,50,1,0
BRDA:194,51,0,1
BRDA:194,51,1,0
BRDA:194,51,2,0
BRDA:197,52,0,1
BRDA:197,52,1,0
BRDA:199,53,0,0
BRDA:199,53,1,1
BRDA:199,54,0,1
BRDA:199,54,1,1
BRDA:201,55,0,0
BRDA:201,55,1,1
BRDA:206,56,0,1
BRDA:206,56,1,0
BRDA:206,57,0,1
BRDA:206,57,1,1
BRDA:210,58,0,0
BRDA:210,58,1,0
BRDA:217,59,0,0
BRDA:217,59,1,0
BRDA:223,60,0,0
BRDA:223,60,1,0
BRDA:228,61,0,0
BRDA:228,61,1,0
BRDA:229,62,0,0
BRDA:229,62,1,0
BRDA:232,63,0,0
BRDA:232,63,1,0
BRDA:234,64,0,0
BRDA:234,64,1,0
BRDA:244,65,0,0
BRDA:244,65,1,0
BRDA:251,66,0,0
BRDA:251,66,1,0
BRDA:252,67,0,0
BRDA:252,67,1,0
BRDA:252,68,0,0
BRDA:252,68,1,0
BRDA:253,69,0,0
BRDA:253,69,1,0
BRDA:253,70,0,0
BRDA:253,70,1,0
BRDA:254,71,0,0
BRDA:254,71,1,0
BRDA:255,72,0,0
BRDA:255,72,1,0
BRDA:255,73,0,0
BRDA:255,73,1,0
BRDA:256,74,0,0
BRDA:256,74,1,0
BRDA:256,75,0,0
BRDA:256,75,1,0
BRDA:258,76,0,0
BRDA:258,76,1,0
BRDA:259,77,0,0
BRDA:259,77,1,0
BRDA:262,78,0,0
BRDA:262,78,1,0
BRDA:263,79,0,0
BRDA:263,79,1,0
BRDA:268,80,0,0
BRDA:268,80,1,0
BRDA:269,81,0,0
BRDA:269,81,1,0
BRDA:272,82,0,0
BRDA:272,82,1,0
BRDA:273,83,0,0
BRDA:273,83,1,0
BRDA:280,84,0,0
BRDA:280,84,1,0
BRDA:280,85,0,0
BRDA:280,85,1,0
BRDA:282,86,0,0
BRDA:282,86,1,0
BRDA:283,87,0,0
BRDA:283,87,1,0
BRDA:283,88,0,0
BRDA:283,88,1,0
BRDA:286,89,0,0
BRDA:286,89,1,0
BRDA:287,90,0,0
BRDA:287,90,1,0
BRDA:292,91,0,0
BRDA:292,91,1,0
BRDA:293,92,0,0
BRDA:293,92,1,0
BRDA:296,93,0,0
BRDA:296,93,1,0
BRDA:297,94,0,0
BRDA:297,94,1,0
BRDA:303,95,0,0
BRDA:303,95,1,0
BRDA:304,96,0,0
BRDA:304,96,1,0
BRDA:305,97,0,0
BRDA:305,97,1,0
BRDA:308,98,0,0
BRDA:308,98,1,0
BRDA:309,99,0,0
BRDA:309,99,1,0
BRDA:312,100,0,0
BRDA:312,100,1,0
BRDA:313,101,0,0
BRDA:313,101,1,0
BRDA:318,102,0,0
BRDA:318,102,1,0
BRDA:319,103,0,0
BRDA:319,103,1,0
BRDA:324,104,0,0
BRDA:324,104,1,0
BRDA:326,105,0,0
BRDA:326,105,1,0
BRDA:327,106,0,0
BRDA:327,106,1,0
BRDA:330,107,0,0
BRDA:330,107,1,0
BRDA:331,108,0,0
BRDA:331,108,1,0
BRDA:334,109,0,0
BRDA:334,109,1,0
BRDA:335,110,0,0
BRDA:335,110,1,0
BRDA:340,111,0,0
BRDA:340,111,1,0
BRDA:341,112,0,0
BRDA:341,112,1,0
BRDA:346,113,0,0
BRDA:346,113,1,0
BRDA:348,114,0,0
BRDA:348,114,1,0
BRDA:349,115,0,0
BRDA:349,115,1,0
BRDA:352,116,0,0
BRDA:352,116,1,0
BRDA:353,117,0,0
BRDA:353,117,1,0
BRDA:356,118,0,0
BRDA:356,118,1,0
BRDA:357,119,0,0
BRDA:357,119,1,0
BRDA:362,120,0,0
BRDA:362,120,1,0
BRDA:363,121,0,0
BRDA:363,121,1,0
BRDA:368,122,0,0
BRDA:368,122,1,0
BRDA:370,123,0,0
BRDA:370,123,1,0
BRDA:371,124,0,0
BRDA:371,124,1,0
BRDA:374,125,0,0
BRDA:374,125,1,0
BRDA:375,126,0,0
BRDA:375,126,1,0
BRDA:391,127,0,0
BRDA:391,127,1,0
BRDA:395,128,0,0
BRDA:395,128,1,0
BRDA:395,129,0,0
BRDA:395,129,1,0
BRDA:396,130,0,0
BRDA:396,130,1,0
BRDA:396,131,0,0
BRDA:396,131,1,0
BRDA:405,132,0,0
BRDA:405,132,1,0
BRDA:413,133,0,0
BRDA:413,133,1,0
BRDA:413,134,0,0
BRDA:413,134,1,0
BRDA:413,134,2,0
BRDA:414,135,0,0
BRDA:414,135,1,0
BRDA:419,136,0,0
BRDA:419,136,1,0
BRDA:419,137,0,0
BRDA:419,137,1,0
BRDA:421,138,0,0
BRDA:421,138,1,0
BRDA:422,139,0,0
BRDA:422,139,1,0
BRDA:432,140,0,0
BRDA:432,140,1,0
BRDA:432,141,0,0
BRDA:432,141,1,0
BRDA:432,141,2,0
BRDA:434,142,0,0
BRDA:434,142,1,0
BRDA:435,143,0,0
BRDA:435,143,1,0
BRDA:439,144,0,0
BRDA:439,144,1,0
BRDA:447,145,0,0
BRDA:447,145,1,0
BRDA:447,146,0,0
BRDA:447,146,1,0
BRDA:457,147,0,0
BRDA:457,147,1,0
BRDA:457,148,0,0
BRDA:457,148,1,0
BRDA:462,149,0,0
BRDA:462,149,1,0
BRDA:466,150,0,0
BRDA:466,150,1,0
BRDA:466,151,0,0
BRDA:466,151,1,0
BRDA:467,152,0,0
BRDA:467,152,1,0
BRDA:467,153,0,0
BRDA:467,153,1,0
BRDA:473,154,0,0
BRDA:473,154,1,0
BRDA:476,155,0,0
BRDA:476,155,1,0
BRDA:479,156,0,0
BRDA:479,156,1,0
BRDA:482,157,0,0
BRDA:482,157,1,0
BRDA:484,158,0,0
BRDA:484,158,1,0
BRDA:485,159,0,0
BRDA:485,159,1,0
BRDA:490,160,0,0
BRDA:490,160,1,0
BRDA:493,161,0,0
BRDA:493,161,1,0
BRDA:494,162,0,0
BRDA:494,162,1,0
BRDA:495,163,0,0
BRDA:495,163,1,0
BRDA:510,164,0,0
BRDA:510,164,1,0
BRDA:515,165,0,0
BRDA:515,165,1,0
BRDA:519,166,0,0
BRDA:519,166,1,0
BRDA:520,167,0,0
BRDA:520,167,1,0
BRDA:521,168,0,0
BRDA:521,168,1,0
BRDA:522,169,0,0
BRDA:522,169,1,0
BRDA:532,170,0,0
BRDA:532,170,1,0
BRDA:533,171,0,0
BRDA:533,171,1,0
BRDA:533,172,0,0
BRDA:533,172,1,0
BRDA:539,173,0,0
BRDA:539,173,1,0
BRDA:540,174,0,0
BRDA:540,174,1,0
BRDA:550,175,0,0
BRDA:550,175,1,0
BRDA:551,176,0,0
BRDA:551,176,1,0
BRDA:552,177,0,0
BRDA:552,177,1,0
BRDA:553,178,0,0
BRDA:553,178,1,0
BRDA:554,179,0,0
BRDA:554,179,1,0
BRDA:555,180,0,0
BRDA:555,180,1,0
BRDA:556,181,0,0
BRDA:556,181,1,0
BRDA:557,182,0,0
BRDA:557,182,1,0
BRDA:558,183,0,0
BRDA:558,183,1,0
BRDA:559,184,0,0
BRDA:559,184,1,0
BRDA:560,185,0,0
BRDA:560,185,1,0
BRDA:561,186,0,0
BRDA:561,186,1,0
BRDA:562,187,0,0
BRDA:562,187,1,0
BRDA:563,188,0,0
BRDA:563,188,1,0
BRDA:564,189,0,0
BRDA:564,189,1,0
BRDA:565,190,0,0
BRDA:565,190,1,0
BRDA:566,191,0,0
BRDA:566,191,1,0
BRDA:567,192,0,0
BRDA:567,192,1,0
BRDA:568,193,0,0
BRDA:568,193,1,0
BRDA:569,194,0,0
BRDA:569,194,1,0
BRDA:570,195,0,0
BRDA:570,195,1,0
BRDA:571,196,0,0
BRDA:571,196,1,0
BRDA:572,197,0,0
BRDA:572,197,1,0
BRDA:573,198,0,0
BRDA:573,198,1,0
BRDA:574,199,0,0
BRDA:574,199,1,0
BRDA:575,200,0,0
BRDA:575,200,1,0
BRDA:576,201,0,0
BRDA:576,201,1,0
BRDA:577,202,0,0
BRDA:577,202,1,0
BRDA:578,203,0,0
BRDA:578,203,1,0
BRDA:579,204,0,0
BRDA:579,204,1,0
BRDA:582,205,0,0
BRDA:582,205,1,0
BRDA:582,206,0,0
BRDA:582,206,1,0
BRDA:582,206,2,0
BRDA:582,206,3,0
BRDA:584,207,0,0
BRDA:584,207,1,0
BRDA:588,208,0,0
BRDA:588,208,1,0
BRDA:588,209,0,0
BRDA:588,209,1,0
BRDA:588,209,2,0
BRDA:588,209,3,0
BRDA:588,209,4,0
BRDA:588,209,5,0
BRDA:588,209,6,0
BRDA:611,210,0,0
BRDA:611,210,1,0
BRDA:614,211,0,0
BRDA:614,211,1,0
BRDA:614,212,0,0
BRDA:614,212,1,0
BRDA:621,213,0,0
BRDA:621,213,1,0
BRDA:621,214,0,0
BRDA:621,214,1,0
BRDA:623,215,0,0
BRDA:623,215,1,0
BRDA:636,216,0,0
BRDA:636,216,1,0
BRDA:636,217,0,0
BRDA:636,217,1,0
BRDA:637,218,0,0
BRDA:637,218,1,0
BRDA:637,219,0,0
BRDA:637,219,1,0
BRDA:641,220,0,0
BRDA:641,220,1,0
BRDA:648,221,0,0
BRDA:648,221,1,0
BRDA:648,222,0,0
BRDA:648,222,1,0
BRDA:657,223,0,0
BRDA:657,223,1,0
BRDA:657,224,0,0
BRDA:657,224,1,0
BRDA:661,225,0,0
BRDA:661,225,1,0
BRDA:666,226,0,0
BRDA:666,226,1,0
BRDA:669,227,0,0
BRDA:669,227,1,0
BRDA:672,228,0,0
BRDA:672,228,1,0
BRDA:678,229,0,0
BRDA:678,229,1,0
BRDA:679,230,0,0
BRDA:679,230,1,0
BRDA:684,231,0,0
BRDA:684,231,1,0
BRDA:686,232,0,0
BRDA:686,232,1,0
BRDA:690,233,0,0
BRDA:690,233,1,0
BRDA:694,234,0,0
BRDA:694,234,1,0
BRDA:695,235,0,0
BRDA:695,235,1,0
BRDA:727,236,0,0
BRDA:727,236,1,0
BRDA:728,237,0,0
BRDA:728,237,1,0
BRDA:731,238,0,0
BRDA:731,238,1,0
BRDA:733,239,0,0
BRDA:733,239,1,0
BRDA:743,240,0,0
BRDA:743,240,1,0
BRDA:750,241,0,0
BRDA:750,241,1,0
BRDA:751,242,0,0
BRDA:751,242,1,0
BRDA:751,243,0,0
BRDA:751,243,1,0
BRDA:752,244,0,0
BRDA:752,244,1,0
BRDA:752,245,0,0
BRDA:752,245,1,0
BRDA:753,246,0,0
BRDA:753,246,1,0
BRDA:754,247,0,0
BRDA:754,247,1,0
BRDA:754,248,0,0
BRDA:754,248,1,0
BRDA:755,249,0,0
BRDA:755,249,1,0
BRDA:755,250,0,0
BRDA:755,250,1,0
BRDA:757,251,0,0
BRDA:757,251,1,0
BRDA:758,252,0,0
BRDA:758,252,1,0
BRDA:761,253,0,0
BRDA:761,253,1,0
BRDA:762,254,0,0
BRDA:762,254,1,0
BRDA:767,255,0,0
BRDA:767,255,1,0
BRDA:768,256,0,0
BRDA:768,256,1,0
BRDA:771,257,0,0
BRDA:771,257,1,0
BRDA:772,258,0,0
BRDA:772,258,1,0
BRDA:778,259,0,0
BRDA:778,259,1,0
BRDA:779,260,0,0
BRDA:779,260,1,0
BRDA:780,261,0,0
BRDA:780,261,1,0
BRDA:783,262,0,0
BRDA:783,262,1,0
BRDA:784,263,0,0
BRDA:784,263,1,0
BRDA:787,264,0,0
BRDA:787,264,1,0
BRDA:788,265,0,0
BRDA:788,265,1,0
BRDA:793,266,0,0
BRDA:793,266,1,0
BRDA:794,267,0,0
BRDA:794,267,1,0
BRDA:799,268,0,0
BRDA:799,268,1,0
BRDA:801,269,0,0
BRDA:801,269,1,0
BRDA:802,270,0,0
BRDA:802,270,1,0
BRDA:805,271,0,0
BRDA:805,271,1,0
BRDA:806,272,0,0
BRDA:806,272,1,0
BRDA:809,273,0,0
BRDA:809,273,1,0
BRDA:810,274,0,0
BRDA:810,274,1,0
BRDA:815,275,0,0
BRDA:815,275,1,0
BRDA:816,276,0,0
BRDA:816,276,1,0
BRDA:821,277,0,0
BRDA:821,277,1,0
BRDA:823,278,0,0
BRDA:823,278,1,0
BRDA:824,279,0,0
BRDA:824,279,1,0
BRDA:827,280,0,0
BRDA:827,280,1,0
BRDA:828,281,0,0
BRDA:828,281,1,0
BRDA:831,282,0,0
BRDA:831,282,1,0
BRDA:832,283,0,0
BRDA:832,283,1,0
BRDA:837,284,0,0
BRDA:837,284,1,0
BRDA:838,285,0,0
BRDA:838,285,1,0
BRDA:843,286,0,0
BRDA:843,286,1,0
BRDA:845,287,0,0
BRDA:845,287,1,0
BRDA:846,288,0,0
BRDA:846,288,1,0
BRDA:849,289,0,0
BRDA:849,289,1,0
BRDA:850,290,0,0
BRDA:850,290,1,0
BRDA:866,291,0,0
BRDA:866,291,1,0
BRDA:875,292,0,0
BRDA:875,292,1,0
BRDA:875,293,0,0
BRDA:875,293,1,0
BRDA:886,294,0,0
BRDA:886,294,1,0
BRDA:886,295,0,0
BRDA:886,295,1,0
BRDA:890,296,0,0
BRDA:890,296,1,0
BRDA:896,297,0,0
BRDA:896,297,1,0
BRDA:899,298,0,0
BRDA:899,298,1,0
BRDA:902,299,0,0
BRDA:902,299,1,0
BRDA:905,300,0,0
BRDA:905,300,1,0
BRDA:906,301,0,0
BRDA:906,301,1,0
BRDA:911,302,0,0
BRDA:911,302,1,0
BRDA:914,303,0,0
BRDA:914,303,1,0
BRDA:915,304,0,0
BRDA:915,304,1,0
BRDA:916,305,0,0
BRDA:916,305,1,0
BRDA:933,306,0,0
BRDA:933,306,1,0
BRDA:937,307,0,0
BRDA:937,307,1,0
BRDA:938,308,0,0
BRDA:938,308,1,0
BRDA:939,309,0,0
BRDA:939,309,1,0
BRDA:940,310,0,0
BRDA:940,310,1,0
BRDA:956,311,0,0
BRDA:956,311,1,0
BRDA:957,312,0,0
BRDA:957,312,1,0
BRDA:967,313,0,0
BRDA:967,313,1,0
BRDA:968,314,0,0
BRDA:968,314,1,0
BRDA:969,315,0,0
BRDA:969,315,1,0
BRDA:970,316,0,0
BRDA:970,316,1,0
BRDA:971,317,0,0
BRDA:971,317,1,0
BRDA:972,318,0,0
BRDA:972,318,1,0
BRDA:973,319,0,0
BRDA:973,319,1,0
BRDA:974,320,0,0
BRDA:974,320,1,0
BRDA:975,321,0,0
BRDA:975,321,1,0
BRDA:976,322,0,0
BRDA:976,322,1,0
BRDA:977,323,0,0
BRDA:977,323,1,0
BRDA:978,324,0,0
BRDA:978,324,1,0
BRDA:979,325,0,0
BRDA:979,325,1,0
BRDA:980,326,0,0
BRDA:980,326,1,0
BRDA:981,327,0,0
BRDA:981,327,1,0
BRDA:982,328,0,0
BRDA:982,328,1,0
BRDA:983,329,0,0
BRDA:983,329,1,0
BRDA:984,330,0,0
BRDA:984,330,1,0
BRDA:985,331,0,0
BRDA:985,331,1,0
BRDA:986,332,0,0
BRDA:986,332,1,0
BRDA:987,333,0,0
BRDA:987,333,1,0
BRDA:988,334,0,0
BRDA:988,334,1,0
BRDA:989,335,0,0
BRDA:989,335,1,0
BRDA:992,336,0,0
BRDA:992,336,1,0
BRDA:992,337,0,0
BRDA:992,337,1,0
BRDA:992,337,2,0
BRDA:992,337,3,0
BRDA:992,337,4,0
BRDA:994,338,0,0
BRDA:994,338,1,0
BRDA:1006,339,0,0
BRDA:1006,339,1,0
BRDA:1006,340,0,0
BRDA:1006,340,1,0
BRDA:1014,341,0,0
BRDA:1014,341,1,0
BRDA:1015,342,0,0
BRDA:1015,342,1,0
BRDA:1016,343,0,0
BRDA:1016,343,1,0
BRDA:1026,344,0,0
BRDA:1026,344,1,0
BRDA:1029,345,0,0
BRDA:1029,345,1,0
BRDA:1034,346,0,0
BRDA:1034,346,1,0
BRDA:1034,347,0,0
BRDA:1034,347,1,0
BRDA:1038,348,0,0
BRDA:1038,348,1,0
BRDA:1044,349,0,0
BRDA:1044,349,1,0
BRDA:1045,350,0,0
BRDA:1045,350,1,0
BRDA:1052,351,0,0
BRDA:1052,351,1,0
BRDA:1070,352,0,0
BRDA:1070,352,1,0
BRDA:1070,353,0,0
BRDA:1070,353,1,0
BRDA:1079,354,0,0
BRDA:1079,354,1,0
BRDA:1082,355,0,0
BRDA:1082,355,1,0
BRDA:1087,356,0,0
BRDA:1087,356,1,0
BRDA:1087,357,0,0
BRDA:1087,357,1,0
BRDA:1091,358,0,0
BRDA:1091,358,1,0
BRDA:1097,359,0,0
BRDA:1097,359,1,0
BRDA:1098,360,0,0
BRDA:1098,360,1,0
BRDA:1105,361,0,0
BRDA:1105,361,1,0
BRDA:1122,362,0,0
BRDA:1122,362,1,0
BRDA:1127,363,0,0
BRDA:1127,363,1,0
BRDA:1137,364,0,0
BRDA:1137,364,1,0
BRDA:1139,365,0,0
BRDA:1139,365,1,0
BRDA:1144,366,0,0
BRDA:1144,366,1,0
BRDA:1147,367,0,0
BRDA:1147,367,1,0
BRDA:1175,368,0,0
BRDA:1175,368,1,0
BRDA:1175,369,0,0
BRDA:1175,369,1,0
BRDA:1179,370,0,0
BRDA:1179,370,1,0
BRDA:1184,371,0,0
BRDA:1184,371,1,0
BRDA:1187,372,0,0
BRDA:1187,372,1,0
BRDA:1188,373,0,0
BRDA:1188,373,1,0
BRDA:1194,374,0,0
BRDA:1194,374,1,0
BRDA:1198,375,0,0
BRDA:1198,375,1,0
BRDA:1199,376,0,0
BRDA:1199,376,1,0
BRDA:1200,377,0,0
BRDA:1200,377,1,0
BRDA:1218,378,0,0
BRDA:1218,378,1,0
BRDA:1223,379,0,0
BRDA:1223,379,1,0
BRDA:1231,380,0,0
BRDA:1231,380,1,0
BRDA:1232,381,0,0
BRDA:1232,381,1,0
BRDA:1243,382,0,0
BRDA:1243,382,1,0
BRDA:1248,383,0,0
BRDA:1248,383,1,0
BRDA:1258,384,0,0
BRDA:1258,384,1,0
BRDA:1296,385,0,0
BRDA:1296,385,1,0
BRDA:1296,386,0,0
BRDA:1296,386,1,0
BRDA:1300,387,0,0
BRDA:1300,387,1,0
BRDA:1305,388,0,0
BRDA:1305,388,1,0
BRDA:1308,389,0,0
BRDA:1308,389,1,0
BRDA:1309,390,0,0
BRDA:1309,390,1,0
BRDA:1315,391,0,0
BRDA:1315,391,1,0
BRDA:1319,392,0,0
BRDA:1319,392,1,0
BRDA:1320,393,0,0
BRDA:1320,393,1,0
BRDA:1321,394,0,0
BRDA:1321,394,1,0
BRDA:1340,395,0,0
BRDA:1340,395,1,0
BRDA:1345,396,0,0
BRDA:1345,396,1,0
BRDA:1353,397,0,0
BRDA:1353,397,1,0
BRDA:1354,398,0,0
BRDA:1354,398,1,0
BRDA:1366,399,0,0
BRDA:1366,399,1,0
BRDA:1367,400,0,0
BRDA:1367,400,1,0
BRDA:1369,401,0,0
BRDA:1369,401,1,0
BRDA:1373,402,0,0
BRDA:1373,402,1,0
BRDA:1387,403,0,0
BRDA:1387,403,1,0
BRDA:1400,404,0,5
BRDA:1400,404,1,25
BRDA:1400,405,0,30
BRDA:1400,405,1,5
BRDA:1409,406,0,0
BRDA:1409,406,1,25
BRDA:1412,407,0,25
BRDA:1412,407,1,0
BRDA:1426,408,0,85
BRDA:1426,408,1,300
BRDA:1426,409,0,385
BRDA:1426,409,1,85
BRDA:1430,410,0,30
BRDA:1430,410,1,355
BRDA:1437,411,0,25
BRDA:1437,411,1,5
BRDA:1438,412,0,0
BRDA:1438,412,1,30
BRDA:1439,413,0,30
BRDA:1439,413,1,0
BRDA:1445,414,0,30
BRDA:1445,414,1,0
BRDA:1445,415,0,30
BRDA:1445,415,1,0
BRDA:1448,416,0,30
BRDA:1448,416,1,0
BRDA:1453,417,0,0
BRDA:1453,417,1,30
BRDA:1460,418,0,0
BRDA:1460,418,1,30
BRDA:1463,419,0,0
BRDA:1463,419,1,30
BRDA:1466,420,0,0
BRDA:1466,420,1,30
BRDA:1469,421,0,0
BRDA:1469,421,1,30
BRDA:1472,422,0,0
BRDA:1472,422,1,30
BRDA:1475,423,0,0
BRDA:1475,423,1,30
BRDA:1485,424,0,0
BRDA:1485,424,1,30
BRDA:1488,425,0,0
BRDA:1488,425,1,30
BRDA:1491,426,0,0
BRDA:1491,426,1,30
BRDA:1494,427,0,0
BRDA:1494,427,1,30
BRDA:1497,428,0,0
BRDA:1497,428,1,30
BRDA:1500,429,0,0
BRDA:1500,429,1,30
BRDA:1510,430,0,0
BRDA:1510,430,1,30
BRDA:1525,431,0,31
BRDA:1525,431,1,31
BRDA:1532,432,0,31
BRDA:1532,432,1,0
BRDA:1556,433,0,1
BRDA:1556,433,1,0
BRDA:1557,434,0,1
BRDA:1557,434,1,0
BRDA:1558,435,0,1
BRDA:1558,435,1,0
BRDA:1558,436,0,1
BRDA:1558,436,1,1
BRDA:1570,437,0,1
BRDA:1570,437,1,0
BRDA:1575,438,0,6
BRDA:1575,438,1,9
BRDA:1575,439,0,15
BRDA:1575,439,1,6
BRDA:1579,440,0,1
BRDA:1579,440,1,14
BRDA:1598,441,0,0
BRDA:1598,441,1,1
BRDA:1601,442,0,0
BRDA:1601,442,1,1
BRDA:1601,443,0,1
BRDA:1601,443,1,1
BRDA:1602,444,0,0
BRDA:1602,444,1,0
BRDA:1602,445,0,0
BRDA:1602,445,1,0
BRDA:1610,446,0,1
BRDA:1610,446,1,0
BRDA:1610,447,0,1
BRDA:1610,447,1,0
BRDA:1613,448,0,1
BRDA:1613,448,1,0
BRDA:1618,449,0,0
BRDA:1618,449,1,1
BRDA:1638,450,0,0
BRDA:1638,450,1,0
BRDA:1638,451,0,0
BRDA:1638,451,1,0
BRDA:1644,452,0,0
BRDA:1644,452,1,0
BRDA:1644,453,0,0
BRDA:1644,453,1,0
BRDA:1648,454,0,0
BRDA:1648,454,1,0
BRDA:1655,455,0,0
BRDA:1655,455,1,0
BRDA:1656,456,0,0
BRDA:1656,456,1,0
BRDA:1657,457,0,0
BRDA:1657,457,1,0
BRDA:1663,458,0,0
BRDA:1663,458,1,0
BRDA:1663,459,0,0
BRDA:1663,459,1,0
BRDA:1666,460,0,0
BRDA:1666,460,1,0
BRDA:1671,461,0,0
BRDA:1671,461,1,0
BRDA:1678,462,0,0
BRDA:1678,462,1,0
BRDA:1681,463,0,0
BRDA:1681,463,1,0
BRDA:1684,464,0,0
BRDA:1684,464,1,0
BRDA:1687,465,0,0
BRDA:1687,465,1,0
BRDA:1690,466,0,0
BRDA:1690,466,1,0
BRDA:1693,467,0,0
BRDA:1693,467,1,0
BRDA:1703,468,0,0
BRDA:1703,468,1,0
BRDA:1718,469,0,0
BRDA:1718,469,1,0
BRDA:1725,470,0,0
BRDA:1725,470,1,0
BRDA:1749,471,0,0
BRDA:1749,471,1,0
BRDA:1751,472,0,0
BRDA:1751,472,1,0
BRDA:1751,473,0,0
BRDA:1751,473,1,0
BRDA:1763,474,0,0
BRDA:1763,474,1,0
BRDA:1768,475,0,0
BRDA:1768,475,1,0
BRDA:1768,476,0,0
BRDA:1768,476,1,0
BRDA:1772,477,0,0
BRDA:1772,477,1,0
BRDA:1792,478,0,0
BRDA:1792,478,1,0
BRDA:1795,479,0,0
BRDA:1795,479,1,0
BRDA:1795,480,0,0
BRDA:1795,480,1,0
BRDA:1798,481,0,0
BRDA:1798,481,1,0
BRDA:1803,482,0,0
BRDA:1803,482,1,0
BRDA:1824,483,0,0
BRDA:1824,483,1,1
BRDA:1824,484,0,1
BRDA:1824,484,1,1
BRDA:1826,485,0,0
BRDA:1826,485,1,0
BRDA:1826,486,0,0
BRDA:1826,486,1,0
BRDA:1845,487,0,1
BRDA:1845,487,1,0
BRDA:1845,488,0,1
BRDA:1845,488,1,1
BRDA:1851,489,0,1
BRDA:1851,489,1,30
BRDA:1854,490,0,0
BRDA:1854,490,1,30
BRDA:1857,491,0,30
BRDA:1857,491,1,0
BRDA:1863,492,0,0
BRDA:1863,492,1,1
BRDA:1863,493,0,1
BRDA:1863,493,1,0
BRDA:1863,493,2,0
BRDA:1865,494,0,0
BRDA:1865,494,1,1
BRDA:1867,495,0,1
BRDA:1867,495,1,0
BRDA:1878,496,0,1
BRDA:1878,496,1,1
BRDA:1880,497,0,1
BRDA:1880,497,1,0
BRDA:1880,498,0,1
BRDA:1880,498,1,0
BRDA:1882,499,0,0
BRDA:1882,499,1,0
BRDA:1888,500,0,1
BRDA:1888,500,1,0
BRF:1020
BRH:99
end_of_record
TN:
SF:src\main\server\cartridge\adapter\jsonLd.js
FN:4,importJsonLd
FNF:1
FNH:0
FNDA:0,importJsonLd
DA:7,0
DA:8,0
DA:9,0
DA:10,0
DA:11,0
DA:12,0
DA:14,0
DA:15,0
DA:18,0
DA:19,0
DA:21,0
DA:22,0
DA:25,0
DA:27,0
DA:28,0
DA:30,0
DA:31,0
DA:32,0
DA:33,0
DA:34,0
DA:36,0
DA:37,0
DA:39,0
DA:40,0
DA:41,0
DA:42,0
DA:47,0
DA:48,0
DA:50,0
DA:51,0
DA:53,0
DA:54,0
DA:55,0
DA:57,0
DA:59,0
DA:60,0
DA:62,0
DA:63,0
DA:65,0
DA:66,0
DA:67,0
DA:69,0
DA:71,0
DA:74,0
DA:75,0
DA:76,0
DA:77,0
DA:80,0
DA:84,0
DA:85,0
DA:87,0
DA:91,1
DA:92,1
LF:53
LH:2
BRDA:7,0,0,0
BRDA:7,0,1,0
BRDA:7,1,0,0
BRDA:7,1,1,0
BRDA:9,2,0,0
BRDA:9,2,1,0
BRDA:9,3,0,0
BRDA:9,3,1,0
BRDA:11,4,0,0
BRDA:11,4,1,0
BRDA:11,5,0,0
BRDA:11,5,1,0
BRDA:32,6,0,0
BRDA:32,6,1,0
BRDA:32,7,0,0
BRDA:32,7,1,0
BRDA:39,8,0,0
BRDA:39,8,1,0
BRDA:41,9,0,0
BRDA:41,9,1,0
BRDA:59,10,0,0
BRDA:59,10,1,0
BRDA:65,11,0,0
BRDA:65,11,1,0
BRDA:65,12,0,0
BRDA:65,12,1,0
BRDA:66,13,0,0
BRDA:66,13,1,0
BRDA:74,14,0,0
BRDA:74,14,1,0
BRDA:76,15,0,0
BRDA:76,15,1,0
BRDA:84,16,0,0
BRDA:84,16,1,0
BRDA:84,17,0,0
BRDA:84,17,1,0
BRDA:91,18,0,1
BRDA:91,18,1,0
BRF:38
BRH:1
end_of_record
TN:
SF:src\main\server\cartridge\adapter\ollama.js
FN:4,isOllamaRunning
FN:24,(anonymous_1)
FN:44,createFramework
FN:53,generateThings
FN:68,ollamaEndpoint
FNF:5
FNH:0
FNDA:0,isOllamaRunning
FNDA:0,(anonymous_1)
FNDA:0,createFramework
FNDA:0,generateThings
FNDA:0,ollamaEndpoint
DA:1,1
DA:5,0
DA:6,0
DA:17,0
DA:19,0
DA:23,1
DA:24,1
DA:25,0
DA:38,0
DA:39,0
DA:40,0
DA:45,0
DA:46,0
DA:47,0
DA:48,0
DA:49,0
DA:50,0
DA:54,0
DA:55,0
DA:56,0
DA:57,0
DA:58,0
DA:59,0
DA:60,0
DA:61,0
DA:62,0
DA:63,0
DA:65,0
DA:70,0
DA:71,0
DA:74,0
DA:75,0
DA:76,0
DA:77,0
DA:79,0
DA:83,1
DA:84,1
LF:37
LH:5
BRDA:58,0,0,0
BRDA:58,0,1,0
BRDA:70,1,0,0
BRDA:70,1,1,0
BRDA:75,2,0,0
BRDA:75,2,1,0
BRDA:83,3,0,1
BRDA:83,3,1,0
BRF:8
BRH:1
end_of_record
TN:
SF:src\main\server\cartridge\adapter\openbadges.js
FN:3,(anonymous_0)
FN:13,(anonymous_1)
FN:18,(anonymous_2)
FN:31,(anonymous_3)
FN:48,(anonymous_4)
FN:73,(anonymous_5)
FN:119,(anonymous_6)
FN:164,(anonymous_7)
FN:222,(anonymous_8)
FNF:9
FNH:0
FNDA:0,(anonymous_0)
FNDA:0,(anonymous_1)
FNDA:0,(anonymous_2)
FNDA:0,(anonymous_3)
FNDA:0,(anonymous_4)
FNDA:0,(anonymous_5)
FNDA:0,(anonymous_6)
FNDA:0,(anonymous_7)
FNDA:0,(anonymous_8)
DA:1,1
DA:3,1
DA:4,0
DA:6,0
DA:7,0
DA:8,0
DA:9,0
DA:10,0
DA:13,1
DA:14,0
DA:18,1
DA:19,0
DA:20,0
DA:21,0
DA:23,0
DA:24,0
DA:25,0
DA:26,0
DA:28,0
DA:31,1
DA:32,0
DA:33,0
DA:34,0
DA:35,0
DA:36,0
DA:37,0
DA:39,0
DA:48,1
DA:49,0
DA:50,0
DA:51,0
DA:52,0
DA:53,0
DA:54,0
DA:56,0
DA:73,1
DA:74,0
DA:75,0
DA:76,0
DA:77,0
DA:78,0
DA:79,0
DA:81,0
DA:82,0
DA:83,0
DA:84,0
DA:85,0
DA:86,0
DA:93,0
DA:94,0
DA:95,0
DA:96,0
DA:97,0
DA:98,0
DA:105,0
DA:106,0
DA:107,0
DA:108,0
DA:109,0
DA:110,0
DA:119,1
DA:120,0
DA:122,0
DA:123,0
DA:124,0
DA:126,0
DA:127,0
DA:128,0
DA:129,0
DA:132,0
DA:133,0
DA:134,0
DA:135,0
DA:136,0
DA:137,0
DA:139,0
DA:140,0
DA:141,0
DA:142,0
DA:143,0
DA:146,0
DA:147,0
DA:148,0
DA:150,0
DA:151,0
DA:164,1
DA:165,0
DA:167,0
DA:168,0
DA:169,0
DA:170,0
DA:171,0
DA:172,0
DA:174,0
DA:175,0
DA:176,0
DA:177,0
DA:178,0
DA:179,0
DA:180,0
DA:181,0
DA:182,0
DA:183,0
DA:184,0
DA:185,0
DA:186,0
DA:187,0
DA:188,0
DA:190,0
DA:191,0
DA:193,0
DA:194,0
DA:195,0
DA:196,0
DA:197,0
DA:199,0
DA:201,0
DA:202,0
DA:203,0
DA:219,0
DA:222,1
DA:223,0
DA:225,0
DA:226,0
DA:228,0
DA:229,0
DA:231,0
DA:232,0
DA:234,0
DA:235,0
DA:237,0
DA:238,0
DA:240,0
DA:241,0
DA:242,0
DA:243,0
DA:244,0
DA:245,0
DA:247,0
DA:248,0
DA:250,0
DA:257,1
DA:258,1
DA:259,1
DA:260,1
DA:261,1
DA:262,1
LF:147
LH:16
BRDA:20,0,0,0
BRDA:20,0,1,0
BRDA:23,1,0,0
BRDA:23,1,1,0
BRDA:33,2,0,0
BRDA:33,2,1,0
BRDA:36,3,0,0
BRDA:36,3,1,0
BRDA:50,4,0,0
BRDA:50,4,1,0
BRDA:53,5,0,0
BRDA:53,5,1,0
BRDA:61,6,0,0
BRDA:61,6,1,0
BRDA:75,7,0,0
BRDA:75,7,1,0
BRDA:78,8,0,0
BRDA:78,8,1,0
BRDA:81,9,0,0
BRDA:81,9,1,0
BRDA:93,10,0,0
BRDA:93,10,1,0
BRDA:105,11,0,0
BRDA:105,11,1,0
BRDA:123,12,0,0
BRDA:123,12,1,0
BRDA:136,13,0,0
BRDA:136,13,1,0
BRDA:140,14,0,0
BRDA:140,14,1,0
BRDA:147,15,0,0
BRDA:147,15,1,0
BRDA:158,16,0,0
BRDA:158,16,1,0
BRDA:169,17,0,0
BRDA:169,17,1,0
BRDA:175,18,0,0
BRDA:175,18,1,0
BRDA:178,19,0,0
BRDA:178,19,1,0
BRDA:181,20,0,0
BRDA:181,20,1,0
BRDA:184,21,0,0
BRDA:184,21,1,0
BRDA:187,22,0,0
BRDA:187,22,1,0
BRDA:194,23,0,0
BRDA:194,23,1,0
BRDA:196,24,0,0
BRDA:196,24,1,0
BRDA:201,25,0,0
BRDA:201,25,1,0
BRDA:228,26,0,0
BRDA:228,26,1,0
BRDA:228,27,0,0
BRDA:228,27,1,0
BRDA:231,28,0,0
BRDA:231,28,1,0
BRDA:234,29,0,0
BRDA:234,29,1,0
BRDA:234,30,0,0
BRDA:234,30,1,0
BRDA:234,30,2,0
BRDA:237,31,0,0
BRDA:237,31,1,0
BRDA:237,32,0,0
BRDA:237,32,1,0
BRDA:237,32,2,0
BRDA:241,33,0,0
BRDA:241,33,1,0
BRDA:244,34,0,0
BRDA:244,34,1,0
BRDA:247,35,0,0
BRDA:247,35,1,0
BRDA:257,36,0,1
BRDA:257,36,1,0
BRF:76
BRH:1
end_of_record
TN:
SF:src\main\server\cartridge\adapter\pna.js
FN:8,pnaEndpoint
FN:72,(anonymous_1)
FN:78,(anonymous_2)
FN:94,(anonymous_3)
FN:98,(anonymous_4)
FN:100,(anonymous_5)
FN:113,uploadToAws
FN:171,(anonymous_7)
FN:174,(anonymous_8)
FNF:9
FNH:0
FNDA:0,pnaEndpoint
FNDA:0,(anonymous_1)
FNDA:0,(anonymous_2)
FNDA:0,(anonymous_3)
FNDA:0,(anonymous_4)
FNDA:0,(anonymous_5)
FNDA:0,uploadToAws
FNDA:0,(anonymous_7)
FNDA:0,(anonymous_8)
DA:1,1
DA:9,0
DA:10,0
DA:11,0
DA:12,0
DA:13,0
DA:14,0
DA:16,0
DA:17,0
DA:20,0
DA:21,0
DA:23,0
DA:24,0
DA:28,0
DA:30,0
DA:31,0
DA:33,0
DA:39,0
DA:40,0
DA:41,0
DA:42,0
DA:44,0
DA:47,0
DA:48,0
DA:49,0
DA:51,0
DA:54,0
DA:68,0
DA:70,0
DA:71,0
DA:72,0
DA:73,0
DA:79,0
DA:80,0
DA:81,0
DA:82,0
DA:83,0
DA:84,0
DA:85,0
DA:95,0
DA:98,0
DA:99,0
DA:101,0
DA:104,0
DA:106,0
DA:107,0
DA:109,0
DA:114,0
DA:116,0
DA:117,0
DA:118,0
DA:119,0
DA:120,0
DA:122,0
DA:123,0
DA:124,0
DA:125,0
DA:130,0
DA:131,0
DA:132,0
DA:137,0
DA:138,0
DA:139,0
DA:144,0
DA:145,0
DA:146,0
DA:151,0
DA:152,0
DA:153,0
DA:158,0
DA:166,0
DA:171,0
DA:172,0
DA:173,0
DA:175,0
DA:176,0
DA:177,0
DA:179,0
DA:184,0
DA:185,0
DA:186,0
DA:193,1
DA:194,1
LF:83
LH:3
BRDA:13,0,0,0
BRDA:13,0,1,0
BRDA:16,1,0,0
BRDA:16,1,1,0
BRDA:21,2,0,0
BRDA:21,2,1,0
BRDA:21,3,0,0
BRDA:21,3,1,0
BRDA:23,4,0,0
BRDA:23,4,1,0
BRDA:34,5,0,0
BRDA:34,5,1,0
BRDA:36,6,0,0
BRDA:36,6,1,0
BRDA:40,7,0,0
BRDA:40,7,1,0
BRDA:41,8,0,0
BRDA:41,8,1,0
BRDA:41,9,0,0
BRDA:41,9,1,0
BRDA:47,10,0,0
BRDA:47,10,1,0
BRDA:47,11,0,0
BRDA:47,11,1,0
BRDA:48,12,0,0
BRDA:48,12,1,0
BRDA:48,13,0,0
BRDA:48,13,1,0
BRDA:57,14,0,0
BRDA:57,14,1,0
BRDA:60,15,0,0
BRDA:60,15,1,0
BRDA:61,16,0,0
BRDA:61,16,1,0
BRDA:62,17,0,0
BRDA:62,17,1,0
BRDA:62,18,0,0
BRDA:62,18,1,0
BRDA:64,19,0,0
BRDA:64,19,1,0
BRDA:65,20,0,0
BRDA:65,20,1,0
BRDA:68,21,0,0
BRDA:68,21,1,0
BRDA:79,22,0,0
BRDA:79,22,1,0
BRDA:79,23,0,0
BRDA:79,23,1,0
BRDA:81,24,0,0
BRDA:81,24,1,0
BRDA:81,25,0,0
BRDA:81,25,1,0
BRDA:83,26,0,0
BRDA:83,26,1,0
BRDA:83,27,0,0
BRDA:83,27,1,0
BRDA:89,28,0,0
BRDA:89,28,1,0
BRDA:89,29,0,0
BRDA:89,29,1,0
BRDA:89,30,0,0
BRDA:89,30,1,0
BRDA:91,31,0,0
BRDA:91,31,1,0
BRDA:104,32,0,0
BRDA:104,32,1,0
BRDA:104,33,0,0
BRDA:104,33,1,0
BRDA:116,34,0,0
BRDA:116,34,1,0
BRDA:117,35,0,0
BRDA:117,35,1,0
BRDA:118,36,0,0
BRDA:118,36,1,0
BRDA:119,37,0,0
BRDA:119,37,1,0
BRDA:123,38,0,0
BRDA:123,38,1,0
BRDA:130,39,0,0
BRDA:130,39,1,0
BRDA:137,40,0,0
BRDA:137,40,1,0
BRDA:144,41,0,0
BRDA:144,41,1,0
BRDA:151,42,0,0
BRDA:151,42,1,0
BRDA:193,43,0,1
BRDA:193,43,1,0
BRF:88
BRH:1
end_of_record
TN:
SF:src\main\server\cartridge\adapter\replicate.js
FN:14,(anonymous_0)
FN:24,(anonymous_1)
FN:41,(anonymous_2)
FN:67,(anonymous_3)
FN:91,(anonymous_4)
FN:97,connectWebsocket
FN:101,(anonymous_6)
FN:108,(anonymous_7)
FN:123,(anonymous_8)
FNF:9
FNH:2
FNDA:0,(anonymous_0)
FNDA:1,(anonymous_1)
FNDA:0,(anonymous_2)
FNDA:0,(anonymous_3)
FNDA:1,(anonymous_4)
FNDA:0,connectWebsocket
FNDA:0,(anonymous_6)
FNDA:0,(anonymous_7)
FNDA:0,(anonymous_8)
DA:1,1
DA:2,1
DA:3,1
DA:4,1
DA:5,1
DA:7,1
DA:8,1
DA:9,1
DA:10,1
DA:11,1
DA:13,1
DA:14,1
DA:15,0
DA:16,0
DA:17,0
DA:20,0
DA:21,0
DA:24,1
DA:25,1
DA:26,1
DA:27,0
DA:28,0
DA:29,0
DA:30,0
DA:42,0
DA:44,0
DA:46,0
DA:47,0
DA:48,0
DA:49,0
DA:51,0
DA:52,0
DA:53,0
DA:55,0
DA:56,0
DA:58,0
DA:59,0
DA:61,0
DA:62,0
DA:66,0
DA:67,0
DA:68,0
DA:70,0
DA:71,0
DA:72,0
DA:74,0
DA:75,0
DA:76,0
DA:78,0
DA:79,0
DA:81,0
DA:82,0
DA:83,0
DA:84,0
DA:87,0
DA:91,1
DA:92,1
DA:93,1
DA:96,1
DA:98,0
DA:99,0
DA:101,0
DA:102,0
DA:103,0
DA:104,0
DA:105,0
DA:108,0
DA:109,0
DA:110,0
DA:111,0
DA:114,0
DA:115,0
DA:116,0
DA:117,0
DA:118,0
DA:119,0
DA:120,0
DA:123,0
DA:124,0
DA:125,0
DA:126,0
LF:81
LH:19
BRDA:2,0,0,1
BRDA:2,0,1,1
BRDA:3,1,0,1
BRDA:3,1,1,1
BRDA:15,2,0,0
BRDA:15,2,1,0
BRDA:16,3,0,0
BRDA:16,3,1,0
BRDA:25,4,0,1
BRDA:25,4,1,0
BRDA:27,5,0,0
BRDA:27,5,1,0
BRDA:44,6,0,0
BRDA:44,6,1,0
BRDA:55,7,0,0
BRDA:55,7,1,0
BRDA:68,8,0,0
BRDA:68,8,1,0
BRDA:68,9,0,0
BRDA:68,9,1,0
BRDA:68,9,2,0
BRDA:68,9,3,0
BRDA:68,9,4,0
BRDA:76,10,0,0
BRDA:76,10,1,0
BRDA:92,11,0,0
BRDA:92,11,1,1
BRDA:110,12,0,0
BRDA:110,12,1,0
BRF:29
BRH:6
end_of_record
TN:
SF:src\main\server\cartridge\adapter\scd.js
FN:26,removeFields
FN:34,getGuid
FN:40,transformUrl
FN:49,cassFrameworkAsScd
FN:68,cassCompetencyAsScd
FN:91,cassRelationAsScd
FN:116,cassToScd
FN:173,scdEndpoint
FNF:8
FNH:0
FNDA:0,removeFields
FNDA:0,getGuid
FNDA:0,transformUrl
FNDA:0,cassFrameworkAsScd
FNDA:0,cassCompetencyAsScd
FNDA:0,cassRelationAsScd
FNDA:0,cassToScd
FNDA:0,scdEndpoint
DA:1,1
DA:2,1
DA:8,1
DA:9,1
DA:17,1
DA:18,1
DA:24,1
DA:27,0
DA:28,0
DA:29,0
DA:35,0
DA:36,0
DA:37,0
DA:41,0
DA:42,0
DA:44,0
DA:46,0
DA:50,0
DA:51,0
DA:52,0
DA:53,0
DA:54,0
DA:55,0
DA:58,0
DA:59,0
DA:60,0
DA:62,0
DA:63,0
DA:65,0
DA:69,0
DA:70,0
DA:71,0
DA:73,0
DA:75,0
DA:76,0
DA:77,0
DA:78,0
DA:81,0
DA:82,0
DA:83,0
DA:84,0
DA:87,0
DA:88,0
DA:92,0
DA:93,0
DA:94,0
DA:96,0
DA:98,0
DA:99,0
DA:100,0
DA:101,0
DA:104,0
DA:105,0
DA:106,0
DA:107,0
DA:108,0
DA:109,0
DA:112,0
DA:113,0
DA:117,0
DA:118,0
DA:119,0
DA:120,0
DA:121,0
DA:122,0
DA:123,0
DA:124,0
DA:126,0
DA:127,0
DA:128,0
DA:130,0
DA:131,0
DA:132,0
DA:133,0
DA:134,0
DA:135,0
DA:136,0
DA:137,0
DA:138,0
DA:139,0
DA:140,0
DA:141,0
DA:143,0
DA:144,0
DA:145,0
DA:147,0
DA:148,0
DA:149,0
DA:150,0
DA:152,0
DA:153,0
DA:154,0
DA:155,0
DA:156,0
DA:157,0
DA:158,0
DA:160,0
DA:161,0
DA:162,0
DA:164,0
DA:165,0
DA:169,0
DA:170,0
DA:174,0
DA:175,0
DA:177,0
DA:178,0
DA:181,1
LF:108
LH:8
BRDA:28,0,0,0
BRDA:28,0,1,0
BRDA:41,1,0,0
BRDA:41,1,1,0
BRDA:41,2,0,0
BRDA:41,2,1,0
BRDA:53,3,0,0
BRDA:53,3,1,0
BRDA:75,4,0,0
BRDA:75,4,1,0
BRDA:82,5,0,0
BRDA:82,5,1,0
BRDA:98,6,0,0
BRDA:98,6,1,0
BRDA:107,7,0,0
BRDA:107,7,1,0
BRDA:121,8,0,0
BRDA:121,8,1,0
BRDA:123,9,0,0
BRDA:123,9,1,0
BRDA:123,10,0,0
BRDA:123,10,1,0
BRDA:126,11,0,0
BRDA:126,11,1,0
BRDA:126,12,0,0
BRDA:126,12,1,0
BRDA:130,13,0,0
BRDA:130,13,1,0
BRDA:130,14,0,0
BRDA:130,14,1,0
BRDA:130,14,2,0
BRDA:132,15,0,0
BRDA:132,15,1,0
BRDA:134,16,0,0
BRDA:134,16,1,0
BRDA:136,17,0,0
BRDA:136,17,1,0
BRDA:136,18,0,0
BRDA:136,18,1,0
BRDA:138,19,0,0
BRDA:138,19,1,0
BRDA:138,20,0,0
BRDA:138,20,1,0
BRDA:143,21,0,0
BRDA:143,21,1,0
BRDA:143,22,0,0
BRDA:143,22,1,0
BRDA:147,23,0,0
BRDA:147,23,1,0
BRDA:147,24,0,0
BRDA:147,24,1,0
BRDA:149,25,0,0
BRDA:149,25,1,0
BRDA:153,26,0,0
BRDA:153,26,1,0
BRDA:153,27,0,0
BRDA:153,27,1,0
BRDA:155,28,0,0
BRDA:155,28,1,0
BRDA:160,29,0,0
BRDA:160,29,1,0
BRDA:160,30,0,0
BRDA:160,30,1,0
BRDA:164,31,0,0
BRDA:164,31,1,0
BRDA:169,32,0,0
BRDA:169,32,1,0
BRDA:169,33,0,0
BRDA:169,33,1,0
BRDA:169,33,2,0
BRDA:174,34,0,0
BRDA:174,34,1,0
BRF:72
BRH:0
end_of_record
TN:
SF:src\main\server\cartridge\adapter\xapi.js
FN:4,(anonymous_0)
FN:19,(anonymous_1)
FN:40,(anonymous_2)
FN:54,(anonymous_3)
FN:57,(anonymous_4)
FN:84,(anonymous_5)
FN:99,(anonymous_6)
FN:102,(anonymous_7)
FN:120,(anonymous_8)
FN:162,(anonymous_9)
FN:164,(anonymous_10)
FN:190,(anonymous_11)
FN:192,(anonymous_12)
FN:204,(anonymous_13)
FN:206,(anonymous_14)
FN:239,(anonymous_15)
FN:242,(anonymous_16)
FN:248,(anonymous_17)
FN:259,(anonymous_18)
FN:264,(anonymous_19)
FN:285,(anonymous_20)
FNF:21
FNH:0
FNDA:0,(anonymous_0)
FNDA:0,(anonymous_1)
FNDA:0,(anonymous_2)
FNDA:0,(anonymous_3)
FNDA:0,(anonymous_4)
FNDA:0,(anonymous_5)
FNDA:0,(anonymous_6)
FNDA:0,(anonymous_7)
FNDA:0,(anonymous_8)
FNDA:0,(anonymous_9)
FNDA:0,(anonymous_10)
FNDA:0,(anonymous_11)
FNDA:0,(anonymous_12)
FNDA:0,(anonymous_13)
FNDA:0,(anonymous_14)
FNDA:0,(anonymous_15)
FNDA:0,(anonymous_16)
FNDA:0,(anonymous_17)
FNDA:0,(anonymous_18)
FNDA:0,(anonymous_19)
FNDA:0,(anonymous_20)
DA:1,1
DA:2,1
DA:4,1
DA:5,0
DA:6,0
DA:7,0
DA:8,0
DA:14,0
DA:15,0
DA:17,1
DA:19,1
DA:21,0
DA:22,0
DA:24,0
DA:26,0
DA:27,0
DA:28,0
DA:29,0
DA:30,0
DA:31,0
DA:32,0
DA:34,0
DA:36,0
DA:37,0
DA:40,1
DA:41,0
DA:42,0
DA:43,0
DA:44,0
DA:45,0
DA:46,0
DA:47,0
DA:48,0
DA:49,0
DA:50,0
DA:53,1
DA:54,1
DA:55,0
DA:57,1
DA:58,0
DA:59,0
DA:60,0
DA:61,0
DA:62,0
DA:64,0
DA:65,0
DA:66,0
DA:67,0
DA:68,0
DA:73,0
DA:74,0
DA:75,0
DA:76,0
DA:77,0
DA:80,0
DA:81,0
DA:84,1
DA:85,0
DA:86,0
DA:87,0
DA:88,0
DA:89,0
DA:90,0
DA:91,0
DA:92,0
DA:93,0
DA:94,0
DA:95,0
DA:98,1
DA:99,1
DA:100,0
DA:102,1
DA:103,0
DA:104,0
DA:105,0
DA:106,0
DA:107,0
DA:109,0
DA:110,0
DA:111,0
DA:112,0
DA:113,0
DA:115,0
DA:116,0
DA:119,1
DA:120,1
DA:121,0
DA:122,0
DA:123,0
DA:124,0
DA:125,0
DA:126,0
DA:127,0
DA:128,0
DA:129,0
DA:130,0
DA:131,0
DA:133,0
DA:134,0
DA:135,0
DA:136,0
DA:137,0
DA:139,0
DA:140,0
DA:141,0
DA:142,0
DA:143,0
DA:144,0
DA:145,0
DA:147,0
DA:149,0
DA:150,0
DA:152,0
DA:153,0
DA:154,0
DA:155,0
DA:156,0
DA:157,0
DA:158,0
DA:160,0
DA:161,0
DA:162,0
DA:163,0
DA:165,0
DA:167,0
DA:169,0
DA:170,0
DA:171,0
DA:173,0
DA:174,0
DA:175,0
DA:176,0
DA:177,0
DA:178,0
DA:179,0
DA:181,0
DA:182,0
DA:184,0
DA:185,0
DA:186,0
DA:188,0
DA:189,0
DA:190,0
DA:191,0
DA:193,0
DA:199,0
DA:200,0
DA:202,0
DA:203,0
DA:204,0
DA:205,0
DA:207,0
DA:210,0
DA:212,0
DA:213,0
DA:214,0
DA:215,0
DA:216,0
DA:217,0
DA:218,0
DA:219,0
DA:220,0
DA:221,0
DA:222,0
DA:223,0
DA:224,0
DA:225,0
DA:226,0
DA:227,0
DA:228,0
DA:229,0
DA:230,0
DA:231,0
DA:232,0
DA:233,0
DA:234,0
DA:235,0
DA:236,0
DA:237,0
DA:239,0
DA:240,0
DA:241,0
DA:243,0
DA:248,1
DA:249,0
DA:250,0
DA:251,0
DA:252,0
DA:255,1
DA:256,1
DA:257,1
DA:258,1
DA:259,1
DA:260,0
DA:264,1
DA:265,0
DA:267,0
DA:269,0
DA:270,0
DA:272,0
DA:273,0
DA:274,0
DA:276,0
DA:277,0
DA:278,0
DA:280,0
DA:284,1
DA:285,1
DA:286,0
DA:287,0
DA:288,0
DA:289,0
DA:291,0
DA:300,0
DA:305,0
DA:308,0
DA:309,0
DA:310,0
DA:311,0
DA:312,0
DA:313,0
DA:314,0
DA:315,0
DA:316,0
DA:317,0
DA:318,0
DA:319,0
DA:323,0
DA:324,0
DA:325,0
DA:327,0
DA:328,0
DA:330,0
DA:331,0
DA:336,1
DA:337,1
DA:338,1
DA:339,1
DA:340,1
DA:341,1
LF:240
LH:30
BRDA:5,0,0,0
BRDA:5,0,1,0
BRDA:7,1,0,0
BRDA:7,1,1,0
BRDA:21,2,0,0
BRDA:21,2,1,0
BRDA:26,3,0,0
BRDA:26,3,1,0
BRDA:28,4,0,0
BRDA:28,4,1,0
BRDA:31,5,0,0
BRDA:31,5,1,0
BRDA:41,6,0,0
BRDA:41,6,1,0
BRDA:43,7,0,0
BRDA:43,7,1,0
BRDA:46,8,0,0
BRDA:46,8,1,0
BRDA:48,9,0,0
BRDA:48,9,1,0
BRDA:58,10,0,0
BRDA:58,10,1,0
BRDA:59,11,0,0
BRDA:59,11,1,0
BRDA:62,12,0,0
BRDA:62,12,1,0
BRDA:66,13,0,0
BRDA:66,13,1,0
BRDA:67,14,0,0
BRDA:67,14,1,0
BRDA:75,15,0,0
BRDA:75,15,1,0
BRDA:76,16,0,0
BRDA:76,16,1,0
BRDA:80,17,0,0
BRDA:80,17,1,0
BRDA:86,18,0,0
BRDA:86,18,1,0
BRDA:89,19,0,0
BRDA:89,19,1,0
BRDA:93,20,0,0
BRDA:93,20,1,0
BRDA:104,21,0,0
BRDA:104,21,1,0
BRDA:109,22,0,0
BRDA:109,22,1,0
BRDA:110,23,0,0
BRDA:110,23,1,0
BRDA:121,24,0,0
BRDA:121,24,1,0
BRDA:122,25,0,0
BRDA:122,25,1,0
BRDA:125,26,0,0
BRDA:125,26,1,0
BRDA:126,27,0,0
BRDA:126,27,1,0
BRDA:128,28,0,0
BRDA:128,28,1,0
BRDA:130,29,0,0
BRDA:130,29,1,0
BRDA:134,30,0,0
BRDA:134,30,1,0
BRDA:136,31,0,0
BRDA:136,31,1,0
BRDA:140,32,0,0
BRDA:140,32,1,0
BRDA:143,33,0,0
BRDA:143,33,1,0
BRDA:150,34,0,0
BRDA:150,34,1,0
BRDA:157,35,0,0
BRDA:157,35,1,0
BRDA:169,36,0,0
BRDA:169,36,1,0
BRDA:171,37,0,0
BRDA:171,37,1,0
BRDA:178,38,0,0
BRDA:178,38,1,0
BRDA:179,39,0,0
BRDA:179,39,1,0
BRDA:182,40,0,0
BRDA:182,40,1,0
BRDA:185,41,0,0
BRDA:185,41,1,0
BRDA:189,42,0,0
BRDA:189,42,1,0
BRDA:189,43,0,0
BRDA:189,43,1,0
BRDA:199,44,0,0
BRDA:199,44,1,0
BRDA:203,45,0,0
BRDA:203,45,1,0
BRDA:203,46,0,0
BRDA:203,46,1,0
BRDA:212,47,0,0
BRDA:212,47,1,0
BRDA:214,48,0,0
BRDA:214,48,1,0
BRDA:229,49,0,0
BRDA:229,49,1,0
BRDA:233,50,0,0
BRDA:233,50,1,0
BRDA:236,51,0,0
BRDA:236,51,1,0
BRDA:272,52,0,0
BRDA:272,52,1,0
BRDA:272,52,2,0
BRDA:277,53,0,0
BRDA:277,53,1,0
BRDA:277,54,0,0
BRDA:277,54,1,0
BRDA:287,55,0,0
BRDA:287,55,1,0
BRDA:295,56,0,0
BRDA:295,56,1,0
BRDA:316,57,0,0
BRDA:316,57,1,0
BRDA:318,58,0,0
BRDA:318,58,1,0
BRDA:323,59,0,0
BRDA:323,59,1,0
BRDA:330,60,0,0
BRDA:330,60,1,0
BRDA:330,61,0,0
BRDA:330,61,1,0
BRDA:336,62,0,1
BRDA:336,62,1,0
BRF:127
BRH:1
end_of_record
TN:
SF:src\main\server\profile\calculator.js
FN:11,(anonymous_0)
FN:32,(anonymous_1)
FN:40,(anonymous_2)
FN:43,(anonymous_3)
FN:61,(anonymous_4)
FN:74,(anonymous_5)
FN:80,(anonymous_6)
FN:102,(anonymous_7)
FN:120,(anonymous_8)
FN:121,(anonymous_9)
FN:196,(anonymous_10)
FN:207,(anonymous_11)
FN:218,(anonymous_12)
FN:221,(anonymous_13)
FN:238,handleEdge
FN:308,(anonymous_15)
FN:312,(anonymous_16)
FN:314,(anonymous_17)
FN:326,(anonymous_18)
FN:378,(anonymous_19)
FN:429,(anonymous_20)
FNF:21
FNH:0
FNDA:0,(anonymous_0)
FNDA:0,(anonymous_1)
FNDA:0,(anonymous_2)
FNDA:0,(anonymous_3)
FNDA:0,(anonymous_4)
FNDA:0,(anonymous_5)
FNDA:0,(anonymous_6)
FNDA:0,(anonymous_7)
FNDA:0,(anonymous_8)
FNDA:0,(anonymous_9)
FNDA:0,(anonymous_10)
FNDA:0,(anonymous_11)
FNDA:0,(anonymous_12)
FNDA:0,(anonymous_13)
FNDA:0,handleEdge
FNDA:0,(anonymous_15)
FNDA:0,(anonymous_16)
FNDA:0,(anonymous_17)
FNDA:0,(anonymous_18)
FNDA:0,(anonymous_19)
FNDA:0,(anonymous_20)
DA:3,0
DA:4,0
DA:5,0
DA:6,0
DA:9,0
DA:11,0
DA:13,0
DA:17,0
DA:18,0
DA:21,0
DA:23,0
DA:26,0
DA:27,0
DA:28,0
DA:30,0
DA:31,0
DA:32,0
DA:33,0
DA:34,0
DA:35,0
DA:36,0
DA:39,0
DA:40,0
DA:42,0
DA:44,0
DA:45,0
DA:46,0
DA:47,0
DA:48,0
DA:49,0
DA:50,0
DA:51,0
DA:52,0
DA:53,0
DA:54,0
DA:55,0
DA:56,0
DA:57,0
DA:62,0
DA:63,0
DA:64,0
DA:69,0
DA:70,0
DA:75,0
DA:76,0
DA:81,0
DA:82,0
DA:83,0
DA:85,0
DA:86,0
DA:89,0
DA:90,0
DA:91,0
DA:92,0
DA:93,0
DA:95,0
DA:96,0
DA:99,0
DA:102,0
DA:105,0
DA:107,0
DA:108,0
DA:110,0
DA:111,0
DA:114,0
DA:117,0
DA:119,0
DA:120,0
DA:121,0
DA:122,0
DA:124,0
DA:125,0
DA:126,0
DA:127,0
DA:131,0
DA:132,0
DA:134,0
DA:135,0
DA:136,0
DA:137,0
DA:138,0
DA:140,0
DA:141,0
DA:142,0
DA:143,0
DA:144,0
DA:145,0
DA:147,0
DA:148,0
DA:149,0
DA:150,0
DA:152,0
DA:154,0
DA:157,0
DA:161,0
DA:162,0
DA:165,0
DA:168,0
DA:169,0
DA:173,0
DA:175,0
DA:177,0
DA:178,0
DA:179,0
DA:180,0
DA:181,0
DA:182,0
[...]
BRDA:34,2,1,0
BRDA:36,3,0,0
BRDA:36,3,1,0
BRDA:55,4,0,0
BRDA:55,4,1,49
BRDA:57,5,0,0
BRDA:57,5,1,49
BRDA:60,6,0,49
BRDA:60,6,1,0
BRDA:72,7,0,0
BRDA:72,7,1,185
BRDA:79,8,0,185
BRDA:79,8,1,0
BRDA:82,9,0,321
BRDA:82,9,1,74
BRDA:90,10,0,0
BRDA:90,10,1,185
BRDA:90,11,0,185
BRDA:90,11,1,0
BRDA:96,12,0,0
BRDA:96,12,1,185
BRDA:100,13,0,185
BRDA:100,13,1,0
BRDA:106,14,0,0
BRDA:106,14,1,103
BRDA:114,15,0,0
BRDA:114,15,1,0
BRDA:119,16,0,0
BRDA:119,16,1,103
BRDA:134,17,0,0
BRDA:134,17,1,10
BRDA:146,18,0,11
BRDA:146,18,1,103
BRDA:150,19,0,103
BRDA:150,19,1,0
BRDA:171,20,0,22
BRDA:171,20,1,0
BRDA:174,21,0,0
BRDA:174,21,1,0
BRDA:179,22,0,10
BRDA:179,22,1,12
BRDA:185,23,0,22
BRDA:185,23,1,0
BRDA:188,24,0,12
BRDA:188,24,1,10
BRDA:195,25,0,4
BRDA:195,25,1,18
BRDA:200,26,0,22
BRDA:200,26,1,0
BRDA:205,27,0,2
BRDA:205,27,1,8
BRDA:208,28,0,0
BRDA:208,28,1,10
BRDA:213,29,0,4
BRDA:213,29,1,18
BRDA:213,30,0,4
BRDA:213,30,1,18
BRF:62
BRH:37
end_of_record
TN:
SF:src\main\server\skyRepo\multiput.js
FN:24,(anonymous_0)
FN:78,(anonymous_1)
FN:84,(anonymous_2)
FN:93,(anonymous_3)
FN:105,(anonymous_4)
FN:121,(anonymous_5)
FN:131,(anonymous_6)
FN:136,(anonymous_7)
FN:171,(anonymous_8)
FN:277,(anonymous_9)
FN:289,(anonymous_10)
FN:289,(anonymous_11)
FN:296,(anonymous_12)
FN:301,(anonymous_13)
FN:317,(anonymous_14)
FN:346,(anonymous_15)
FN:347,(anonymous_16)
FN:350,(anonymous_17)
FN:354,(anonymous_18)
FN:354,(anonymous_19)
FN:357,(anonymous_20)
FN:409,(anonymous_21)
FNF:22
FNH:17
FNDA:81,(anonymous_0)
FNDA:0,(anonymous_1)
FNDA:0,(anonymous_2)
FNDA:0,(anonymous_3)
FNDA:0,(anonymous_4)
FNDA:81,(anonymous_5)
FNDA:81,(anonymous_6)
FNDA:290,(anonymous_7)
FNDA:81,(anonymous_8)
FNDA:0,(anonymous_9)
FNDA:290,(anonymous_10)
FNDA:290,(anonymous_11)
FNDA:290,(anonymous_12)
FNDA:7716,(anonymous_13)
FNDA:82,(anonymous_14)
FNDA:36,(anonymous_15)
FNDA:36,(anonymous_16)
FNDA:82,(anonymous_17)
FNDA:292,(anonymous_18)
FNDA:290,(anonymous_19)
FNDA:81,(anonymous_20)
FNDA:290,(anonymous_21)
DA:20,1
DA:21,1
DA:22,1
DA:24,1
DA:25,81
DA:27,81
DA:29,81
DA:30,290
DA:32,290
DA:33,580
DA:42,580
DA:43,580
DA:45,580
DA:46,580
DA:48,580
DA:57,580
DA:58,580
DA:60,580
DA:61,580
DA:64,81
DA:65,81
DA:66,0
DA:67,0
DA:68,0
DA:70,0
DA:73,81
DA:74,0
DA:76,0
DA:77,0
DA:78,0
DA:79,0
DA:80,0
DA:82,0
DA:83,0
DA:84,0
DA:85,0
DA:86,0
DA:87,0
DA:92,0
DA:93,0
DA:94,0
DA:95,0
DA:96,0
DA:97,0
DA:98,0
DA:99,0
DA:101,0
DA:102,0
DA:105,0
DA:108,0
DA:109,0
DA:110,0
DA:111,0
DA:112,0
DA:113,0
DA:119,81
DA:121,1
DA:122,81
DA:123,81
DA:124,81
DA:125,81
DA:128,81
DA:131,1
DA:133,81
DA:134,0
DA:136,290
DA:137,81
DA:138,81
DA:139,290
DA:141,81
DA:142,290
DA:143,290
DA:144,209
DA:148,81
DA:149,81
DA:150,0
DA:152,81
DA:154,81
DA:155,0
DA:157,81
DA:158,0
DA:160,81
DA:161,81
DA:162,0
DA:164,81
DA:165,81
DA:166,15
DA:168,66
DA:171,1
DA:172,81
DA:173,81
DA:174,290
DA:175,290
DA:177,290
DA:178,290
DA:179,290
DA:180,36
DA:181,36
DA:182,36
DA:184,0
DA:188,290
DA:189,290
DA:191,290
DA:192,290
DA:195,81
DA:196,81
DA:197,81
DA:198,290
DA:199,290
DA:200,290
DA:201,224
DA:202,216
DA:204,8
DA:208,290
DA:211,0
DA:212,0
DA:213,0
DA:218,81
DA:220,81
DA:221,290
DA:222,290
DA:223,290
DA:224,281
DA:225,281
DA:226,281
DA:227,0
DA:231,290
DA:232,0
DA:233,0
DA:234,0
DA:235,0
DA:239,290
DA:240,290
DA:241,290
DA:242,0
DA:245,0
DA:247,290
DA:248,24
DA:249,24
DA:252,290
DA:254,290
DA:255,290
DA:256,290
DA:259,290
DA:260,290
DA:262,81
DA:263,81
DA:264,0
DA:265,0
DA:266,0
DA:268,0
DA:271,81
DA:272,0
DA:273,0
DA:275,0
DA:276,0
DA:277,0
DA:278,0
DA:279,0
DA:280,0
DA:286,81
DA:287,81
DA:288,81
DA:289,290
DA:290,290
DA:291,290
DA:292,290
DA:293,290
DA:294,290
DA:296,290
DA:298,81
DA:300,81
DA:301,7716
DA:302,248
DA:303,48
DA:307,81
DA:308,48
DA:309,48
DA:310,48
DA:312,48
DA:315,81
DA:317,1
DA:318,82
DA:319,82
DA:320,292
DA:323,82
DA:325,82
DA:326,1
DA:330,81
DA:332,81
DA:333,290
DA:334,290
DA:335,290
DA:336,290
DA:337,0
DA:338,0
DA:339,0
DA:340,0
DA:342,0
DA:346,81
DA:347,81
DA:348,81
DA:350,1
DA:351,82
DA:352,82
DA:353,82
DA:354,292
DA:357,1
DA:358,81
DA:359,81
DA:360,81
DA:362,81
DA:363,1
DA:364,1
DA:365,1
DA:366,1
DA:368,1
DA:369,1
DA:371,0
DA:373,1
DA:374,1
DA:375,1
DA:376,0
DA:378,1
DA:380,81
DA:382,81
DA:383,81
DA:384,292
DA:385,292
DA:386,292
DA:387,292
DA:388,292
DA:389,218
DA:391,74
DA:393,292
DA:394,292
DA:395,0
DA:397,292
DA:398,292
DA:406,81
DA:408,81
DA:409,290
DA:412,81
DA:413,81
DA:414,81
DA:442,1
LF:246
LH:177
BRDA:36,0,0,580
BRDA:36,0,1,0
BRDA:42,1,0,580
BRDA:42,1,1,0
BRDA:57,2,0,580
BRDA:57,2,1,0
BRDA:65,3,0,0
BRDA:65,3,1,81
BRDA:73,4,0,0
BRDA:73,4,1,81
BRDA:77,5,0,0
BRDA:77,5,1,0
BRDA:79,6,0,0
BRDA:79,6,1,0
BRDA:82,7,0,0
BRDA:82,7,1,0
BRDA:85,8,0,0
BRDA:85,8,1,0
BRDA:92,9,0,0
BRDA:92,9,1,0
BRDA:97,10,0,0
BRDA:97,10,1,0
BRDA:97,11,0,0
BRDA:97,11,1,0
BRDA:101,12,0,0
BRDA:101,12,1,0
BRDA:108,13,0,0
BRDA:108,13,1,0
BRDA:109,14,0,0
BRDA:109,14,1,0
BRDA:109,15,0,0
BRDA:109,15,1,0
BRDA:124,16,0,81
BRDA:124,16,1,0
BRDA:133,17,0,0
BRDA:133,17,1,81
BRDA:143,18,0,209
BRDA:143,18,1,81
BRDA:149,19,0,0
BRDA:149,19,1,81
BRDA:154,20,0,0
BRDA:154,20,1,81
BRDA:157,21,0,0
BRDA:157,21,1,81
BRDA:161,22,0,0
BRDA:161,22,1,81
BRDA:165,23,0,15
BRDA:165,23,1,66
BRDA:179,24,0,36
BRDA:179,24,1,254
BRDA:179,25,0,290
BRDA:179,25,1,290
BRDA:179,25,2,290
BRDA:188,26,0,290
BRDA:188,26,1,0
BRDA:188,27,0,290
BRDA:188,27,1,290
BRDA:191,28,0,290
BRDA:191,28,1,0
BRDA:191,29,0,290
BRDA:191,29,1,290
BRDA:196,30,0,81
BRDA:196,30,1,0
BRDA:200,31,0,224
BRDA:200,31,1,66
BRDA:201,32,0,216
BRDA:201,32,1,8
BRDA:201,33,0,224
BRDA:201,33,1,224
BRDA:201,33,2,216
BRDA:212,34,0,0
BRDA:212,34,1,0
BRDA:223,35,0,281
BRDA:223,35,1,9
BRDA:223,36,0,290
BRDA:223,36,1,281
BRDA:226,37,0,0
BRDA:226,37,1,281
BRDA:231,38,0,0
BRDA:231,38,1,290
BRDA:231,39,0,290
BRDA:231,39,1,0
BRDA:234,40,0,0
BRDA:234,40,1,0
BRDA:241,41,0,0
BRDA:241,41,1,290
BRDA:247,42,0,24
BRDA:247,42,1,266
BRDA:247,43,0,290
BRDA:247,43,1,290
BRDA:255,44,0,290
BRDA:255,44,1,0
BRDA:263,45,0,0
BRDA:263,45,1,81
BRDA:271,46,0,0
BRDA:271,46,1,81
BRDA:273,47,0,0
BRDA:273,47,1,0
BRDA:275,48,0,0
BRDA:275,48,1,0
BRDA:278,49,0,0
BRDA:278,49,1,0
BRDA:289,50,0,290
BRDA:289,50,1,290
BRDA:293,51,0,290
BRDA:293,51,1,0
BRDA:302,52,0,48
BRDA:302,52,1,200
BRDA:302,53,0,248
BRDA:302,53,1,248
BRDA:307,54,0,48
BRDA:307,54,1,33
BRDA:325,55,0,1
BRDA:325,55,1,81
BRDA:336,56,0,0
BRDA:336,56,1,290
BRDA:339,57,0,0
BRDA:339,57,1,0
BRDA:360,58,0,81
BRDA:360,58,1,0
BRDA:362,59,0,1
BRDA:362,59,1,80
BRDA:368,60,0,1
BRDA:368,60,1,0
BRDA:368,61,0,1
BRDA:368,61,1,1
BRDA:375,62,0,0
BRDA:375,62,1,1
BRDA:388,63,0,218
BRDA:388,63,1,74
BRDA:388,64,0,292
BRDA:388,64,1,292
BRDA:388,64,2,292
BRDA:388,64,3,292
BRDA:388,64,4,292
BRDA:394,65,0,0
BRDA:394,65,1,292
BRDA:409,66,0,82
BRDA:409,66,1,82
BRF:139
BRH:78
end_of_record
TN:
SF:src\main\server\skyRepo\ping.js
FN:22,(anonymous_0)
FN:26,(anonymous_1)
FN:34,(anonymous_2)
FN:36,(anonymous_3)
FN:42,(anonymous_4)
FNF:5
FNH:3
FNDA:9,(anonymous_0)
FNDA:0,(anonymous_1)
FNDA:9,(anonymous_2)
FNDA:3,(anonymous_3)
FNDA:0,(anonymous_4)
DA:22,1
DA:24,9
DA:25,0
DA:26,0
DA:28,0
DA:31,9
DA:33,1
DA:34,1
DA:35,9
DA:36,3
DA:37,9
DA:42,0
DA:161,1
LF:13
LH:9
BRDA:24,0,0,0
BRDA:24,0,1,9
BRDA:24,1,0,9
BRDA:24,1,1,0
BRDA:24,1,2,0
BRDA:35,2,0,3
BRDA:35,2,1,6
BRDA:40,3,0,0
BRDA:40,3,1,9
BRDA:41,4,0,3
BRDA:41,4,1,6
BRDA:42,5,0,3
BRDA:42,5,1,6
BRDA:42,6,0,9
BRDA:42,6,1,3
BRDA:43,7,0,0
BRDA:43,7,1,9
BRDA:43,8,0,0
BRDA:43,8,1,0
BRDA:44,9,0,0
BRDA:44,9,1,9
BRDA:44,10,0,0
BRDA:44,10,1,0
BRDA:45,11,0,0
BRDA:45,11,1,9
BRDA:50,12,0,0
BRDA:50,12,1,9
BRDA:54,13,0,0
BRDA:54,13,1,9
BRF:29
BRH:16
end_of_record
TN:
SF:src\main\server\skyRepo\put.js
FN:24,(anonymous_0)
FN:50,(anonymous_1)
FN:75,(anonymous_2)
FN:100,(anonymous_3)
FN:120,(anonymous_4)
FN:155,(anonymous_5)
FN:192,(anonymous_6)
FN:213,(anonymous_7)
FN:296,(anonymous_8)
FN:322,(anonymous_9)
FN:328,(anonymous_10)
FN:329,(anonymous_11)
FNF:12
FNH:11
FNDA:110,(anonymous_0)
FNDA:220,(anonymous_1)
FNDA:220,(anonymous_2)
FNDA:1408,(anonymous_3)
FNDA:110,(anonymous_4)
FNDA:220,(anonymous_5)
FNDA:110,(anonymous_6)
FNDA:110,(anonymous_7)
FNDA:0,(anonymous_8)
FNDA:110,(anonymous_9)
FNDA:54,(anonymous_10)
FNDA:54,(anonymous_11)
DA:20,1
DA:21,1
DA:22,1
DA:24,1
DA:25,110
DA:26,110
DA:27,110
DA:28,110
DA:29,0
DA:31,110
DA:32,0
DA:34,110
DA:36,110
DA:37,110
DA:38,110
DA:39,110
DA:41,0
DA:43,110
DA:44,110
DA:45,0
DA:47,110
DA:50,1
DA:51,220
DA:52,220
DA:53,220
DA:54,0
DA:56,220
DA:57,0
DA:59,220
DA:61,220
DA:62,220
DA:63,220
DA:64,220
DA:66,0
DA:68,220
DA:69,220
DA:70,0
DA:72,220
DA:75,1
DA:76,220
DA:77,220
DA:78,220
DA:79,0
DA:81,220
DA:82,0
DA:84,220
DA:86,220
DA:87,220
DA:88,220
DA:89,220
DA:91,0
DA:93,220
DA:94,220
DA:95,0
DA:97,220
DA:100,1
DA:101,1408
DA:102,110
DA:103,110
DA:104,1004
DA:105,1004
DA:107,110
DA:108,78
DA:109,78
DA:111,110
DA:112,110
DA:113,1298
DA:114,294
DA:115,294
DA:116,294
DA:120,1
DA:121,110
DA:122,110
DA:123,110
DA:124,110
DA:125,108
DA:126,108
DA:127,108
DA:128,0
DA:132,110
DA:133,0
DA:134,0
DA:135,0
DA:136,0
DA:140,110
DA:141,110
DA:142,110
DA:143,0
DA:146,0
DA:148,110
DA:149,0
DA:151,110
DA:152,110
DA:155,1
DA:156,220
DA:157,1
DA:158,1
DA:159,1
DA:160,1
DA:162,1
DA:163,1
DA:165,0
DA:167,1
DA:168,1
DA:169,1
DA:170,0
DA:172,1
DA:174,220
DA:175,220
DA:176,220
DA:177,220
DA:178,220
DA:179,220
DA:180,0
DA:182,220
DA:183,220
DA:184,220
DA:186,220
DA:187,0
DA:189,220
DA:192,1
DA:193,110
DA:194,110
DA:195,110
DA:196,110
DA:197,0
DA:199,110
DA:200,0
DA:202,110
DA:203,110
DA:204,0
DA:206,110
DA:207,110
DA:208,0
DA:210,110
DA:213,1
DA:215,110
DA:216,110
DA:217,110
DA:218,54
DA:219,54
DA:220,54
DA:222,0
DA:225,110
DA:226,110
DA:227,31
DA:229,110
DA:232,110
DA:233,1
DA:235,110
DA:236,30
DA:237,24
DA:239,6
DA:242,110
DA:243,110
DA:244,110
DA:245,110
DA:246,110
DA:247,147
DA:248,37
DA:253,110
DA:254,0
DA:256,110
DA:257,110
DA:258,110
DA:260,110
DA:261,110
DA:263,110
DA:264,110
DA:265,220
DA:266,220
DA:267,0
DA:268,0
DA:269,0
DA:270,0
DA:271,0
DA:273,0
DA:274,0
DA:275,0
DA:278,0
DA:279,0
DA:281,0
DA:284,110
DA:285,110
DA:286,110
DA:287,0
DA:288,0
DA:289,0
DA:290,0
DA:292,0
DA:296,1
DA:297,0
DA:298,0
DA:299,0
DA:300,0
DA:301,0
DA:302,0
DA:304,0
DA:305,0
DA:307,0
DA:308,0
DA:310,0
DA:311,0
DA:313,0
DA:314,0
DA:315,0
DA:317,0
DA:318,0
DA:319,0
DA:320,0
DA:322,1
DA:323,110
DA:324,0
DA:326,110
DA:327,110
DA:328,110
DA:329,110
DA:332,1
LF:218
LH:152
BRDA:28,0,0,0
BRDA:28,0,1,110
BRDA:28,1,0,110
BRDA:28,1,1,0
BRDA:31,2,0,0
BRDA:31,2,1,110
BRDA:31,3,0,110
BRDA:31,3,1,110
BRDA:34,4,0,0
BRDA:34,4,1,110
BRDA:34,5,0,110
BRDA:34,5,1,110
BRDA:38,6,0,110
BRDA:38,6,1,0
BRDA:38,7,0,110
BRDA:38,7,1,110
BRDA:44,8,0,0
BRDA:44,8,1,110
BRDA:53,9,0,0
BRDA:53,9,1,220
BRDA:53,10,0,220
BRDA:53,10,1,0
BRDA:56,11,0,0
BRDA:56,11,1,220
BRDA:56,12,0,220
BRDA:56,12,1,220
BRDA:59,13,0,0
BRDA:59,13,1,220
BRDA:59,14,0,220
BRDA:59,14,1,220
BRDA:63,15,0,220
BRDA:63,15,1,0
BRDA:63,16,0,220
BRDA:63,16,1,220
BRDA:68,17,0,0
BRDA:68,17,1,220
BRDA:68,18,0,220
BRDA:68,18,1,220
BRDA:69,19,0,0
BRDA:69,19,1,220
BRDA:78,20,0,0
BRDA:78,20,1,220
BRDA:78,21,0,220
BRDA:78,21,1,0
BRDA:81,22,0,0
BRDA:81,22,1,220
BRDA:81,23,0,220
BRDA:81,23,1,220
BRDA:84,24,0,0
BRDA:84,24,1,220
BRDA:84,25,0,220
BRDA:84,25,1,220
BRDA:88,26,0,220
BRDA:88,26,1,0
BRDA:88,27,0,220
BRDA:88,27,1,220
BRDA:94,28,0,0
BRDA:94,28,1,220
BRDA:101,29,0,110
BRDA:101,29,1,1298
BRDA:101,30,0,1408
BRDA:101,30,1,1408
BRDA:107,31,0,78
BRDA:107,31,1,32
BRDA:107,32,0,110
BRDA:107,32,1,110
BRDA:113,33,0,294
BRDA:113,33,1,1004
BRDA:113,34,0,1298
BRDA:113,34,1,1298
BRDA:124,35,0,108
BRDA:124,35,1,2
BRDA:124,36,0,110
BRDA:124,36,1,108
BRDA:127,37,0,0
BRDA:127,37,1,108
BRDA:132,38,0,0
BRDA:132,38,1,110
BRDA:132,39,0,110
BRDA:132,39,1,0
BRDA:135,40,0,0
BRDA:135,40,1,0
BRDA:142,41,0,0
BRDA:142,41,1,110
BRDA:148,42,0,0
BRDA:148,42,1,110
BRDA:156,43,0,1
BRDA:156,43,1,219
BRDA:162,44,0,1
BRDA:162,44,1,0
BRDA:162,45,0,1
BRDA:162,45,1,1
BRDA:169,46,0,0
BRDA:169,46,1,1
BRDA:179,47,0,0
BRDA:179,47,1,220
BRDA:182,48,0,220
BRDA:182,48,1,0
BRDA:186,49,0,0
BRDA:186,49,1,220
BRDA:196,50,0,0
BRDA:196,50,1,110
BRDA:199,51,0,0
BRDA:199,51,1,110
BRDA:203,52,0,0
BRDA:203,52,1,110
BRDA:207,53,0,0
BRDA:207,53,1,110
BRDA:217,54,0,54
BRDA:217,54,1,56
BRDA:217,55,0,110
BRDA:217,55,1,110
BRDA:217,55,2,110
BRDA:226,56,0,31
BRDA:226,56,1,79
BRDA:232,57,0,1
BRDA:232,57,1,109
BRDA:232,58,0,110
BRDA:232,58,1,31
BRDA:232,58,2,31
BRDA:232,58,3,30
BRDA:235,59,0,30
BRDA:235,59,1,80
BRDA:236,60,0,24
BRDA:236,60,1,6
BRDA:236,61,0,30
BRDA:236,61,1,30
BRDA:236,61,2,24
BRDA:243,62,0,110
BRDA:243,62,1,0
BRDA:245,63,0,110
BRDA:245,63,1,0
BRDA:247,64,0,37
BRDA:247,64,1,110
BRDA:247,65,0,147
BRDA:247,65,1,146
BRDA:253,66,0,0
BRDA:253,66,1,110
BRDA:257,67,0,110
BRDA:257,67,1,0
BRDA:257,68,0,110
BRDA:257,68,1,110
BRDA:260,69,0,110
BRDA:260,69,1,0
BRDA:260,70,0,110
BRDA:260,70,1,110
BRDA:266,71,0,0
BRDA:266,71,1,220
BRDA:269,72,0,0
BRDA:269,72,1,0
BRDA:269,73,0,0
BRDA:269,73,1,0
BRDA:269,73,2,0
BRDA:273,74,0,0
BRDA:273,74,1,0
BRDA:273,75,0,0
BRDA:273,75,1,0
BRDA:278,76,0,0
BRDA:278,76,1,0
BRDA:278,77,0,0
BRDA:278,77,1,0
BRDA:286,78,0,0
BRDA:286,78,1,110
BRDA:289,79,0,0
BRDA:289,79,1,0
BRDA:297,80,0,0
BRDA:297,80,1,0
BRDA:297,81,0,0
BRDA:297,81,1,0
BRDA:297,81,2,0
BRDA:304,82,0,0
BRDA:304,82,1,0
BRDA:307,83,0,0
BRDA:307,83,1,0
BRDA:310,84,0,0
BRDA:310,84,1,0
BRDA:310,85,0,0
BRDA:310,85,1,0
BRDA:314,86,0,0
BRDA:314,86,1,0
BRDA:323,87,0,0
BRDA:323,87,1,110
BRF:182
BRH:109
end_of_record
TN:
SF:src\main\server\skyRepo\search.js
FN:22,(anonymous_0)
FN:47,(anonymous_1)
FN:48,(anonymous_2)
FN:49,(anonymous_3)
FN:50,(anonymous_4)
FN:50,(anonymous_5)
FN:73,(anonymous_6)
FN:84,(anonymous_7)
FNF:8
FNH:8
FNDA:161,(anonymous_0)
FNDA:44,(anonymous_1)
FNDA:24,(anonymous_2)
FNDA:24,(anonymous_3)
FNDA:44,(anonymous_4)
FNDA:44,(anonymous_5)
FNDA:103,(anonymous_6)
FNDA:161,(anonymous_7)
DA:20,1
DA:21,1
DA:22,1
DA:23,161
DA:24,161
DA:25,0
DA:27,161
DA:29,161
DA:30,0
DA:32,161
DA:33,0
DA:34,0
DA:35,0
DA:36,0
DA:37,0
DA:38,0
DA:42,161
DA:43,161
DA:44,161
DA:45,47
DA:46,47
DA:47,47
DA:48,47
DA:49,47
DA:50,47
DA:52,0
DA:53,0
DA:55,0
DA:58,114
DA:59,103
DA:60,103
DA:61,103
DA:62,0
DA:63,0
DA:65,103
DA:66,103
DA:67,103
DA:68,103
DA:70,103
DA:71,103
DA:73,114
DA:76,161
DA:77,161
DA:78,0
DA:79,0
DA:81,161
DA:84,1
DA:85,161
DA:86,161
DA:87,161
DA:88,161
DA:89,0
DA:90,0
DA:93,161
DA:94,161
DA:95,0
DA:96,0
DA:99,161
DA:100,161
DA:101,161
DA:102,161
DA:103,161
DA:104,161
DA:105,161
DA:106,0
DA:107,0
DA:110,161
DA:111,0
DA:112,0
DA:115,161
DA:116,12
DA:117,12
DA:120,161
DA:121,0
DA:122,0
DA:125,161
DA:126,0
DA:127,0
DA:130,161
DA:131,12
DA:132,12
DA:135,161
DA:136,47
DA:137,47
DA:141,161
DA:142,161
DA:143,161
DA:145,161
DA:146,0
DA:148,161
DA:189,1
DA:191,1
LF:92
LH:64
BRDA:24,0,0,0
BRDA:24,0,1,161
BRDA:29,1,0,0
BRDA:29,1,1,161
BRDA:32,2,0,0
BRDA:32,2,1,161
BRDA:34,3,0,0
BRDA:34,3,1,0
BRDA:37,4,0,0
BRDA:37,4,1,0
BRDA:44,5,0,47
BRDA:44,5,1,114
BRDA:52,6,0,0
BRDA:52,6,1,0
BRDA:61,7,0,0
BRDA:61,7,1,103
BRDA:67,8,0,103
BRDA:67,8,1,0
BRDA:76,9,0,161
BRDA:76,9,1,161
BRDA:77,10,0,0
BRDA:77,10,1,161
BRDA:77,11,0,161
BRDA:77,11,1,149
BRDA:77,11,2,0
BRDA:88,12,0,0
BRDA:88,12,1,161
BRDA:89,13,0,0
BRDA:89,13,1,0
BRDA:94,14,0,0
BRDA:94,14,1,161
BRDA:95,15,0,0
BRDA:95,15,1,0
BRDA:104,16,0,161
BRDA:104,16,1,0
BRDA:105,17,0,0
BRDA:105,17,1,161
BRDA:106,18,0,0
BRDA:106,18,1,0
BRDA:110,19,0,0
BRDA:110,19,1,161
BRDA:111,20,0,0
BRDA:111,20,1,0
BRDA:115,21,0,12
BRDA:115,21,1,149
BRDA:116,22,0,12
BRDA:116,22,1,0
BRDA:120,23,0,0
BRDA:120,23,1,161
BRDA:121,24,0,0
BRDA:121,24,1,0
BRDA:125,25,0,0
BRDA:125,25,1,161
BRDA:126,26,0,0
BRDA:126,26,1,0
BRDA:130,27,0,12
BRDA:130,27,1,149
BRDA:131,28,0,12
BRDA:131,28,1,0
BRDA:135,29,0,47
BRDA:135,29,1,114
BRDA:136,30,0,47
BRDA:136,30,1,0
BRDA:142,31,0,161
BRDA:142,31,1,0
BRDA:142,32,0,161
BRDA:142,32,1,161
BRDA:142,32,2,161
BRDA:145,33,0,0
BRDA:145,33,1,161
BRDA:145,34,0,161
BRDA:145,34,1,161
BRDA:145,34,2,161
BRF:73
BRH:36
end_of_record
TN:
SF:src\main\server\skyRepo\searchUtil.js
FN:20,(anonymous_0)
FN:41,(anonymous_1)
FNF:2
FNH:2
FNDA:242,(anonymous_0)
FNDA:242,(anonymous_1)
DA:20,1
DA:21,242
DA:22,242
DA:23,0
DA:25,242
DA:26,0
DA:27,242
DA:28,230
DA:30,12
DA:32,242
DA:33,242
DA:35,242
DA:36,242
DA:37,0
DA:39,242
DA:41,1
DA:42,242
DA:43,242
DA:44,161
DA:46,242
DA:47,242
DA:49,242
DA:50,0
DA:52,242
DA:53,242
DA:54,242
DA:55,242
DA:56,242
DA:57,242
DA:58,242
DA:59,242
DA:60,242
DA:61,242
DA:62,242
DA:63,242
DA:64,238
DA:65,238
DA:66,242
DA:67,4
DA:69,242
DA:71,238
DA:72,238
DA:73,238
DA:74,238
DA:75,238
DA:77,242
DA:79,1
LF:47
LH:43
BRDA:22,0,0,0
BRDA:22,0,1,242
BRDA:22,1,0,242
BRDA:22,1,1,12
BRDA:25,2,0,0
BRDA:25,2,1,242
BRDA:25,3,0,242
BRDA:25,3,1,0
BRDA:25,3,2,0
BRDA:27,4,0,230
BRDA:27,4,1,12
BRDA:32,5,0,242
BRDA:32,5,1,0
BRDA:36,6,0,0
BRDA:36,6,1,242
BRDA:43,7,0,161
BRDA:43,7,1,81
BRDA:46,8,0,242
BRDA:46,8,1,0
BRDA:49,9,0,0
BRDA:49,9,1,242
BRDA:63,10,0,238
BRDA:63,10,1,4
BRDA:63,11,0,242
BRDA:63,11,1,242
BRDA:66,12,0,4
BRDA:66,12,1,238
BRF:27
BRH:19
end_of_record
TN:
SF:src\main\server\skyRepo\util.js
FN:22,(anonymous_0)
FN:45,(anonymous_1)
FN:53,(anonymous_2)
FN:57,(anonymous_3)
FN:96,(anonymous_4)
FN:108,(anonymous_5)
FN:115,(anonymous_6)
FN:120,(anonymous_7)
FN:142,(anonymous_8)
FN:147,(anonymous_9)
FN:155,(anonymous_10)
FN:177,(anonymous_11)
FNF:12
FNH:12
FNDA:14,(anonymous_0)
FNDA:2143,(anonymous_1)
FNDA:7323,(anonymous_2)
FNDA:952,(anonymous_3)
FNDA:505,(anonymous_4)
FNDA:41,(anonymous_5)
FNDA:7975,(anonymous_6)
FNDA:5897,(anonymous_7)
FNDA:1086,(anonymous_8)
FNDA:1450,(anonymous_9)
FNDA:462,(anonymous_10)
FNDA:201,(anonymous_11)
DA:20,1
DA:22,1
DA:24,14
DA:27,14
DA:33,14
DA:34,28
DA:35,14
DA:40,0
DA:41,0
DA:42,0
DA:45,1
DA:46,2143
DA:47,2143
DA:48,0
DA:50,2143
DA:53,1
DA:54,7323
DA:57,1
DA:58,952
DA:59,952
DA:60,952
DA:61,952
DA:62,952
DA:63,449
DA:65,952
DA:66,449
DA:68,952
DA:69,792
DA:71,952
DA:72,952
DA:74,952
DA:75,160
DA:77,952
DA:78,0
DA:80,952
DA:81,0
DA:83,952
DA:84,0
DA:86,952
DA:87,0
DA:89,952
DA:90,136
DA:92,816
DA:96,1
DA:97,505
DA:98,505
DA:99,0
DA:101,505
DA:102,505
DA:103,505
DA:104,505
DA:105,505
DA:108,1
DA:109,41
DA:110,41
DA:112,0
DA:115,1
DA:116,7975
DA:117,7975
DA:120,1
DA:121,5897
DA:122,594
DA:123,594
DA:124,594
DA:125,4529
DA:126,118
DA:128,4411
DA:129,594
DA:130,0
DA:132,594
DA:135,4411
DA:137,476
DA:138,0
DA:140,476
DA:141,5303
DA:142,1086
DA:144,4420
DA:147,1
DA:148,1450
DA:149,1450
DA:151,0
DA:155,1
DA:156,462
DA:157,3
DA:159,462
DA:160,0
DA:162,462
DA:163,462
DA:164,462
DA:165,462
DA:167,462
DA:168,362
DA:169,362
DA:171,462
DA:172,107
DA:174,462
DA:177,1
DA:178,201
DA:179,201
DA:180,201
DA:181,201
DA:183,201
DA:184,0
DA:185,0
DA:187,0
DA:190,201
DA:191,0
DA:193,201
DA:194,0
DA:196,201
DA:197,0
DA:199,201
LF:112
LH:92
BRDA:24,0,0,0
BRDA:24,0,1,14
BRDA:34,1,0,14
BRDA:34,1,1,14
BRDA:47,2,0,0
BRDA:47,2,1,2143
BRDA:62,3,0,449
BRDA:62,3,1,503
BRDA:65,4,0,449
BRDA:65,4,1,503
BRDA:68,5,0,792
BRDA:68,5,1,160
BRDA:71,6,0,952
BRDA:71,6,1,0
BRDA:74,7,0,160
BRDA:74,7,1,792
BRDA:77,8,0,0
BRDA:77,8,1,952
BRDA:80,9,0,0
BRDA:80,9,1,952
BRDA:83,10,0,0
BRDA:83,10,1,952
BRDA:86,11,0,0
BRDA:86,11,1,952
BRDA:89,12,0,136
BRDA:89,12,1,816
BRDA:98,13,0,0
BRDA:98,13,1,505
BRDA:109,14,0,41
BRDA:109,14,1,0
BRDA:109,15,0,41
BRDA:109,15,1,41
BRDA:121,16,0,594
BRDA:121,16,1,5303
BRDA:125,17,0,118
BRDA:125,17,1,4411
BRDA:128,18,0,594
BRDA:128,18,1,3817
BRDA:129,19,0,0
BRDA:129,19,1,594
BRDA:137,20,0,0
BRDA:137,20,1,476
BRDA:137,21,0,476
BRDA:137,21,1,0
BRDA:141,22,0,883
BRDA:141,22,1,4420
BRDA:148,23,0,1450
BRDA:148,23,1,0
BRDA:148,24,0,1450
BRDA:148,24,1,1450
BRDA:156,25,0,3
BRDA:156,25,1,459
BRDA:156,26,0,462
BRDA:156,26,1,3
BRDA:159,27,0,0
BRDA:159,27,1,462
BRDA:164,28,0,462
BRDA:164,28,1,0
BRDA:167,29,0,362
BRDA:167,29,1,100
BRDA:168,30,0,0
BRDA:168,30,1,362
BRDA:171,31,0,107
BRDA:171,31,1,355
BRDA:172,32,0,0
BRDA:172,32,1,107
BRDA:180,33,0,201
BRDA:180,33,1,0
BRDA:183,34,0,0
BRDA:183,34,1,201
BRDA:184,35,0,0
BRDA:184,35,1,0
BRDA:190,36,0,0
BRDA:190,36,1,201
BRDA:190,37,0,201
BRDA:190,37,1,201
BRDA:193,38,0,0
BRDA:193,38,1,201
BRDA:196,39,0,0
BRDA:196,39,1,201
BRDA:196,40,0,201
BRDA:196,40,1,201
BRF:82
BRH:58
end_of_record
