TN:
SF:src\main\server.js
FN:45,(anonymous_0)
FN:64,(anonymous_1)
FN:67,(anonymous_2)
FN:114,(anonymous_3)
FN:118,(anonymous_4)
FN:121,(anonymous_5)
FN:131,(anonymous_6)
FN:148,(anonymous_7)
FN:155,(anonymous_8)
FN:159,(anonymous_9)
FN:160,(anonymous_10)
FN:171,(anonymous_11)
FN:202,(anonymous_12)
FNF:13
FNH:5
FNDA:0,(anonymous_0)
FNDA:313,(anonymous_1)
FNDA:35,(anonymous_2)
FNDA:0,(anonymous_3)
FNDA:0,(anonymous_4)
FNDA:0,(anonymous_5)
FNDA:0,(anonymous_6)
FNDA:0,(anonymous_7)
FNDA:0,(anonymous_8)
FNDA:1,(anonymous_9)
FNDA:1,(anonymous_10)
FNDA:0,(anonymous_11)
FNDA:534,(anonymous_12)
DA:20,1
DA:21,1
DA:22,1
DA:23,1
DA:24,1
DA:25,1
DA:26,1
DA:27,1
DA:28,0
DA:30,1
DA:31,1
DA:32,1
DA:33,1
DA:36,1
DA:37,0
DA:39,0
DA:40,0
DA:43,0
DA:44,0
DA:45,0
DA:47,0
DA:52,1
DA:54,1
DA:55,1
DA:57,1
DA:58,1
DA:59,1
DA:61,1
DA:63,1
DA:64,1
DA:65,313
DA:67,1
DA:68,35
DA:72,1
DA:73,1
DA:74,0
DA:75,0
DA:76,0
DA:80,1
DA:81,1
DA:82,1
DA:83,1
DA:84,1
DA:85,1
DA:89,1
DA:91,1
DA:93,1
DA:95,1
DA:96,1
DA:97,1
DA:98,1
DA:99,1
DA:101,1
DA:102,1
DA:103,1
DA:104,1
DA:105,1
DA:107,1
DA:108,1
DA:110,1
DA:114,1
DA:115,0
DA:117,1
DA:118,1
DA:119,0
DA:121,1
DA:122,0
DA:125,1
DA:126,1
DA:127,1
DA:130,1
DA:131,0
DA:133,0
DA:134,0
DA:135,0
DA:136,0
DA:139,0
DA:143,1
DA:144,1
DA:145,1
DA:146,1
DA:148,1
DA:149,0
DA:150,0
DA:151,0
DA:152,0
DA:155,1
DA:156,0
DA:159,1
DA:160,1
DA:161,1
DA:162,1
DA:163,1
DA:164,1
DA:165,0
DA:167,1
DA:168,1
DA:169,1
DA:170,1
DA:171,1
DA:172,0
DA:174,1
DA:176,1
DA:177,0
DA:178,0
DA:186,0
DA:187,0
DA:189,0
DA:191,0
DA:192,0
DA:193,0
DA:196,1
DA:199,1
DA:200,0
DA:202,1
DA:203,534
DA:205,1
LF:117
LH:81
BRDA:24,0,0,1
BRDA:24,0,1,1
BRDA:25,1,0,0
BRDA:25,1,1,1
BRDA:27,2,0,0
BRDA:27,2,1,1
BRDA:36,3,0,0
BRDA:36,3,1,1
BRDA:36,4,0,1
BRDA:36,4,1,1
BRDA:39,5,0,0
BRDA:39,5,1,0
BRDA:43,6,0,0
BRDA:43,6,1,0
BRDA:54,7,0,0
BRDA:54,7,1,1
BRDA:55,8,0,1
BRDA:55,8,1,1
BRDA:55,9,0,0
BRDA:55,9,1,1
BRDA:58,10,0,1
BRDA:58,10,1,1
BRDA:58,11,0,0
BRDA:58,11,1,1
BRDA:59,12,0,1
BRDA:59,12,1,1
BRDA:61,13,0,1
BRDA:61,13,1,1
BRDA:73,14,0,0
BRDA:73,14,1,1
BRDA:125,15,0,1
BRDA:125,15,1,0
BRDA:130,16,0,0
BRDA:130,16,1,1
BRDA:134,17,0,0
BRDA:134,17,1,0
BRDA:135,18,0,0
BRDA:135,18,1,0
BRDA:135,19,0,0
BRDA:135,19,1,0
BRDA:162,20,0,0
BRDA:162,20,1,1
BRDA:164,21,0,0
BRDA:164,21,1,1
BRDA:176,22,0,0
BRDA:176,22,1,1
BRDA:182,23,0,0
BRDA:182,23,1,0
BRDA:183,24,0,0
BRDA:183,24,1,0
BRDA:186,25,0,0
BRDA:186,25,1,0
BRDA:191,26,0,0
BRDA:191,26,1,0
BRDA:199,27,0,0
BRDA:199,27,1,1
BRF:56
BRH:25
end_of_record
TN:
SF:src\main\server\skyId.js
FN:7,(anonymous_0)
FN:13,(anonymous_1)
FN:16,(anonymous_2)
FN:65,(anonymous_3)
FN:124,(anonymous_4)
FN:170,(anonymous_5)
FN:200,(anonymous_6)
FN:201,(anonymous_7)
FN:204,(anonymous_8)
FN:207,(anonymous_9)
FN:219,(anonymous_10)
FN:222,(anonymous_11)
FN:226,(anonymous_12)
FNF:13
FNH:6
FNDA:0,(anonymous_0)
FNDA:3,(anonymous_1)
FNDA:1,(anonymous_2)
FNDA:2,(anonymous_3)
FNDA:3,(anonymous_4)
FNDA:6,(anonymous_5)
FNDA:1,(anonymous_6)
FNDA:0,(anonymous_7)
FNDA:0,(anonymous_8)
FNDA:0,(anonymous_9)
FNDA:0,(anonymous_10)
FNDA:0,(anonymous_11)
FNDA:0,(anonymous_12)
DA:1,1
DA:2,1
DA:3,1
DA:4,1
DA:5,1
DA:6,1
DA:7,1
DA:8,0
DA:10,1
DA:11,1
DA:12,1
DA:13,1
DA:14,3
DA:16,1
DA:17,1
DA:18,1
DA:19,1
DA:20,1
DA:21,1
DA:22,1
DA:23,1
DA:24,1
DA:27,1
DA:28,1
DA:29,1
DA:32,1
DA:33,1
DA:34,1
DA:38,1
DA:39,0
DA:41,1
DA:42,0
DA:44,1
DA:45,1
DA:46,1
DA:47,1
DA:48,1
DA:49,1
DA:50,1
DA:51,1
DA:52,1
DA:53,0
DA:55,1
DA:56,1
DA:57,1
DA:58,1
DA:59,1
DA:61,0
DA:63,1
DA:65,1
DA:66,2
DA:67,2
DA:68,2
DA:69,2
DA:70,2
DA:71,2
DA:72,2
DA:73,2
DA:74,2
DA:77,2
DA:78,2
DA:79,2
DA:82,2
DA:83,2
DA:84,2
DA:87,2
DA:88,2
DA:89,2
DA:93,2
DA:94,0
DA:96,2
DA:97,0
DA:99,2
DA:100,0
DA:102,2
DA:103,2
DA:104,2
DA:105,2
DA:106,2
DA:107,2
DA:108,2
DA:109,2
DA:110,2
DA:111,2
DA:112,2
DA:113,2
DA:114,2
DA:115,0
DA:117,2
DA:118,2
DA:119,0
DA:121,2
DA:122,2
DA:124,1
DA:125,3
DA:126,3
DA:127,3
DA:128,3
DA:129,3
DA:130,3
DA:131,3
DA:134,3
DA:135,3
DA:136,3
DA:140,3
DA:141,0
DA:143,3
DA:144,0
DA:146,3
DA:147,3
DA:148,3
DA:149,3
DA:150,3
DA:151,3
DA:152,3
DA:153,0
DA:155,3
DA:156,3
DA:157,0
DA:159,3
DA:160,3
DA:161,3
DA:162,3
DA:163,3
DA:164,3
DA:165,3
DA:166,3
DA:167,3
DA:168,3
DA:170,1
DA:171,6
DA:172,0
DA:174,6
DA:175,6
DA:176,6
DA:177,6
DA:178,0
DA:179,0
DA:180,0
DA:183,6
DA:184,6
DA:186,0
DA:187,0
DA:189,0
DA:190,0
DA:192,0
DA:193,0
DA:194,0
DA:196,0
DA:198,0
DA:200,1
DA:201,1
DA:202,0
DA:204,1
DA:205,0
DA:207,1
DA:208,0
DA:210,1
DA:211,1
DA:212,1
DA:213,1
DA:214,1
DA:215,1
DA:216,1
DA:217,1
DA:218,1
DA:219,1
DA:220,0
DA:222,1
DA:223,0
DA:225,1
DA:226,1
DA:227,0
DA:274,1
DA:275,1
DA:276,1
DA:277,1
LF:177
LH:144
BRDA:21,0,0,1
BRDA:21,0,1,0
BRDA:22,1,0,1
BRDA:22,1,1,0
BRDA:23,2,0,1
BRDA:23,2,1,0
BRDA:27,3,0,1
BRDA:27,3,1,0
BRDA:28,4,0,1
BRDA:28,4,1,0
BRDA:32,5,0,1
BRDA:32,5,1,0
BRDA:33,6,0,1
BRDA:33,6,1,0
BRDA:38,7,0,0
BRDA:38,7,1,1
BRDA:41,8,0,0
BRDA:41,8,1,1
BRDA:52,9,0,0
BRDA:52,9,1,1
BRDA:58,10,0,1
BRDA:58,10,1,0
BRDA:71,11,0,2
BRDA:71,11,1,0
BRDA:72,12,0,2
BRDA:72,12,1,0
BRDA:73,13,0,2
BRDA:73,13,1,0
BRDA:77,14,0,2
BRDA:77,14,1,0
BRDA:78,15,0,2
BRDA:78,15,1,0
BRDA:82,16,0,2
BRDA:82,16,1,0
BRDA:83,17,0,2
BRDA:83,17,1,0
BRDA:87,18,0,2
BRDA:87,18,1,0
BRDA:88,19,0,2
BRDA:88,19,1,0
BRDA:93,20,0,0
BRDA:93,20,1,2
BRDA:96,21,0,0
BRDA:96,21,1,2
BRDA:99,22,0,0
BRDA:99,22,1,2
BRDA:114,23,0,0
BRDA:114,23,1,2
BRDA:118,24,0,0
BRDA:118,24,1,2
BRDA:128,25,0,3
BRDA:128,25,1,0
BRDA:129,26,0,3
BRDA:129,26,1,0
BRDA:130,27,0,3
BRDA:130,27,1,0
BRDA:134,28,0,3
BRDA:134,28,1,0
BRDA:135,29,0,3
BRDA:135,29,1,0
BRDA:140,30,0,0
BRDA:140,30,1,3
BRDA:143,31,0,0
BRDA:143,31,1,3
BRDA:152,32,0,0
BRDA:152,32,1,3
BRDA:156,33,0,0
BRDA:156,33,1,3
BRDA:160,34,0,3
BRDA:160,34,1,3
BRDA:171,35,0,0
BRDA:171,35,1,6
BRDA:179,36,0,0
BRDA:179,36,1,0
BRDA:183,37,0,6
BRDA:183,37,1,0
BRDA:186,38,0,0
BRDA:186,38,1,0
BRDA:189,39,0,0
BRDA:189,39,1,0
BRDA:193,40,0,0
BRDA:193,40,1,0
BRF:82
BRH:38
end_of_record
TN:
SF:src\main\server\skyRepo.js
FN:8,(anonymous_0)
FN:11,(anonymous_1)
FN:14,(anonymous_2)
FN:19,(anonymous_3)
FN:36,(anonymous_4)
FN:38,(anonymous_5)
FN:40,(anonymous_6)
FN:55,(anonymous_7)
FN:63,(anonymous_8)
FN:66,(anonymous_9)
FN:105,(anonymous_10)
FN:194,(anonymous_11)
FN:197,(anonymous_12)
FN:272,(anonymous_13)
FN:275,(anonymous_14)
FN:292,(anonymous_15)
FN:298,(anonymous_16)
FN:323,(anonymous_17)
FN:347,(anonymous_18)
FN:371,(anonymous_19)
FN:392,(anonymous_20)
FN:412,(anonymous_21)
FN:427,(anonymous_22)
FN:8439,(anonymous_23)
FN:8442,(anonymous_24)
FN:8449,(anonymous_25)
FN:8487,(anonymous_26)
FN:8523,(anonymous_27)
FN:8562,(anonymous_28)
FN:8568,(anonymous_29)
FN:8577,(anonymous_30)
FN:8586,(anonymous_31)
FN:8601,(anonymous_32)
FN:8610,(anonymous_33)
FN:8717,(anonymous_34)
FN:8726,(anonymous_35)
FN:8726,(anonymous_36)
FN:8733,(anonymous_37)
FN:8738,(anonymous_38)
FN:8755,(anonymous_39)
FN:8828,(anonymous_40)
FN:8836,(anonymous_41)
FN:8866,(anonymous_42)
FN:8887,(anonymous_43)
FN:8918,(anonymous_44)
FN:8939,(anonymous_45)
FN:8943,(anonymous_46)
FN:8974,(anonymous_47)
FN:8982,(anonymous_48)
FN:8985,(anonymous_49)
FN:8989,(anonymous_50)
FN:9009,(anonymous_51)
FN:9035,(anonymous_52)
FN:9045,(anonymous_53)
FN:9074,(anonymous_54)
FN:9081,(anonymous_55)
FN:9085,(anonymous_56)
FN:9119,(anonymous_57)
FN:9143,(anonymous_58)
FN:9169,(anonymous_59)
FN:9188,(anonymous_60)
FN:9214,(anonymous_61)
FN:9221,(anonymous_62)
FN:9252,(anonymous_63)
FN:9283,(anonymous_64)
FN:9322,(anonymous_65)
FN:9326,(anonymous_66)
FN:9330,(anonymous_67)
FN:9350,(anonymous_68)
FN:9388,(anonymous_69)
FN:9409,(anonymous_70)
FN:9459,(anonymous_71)
FN:9480,(anonymous_72)
FN:9504,(anonymous_73)
FN:9742,(anonymous_74)
FN:9786,(anonymous_75)
FN:9797,(anonymous_76)
FN:9821,(anonymous_77)
FN:9825,(anonymous_78)
FN:9825,(anonymous_79)
FN:9827,(anonymous_80)
FN:9879,(anonymous_81)
FN:9891,(anonymous_82)
FN:9903,(anonymous_83)
FN:9918,(anonymous_84)
FN:10017,(anonymous_85)
FN:10020,(anonymous_86)
FN:10026,(anonymous_87)
FN:10050,(anonymous_88)
FN:10054,(anonymous_89)
FN:10062,(anonymous_90)
FN:10067,(anonymous_91)
FNF:92
FNH:78
FNDA:201,(anonymous_0)
FNDA:23,(anonymous_1)
FNDA:121,(anonymous_2)
FNDA:5,(anonymous_3)
FNDA:0,(anonymous_4)
FNDA:0,(anonymous_5)
FNDA:0,(anonymous_6)
FNDA:2001,(anonymous_7)
FNDA:7408,(anonymous_8)
FNDA:1532,(anonymous_9)
FNDA:434,(anonymous_10)
FNDA:546,(anonymous_11)
FNDA:6902,(anonymous_12)
FNDA:504,(anonymous_13)
FNDA:504,(anonymous_14)
FNDA:173,(anonymous_15)
FNDA:124,(anonymous_16)
FNDA:242,(anonymous_17)
FNDA:242,(anonymous_18)
FNDA:474,(anonymous_19)
FNDA:173,(anonymous_20)
FNDA:166,(anonymous_21)
FNDA:6530,(anonymous_22)
FNDA:255,(anonymous_23)
FNDA:1271,(anonymous_24)
FNDA:124,(anonymous_25)
FNDA:242,(anonymous_26)
FNDA:23,(anonymous_27)
FNDA:0,(anonymous_28)
FNDA:0,(anonymous_29)
FNDA:0,(anonymous_30)
FNDA:0,(anonymous_31)
FNDA:23,(anonymous_32)
FNDA:23,(anonymous_33)
FNDA:2,(anonymous_34)
FNDA:255,(anonymous_35)
FNDA:254,(anonymous_36)
FNDA:254,(anonymous_37)
FNDA:20,(anonymous_38)
FNDA:124,(anonymous_39)
FNDA:474,(anonymous_40)
FNDA:172,(anonymous_41)
FNDA:0,(anonymous_42)
FNDA:149,(anonymous_43)
FNDA:118,(anonymous_44)
FNDA:23,(anonymous_45)
FNDA:254,(anonymous_46)
FNDA:0,(anonymous_47)
FNDA:149,(anonymous_48)
FNDA:474,(anonymous_49)
FNDA:2,(anonymous_50)
FNDA:350,(anonymous_51)
FNDA:2,(anonymous_52)
FNDA:23,(anonymous_53)
FNDA:12,(anonymous_54)
FNDA:149,(anonymous_55)
FNDA:149,(anonymous_56)
FNDA:15,(anonymous_57)
FNDA:139,(anonymous_58)
FNDA:125,(anonymous_59)
FNDA:0,(anonymous_60)
FNDA:124,(anonymous_61)
FNDA:24,(anonymous_62)
FNDA:207,(anonymous_63)
FNDA:24,(anonymous_64)
FNDA:173,(anonymous_65)
FNDA:166,(anonymous_66)
FNDA:83,(anonymous_67)
FNDA:134,(anonymous_68)
FNDA:134,(anonymous_69)
FNDA:134,(anonymous_70)
FNDA:800,(anonymous_71)
FNDA:118,(anonymous_72)
FNDA:322,(anonymous_73)
FNDA:32,(anonymous_74)
FNDA:3,(anonymous_75)
FNDA:0,(anonymous_76)
FNDA:24,(anonymous_77)
FNDA:257,(anonymous_78)
FNDA:254,(anonymous_79)
FNDA:23,(anonymous_80)
FNDA:254,(anonymous_81)
FNDA:3,(anonymous_82)
FNDA:134,(anonymous_83)
FNDA:134,(anonymous_84)
FNDA:0,(anonymous_85)
FNDA:7,(anonymous_86)
FNDA:7,(anonymous_87)
FNDA:7,(anonymous_88)
FNDA:0,(anonymous_89)
FNDA:7,(anonymous_90)
FNDA:0,(anonymous_91)
DA:1,1
DA:2,1
DA:3,1
DA:4,1
DA:5,1
DA:8,1
DA:9,201
DA:11,1
DA:12,23
DA:14,1
DA:19,1
DA:20,5
DA:21,0
DA:23,5
DA:24,0
DA:26,5
DA:27,5
DA:29,0
DA:30,0
DA:32,0
DA:33,0
DA:36,1
DA:37,0
DA:38,0
DA:39,0
DA:41,0
DA:44,0
DA:47,0
DA:55,1
DA:56,2001
DA:57,2001
DA:58,0
DA:60,2001
DA:63,1
DA:64,7408
DA:66,1
DA:67,1532
DA:68,1532
DA:69,1532
DA:70,1532
DA:71,1532
DA:72,1028
DA:74,1532
DA:75,1028
DA:77,1532
DA:78,1502
DA:80,1532
DA:81,1532
DA:83,1532
DA:84,30
DA:86,1532
DA:87,0
DA:89,1532
DA:90,0
DA:92,1532
DA:93,0
DA:95,1532
DA:96,0
DA:98,1532
DA:99,43
DA:101,1489
DA:105,1
DA:106,434
DA:107,434
DA:108,434
DA:109,173
DA:111,261
DA:112,261
DA:113,261
DA:114,261
DA:115,179
DA:116,179
DA:118,0
DA:121,261
DA:122,261
DA:123,261
DA:124,261
DA:125,0
DA:127,261
DA:128,82
DA:130,261
DA:131,257
DA:132,257
DA:133,257
DA:134,0
DA:137,257
DA:138,257
DA:139,257
DA:141,257
DA:142,257
DA:143,257
DA:144,257
DA:146,257
DA:147,257
DA:148,257
DA:149,1028
DA:150,257
DA:153,257
DA:154,0
DA:156,257
DA:157,0
DA:159,257
DA:160,257
DA:162,0
DA:163,0
DA:166,257
DA:167,257
DA:168,257
DA:169,257
DA:170,0
DA:171,0
DA:172,0
DA:173,0
DA:174,0
DA:177,257
DA:178,172
DA:179,0
DA:182,257
DA:183,85
DA:184,0
DA:188,257
DA:189,257
DA:191,261
DA:192,261
DA:194,1
DA:195,546
DA:197,1
DA:198,6902
DA:199,0
DA:201,6902
DA:202,1402
DA:203,1402
DA:204,2061
DA:205,0
DA:207,2061
DA:208,2061
DA:209,2061
DA:211,0
DA:212,0
DA:215,2061
DA:216,0
DA:217,0
DA:219,2061
DA:222,1402
DA:223,5500
DA:224,695
DA:225,695
DA:226,695
DA:227,695
DA:228,186
DA:229,186
DA:230,186
DA:231,186
DA:232,186
DA:233,186
DA:235,0
DA:236,0
DA:237,0
DA:240,186
DA:241,0
DA:244,186
DA:245,0
DA:246,0
DA:247,0
DA:248,0
DA:249,0
DA:252,0
DA:256,695
DA:257,695
DA:258,4551
DA:259,4551
DA:260,4551
DA:261,4551
DA:262,4551
DA:264,0
DA:267,695
DA:269,4805
DA:272,1
DA:273,504
DA:275,1
DA:278,504
DA:279,504
DA:280,0
DA:282,504
DA:283,504
DA:284,504
DA:285,504
DA:286,504
DA:287,504
DA:288,504
DA:289,504
DA:290,504
DA:292,1
DA:293,173
DA:294,173
DA:296,0
DA:298,1
DA:299,124
DA:300,124
DA:301,124
DA:302,124
DA:303,0
DA:305,124
DA:306,0
DA:308,124
DA:310,124
DA:311,124
DA:312,124
DA:313,124
DA:315,0
DA:317,124
DA:318,124
DA:319,0
DA:321,124
DA:323,1
DA:324,242
DA:325,242
DA:326,242
DA:327,0
DA:329,242
DA:330,0
DA:332,242
DA:334,242
DA:335,242
DA:336,242
DA:337,242
DA:339,0
DA:341,242
DA:342,242
DA:343,0
DA:345,242
DA:347,1
DA:348,242
DA:349,242
DA:350,242
DA:351,0
DA:353,242
DA:354,0
DA:356,242
DA:358,242
DA:359,242
DA:360,242
DA:361,242
DA:363,0
DA:365,242
DA:366,242
DA:367,0
DA:369,242
DA:371,1
DA:372,474
DA:373,474
DA:374,474
DA:375,474
DA:376,0
DA:377,0
DA:379,0
DA:380,0
DA:382,474
DA:383,474
DA:385,0
DA:387,474
DA:388,0
DA:390,474
DA:392,1
DA:393,173
DA:394,173
DA:395,173
DA:396,0
DA:398,173
DA:399,173
DA:400,173
DA:401,173
DA:403,0
DA:405,173
DA:406,173
DA:407,173
DA:408,0
DA:410,173
DA:412,1
DA:413,166
DA:414,166
DA:415,166
DA:416,166
DA:418,0
DA:420,166
DA:421,166
DA:422,0
DA:424,166
DA:426,1
DA:427,1
DA:428,6530
DA:429,1
DA:430,1
DA:8407,1
DA:8408,7975
DA:8411,6530
DA:8412,713
DA:8413,713
DA:8414,713
DA:8415,4927
DA:8416,4927
DA:8417,165
DA:8419,4762
DA:8420,713
DA:8421,0
DA:8423,713
DA:8426,4762
DA:8428,548
DA:8429,0
DA:8431,5817
DA:8432,1053
DA:8433,1053
DA:8434,1389
DA:8437,6365
DA:8439,1
DA:8440,255
DA:8442,1
DA:8443,1271
DA:8444,1271
DA:8446,0
DA:8449,1
DA:8450,124
DA:8451,124
DA:8452,124
DA:8453,122
DA:8454,122
DA:8455,122
DA:8456,0
DA:8460,124
DA:8461,0
DA:8462,0
DA:8463,0
DA:8464,0
DA:8468,124
DA:8469,124
DA:8470,124
DA:8471,0
DA:8474,0
DA:8476,124
DA:8477,8
DA:8478,8
DA:8480,124
DA:8481,0
DA:8483,124
DA:8484,124
DA:8486,1
DA:8487,1
DA:8488,242
DA:8489,1
DA:8490,1
DA:8491,1
DA:8492,1
DA:8494,1
DA:8495,1
DA:8497,0
DA:8499,1
DA:8500,1
DA:8501,1
DA:8502,0
DA:8504,1
DA:8506,242
DA:8507,242
DA:8508,242
DA:8509,242
DA:8510,242
DA:8511,242
DA:8512,0
DA:8514,242
DA:8515,242
DA:8516,242
DA:8518,242
DA:8519,0
DA:8521,242
DA:8523,1
DA:8524,23
DA:8526,23
DA:8528,23
DA:8529,254
DA:8531,254
DA:8532,508
DA:8533,508
DA:8534,508
DA:8536,508
DA:8537,508
DA:8539,508
DA:8540,508
DA:8541,508
DA:8543,508
DA:8544,508
DA:8547,23
DA:8548,23
DA:8549,0
DA:8550,0
DA:8551,0
DA:8553,0
DA:8557,23
DA:8558,0
DA:8560,0
DA:8561,0
DA:8562,0
DA:8563,0
DA:8564,0
DA:8566,0
DA:8567,0
DA:8568,0
DA:8569,0
DA:8570,0
DA:8571,0
DA:8576,0
DA:8577,0
DA:8578,0
DA:8579,0
DA:8580,0
DA:8581,0
DA:8582,0
DA:8586,0
DA:8589,0
DA:8590,0
DA:8591,0
DA:8592,0
DA:8593,0
DA:8599,23
DA:8601,1
DA:8602,23
DA:8603,23
DA:8604,23
DA:8605,23
DA:8608,23
DA:8610,1
DA:8611,23
DA:8612,23
DA:8613,255
DA:8614,255
DA:8616,255
DA:8617,255
DA:8618,255
DA:8619,0
DA:8620,0
DA:8621,0
DA:8623,0
DA:8627,255
DA:8628,255
DA:8630,255
DA:8631,255
DA:8634,23
DA:8635,23
DA:8636,23
DA:8637,255
DA:8638,255
DA:8639,255
DA:8640,207
DA:8641,9
DA:8643,198
DA:8647,255
DA:8650,0
DA:8651,0
DA:8652,0
DA:8658,23
DA:8660,23
DA:8661,255
DA:8662,255
DA:8663,255
DA:8664,244
DA:8665,244
DA:8666,244
DA:8667,0
DA:8671,255
DA:8672,0
DA:8673,0
DA:8674,0
DA:8675,0
DA:8679,255
DA:8680,255
DA:8681,255
DA:8682,0
DA:8685,0
DA:8687,255
DA:8688,4
DA:8689,4
DA:8692,255
DA:8694,255
DA:8695,255
DA:8696,255
DA:8699,255
DA:8700,255
DA:8702,23
DA:8703,23
DA:8704,0
DA:8705,0
DA:8706,0
DA:8708,0
DA:8711,23
DA:8712,1
DA:8713,2
DA:8715,2
DA:8716,1
DA:8717,2
DA:8718,1
DA:8719,1
DA:8720,1
DA:8726,255
DA:8727,254
DA:8728,254
DA:8729,254
DA:8730,254
DA:8731,254
DA:8733,254
DA:8735,23
DA:8737,23
DA:8738,20
DA:8739,17
DA:8740,8
DA:8745,23
DA:8746,8
DA:8747,8
DA:8748,8
DA:8750,8
DA:8753,23
DA:8755,1
DA:8757,124
DA:8758,124
DA:8759,124
DA:8760,0
DA:8761,0
DA:8762,0
DA:8764,0
DA:8767,124
DA:8768,124
DA:8769,6
DA:8771,124
DA:8772,124
DA:8773,12
DA:8774,10
DA:8776,2
DA:8779,124
DA:8780,124
DA:8781,118
DA:8782,118
DA:8783,118
DA:8784,125
DA:8785,7
DA:8790,124
DA:8791,0
DA:8793,124
DA:8794,124
DA:8795,118
DA:8797,124
DA:8798,118
DA:8800,124
DA:8801,124
DA:8802,242
DA:8803,242
DA:8804,0
DA:8805,0
DA:8806,0
DA:8807,0
DA:8808,0
DA:8811,0
DA:8812,0
DA:8814,0
DA:8817,124
DA:8818,124
DA:8819,124
DA:8820,0
DA:8821,0
DA:8822,0
DA:8823,0
DA:8825,0
DA:8828,1
DA:8829,474
DA:8830,0
DA:8832,474
DA:8833,474
DA:8836,1
DA:8837,172
DA:8838,0
DA:8841,172
DA:8842,172
DA:8843,172
DA:8844,172
DA:8845,172
DA:8846,637
DA:8847,637
DA:8848,637
DA:8849,637
DA:8850,637
DA:8851,637
DA:8853,0
DA:8854,0
DA:8856,0
DA:8858,637
DA:8859,637
DA:8862,172
DA:8863,172
DA:8866,1
DA:8867,0
DA:8868,0
DA:8869,0
DA:8870,0
DA:8872,0
DA:8873,0
DA:8875,0
DA:8876,0
DA:8877,0
DA:8879,0
DA:8880,0
DA:8881,0
DA:8883,0
DA:8884,0
DA:8887,1
DA:8888,149
DA:8889,133
DA:8891,16
DA:8892,16
DA:8893,246
DA:8894,246
DA:8895,230
DA:8899,16
DA:8901,16
DA:8902,0
DA:8904,16
DA:8905,1
DA:8907,15
DA:8908,15
DA:8909,0
DA:8911,15
DA:8912,15
DA:8913,8
DA:8915,7
DA:8918,1
DA:8919,118
DA:8920,118
DA:8921,118
DA:8922,118
DA:8923,0
DA:8925,118
DA:8926,0
DA:8928,118
DA:8929,118
DA:8930,0
DA:8932,118
DA:8933,118
DA:8934,0
DA:8936,118
DA:8939,1
DA:8940,23
DA:8941,0
DA:8943,254
DA:8944,23
DA:8945,23
DA:8946,254
DA:8948,23
DA:8949,254
DA:8950,254
DA:8951,231
DA:8955,23
DA:8957,23
DA:8958,0
DA:8960,23
DA:8961,3
DA:8963,20
DA:8964,20
DA:8965,0
DA:8967,20
DA:8968,20
DA:8969,6
DA:8971,14
DA:8974,1
DA:8975,0
DA:8976,0
DA:8977,0
DA:8979,0
DA:8982,1
DA:8983,149
DA:8985,1
DA:8986,474
DA:8987,474
DA:8989,1
DA:8990,2
DA:9004,2
DA:9005,2
DA:9007,2
DA:9009,1
DA:9010,350
DA:9011,350
DA:9012,121
DA:9014,229
DA:9015,0
DA:9017,229
DA:9018,229
DA:9020,0
DA:9021,0
DA:9023,0
DA:9024,0
DA:9025,0
DA:9027,0
DA:9028,0
DA:9030,0
DA:9031,0
DA:9033,0
DA:9035,1
DA:9036,2
DA:9037,2
DA:9038,0
DA:9040,2
DA:9041,0
DA:9043,2
DA:9044,2
DA:9045,2
DA:9046,23
DA:9047,23
DA:9048,23
DA:9049,23
DA:9050,23
DA:9051,23
DA:9052,23
DA:9053,23
DA:9054,23
DA:9055,23
DA:9057,2
DA:9058,12
DA:9059,44
DA:9060,32
DA:9061,32
DA:9062,32
DA:9063,32
DA:9064,32
DA:9065,32
DA:9066,32
DA:9067,32
DA:9069,32
DA:9070,2
DA:9074,12
DA:9076,0
DA:9077,0
DA:9079,0
DA:9081,1
DA:9082,149
DA:9083,149
DA:9085,1
DA:9086,149
DA:9088,149
DA:9089,149
DA:9090,149
DA:9091,149
DA:9092,149
DA:9093,382
DA:9094,382
DA:9095,136
DA:9097,246
DA:9102,149
DA:9103,0
DA:9106,149
DA:9107,149
DA:9108,149
DA:9109,0
DA:9110,0
DA:9111,0
DA:9112,0
DA:9113,0
DA:9117,149
DA:9119,1
DA:9120,15
DA:9121,0
DA:9123,15
DA:9124,0
DA:9125,0
DA:9126,0
DA:9127,0
DA:9128,0
DA:9130,15
DA:9131,0
DA:9133,15
DA:9134,0
DA:9136,15
DA:9137,15
DA:9138,15
DA:9139,15
DA:9140,15
DA:9143,1
DA:9144,139
DA:9145,139
DA:9146,2
DA:9147,2
DA:9149,137
DA:9150,137
DA:9151,6
DA:9153,131
DA:9154,131
DA:9156,0
DA:9157,0
DA:9161,133
DA:9162,0
DA:9164,133
DA:9165,0
DA:9167,133
DA:9169,1
DA:9170,125
DA:9171,125
DA:9172,0
DA:9174,125
DA:9175,125
DA:9176,125
DA:9178,0
DA:9179,0
DA:9181,0
DA:9183,125
DA:9184,0
DA:9186,125
DA:9188,1
DA:9189,0
DA:9190,0
DA:9191,0
DA:9192,0
DA:9193,0
DA:9194,0
DA:9196,0
DA:9197,0
DA:9199,0
DA:9200,0
DA:9202,0
DA:9203,0
DA:9205,0
DA:9206,0
DA:9207,0
DA:9209,0
DA:9210,0
DA:9211,0
DA:9212,0
DA:9214,1
DA:9215,124
DA:9216,0
DA:9218,124
DA:9219,124
DA:9221,1
DA:9222,24
DA:9223,24
DA:9224,257
DA:9227,24
DA:9229,24
DA:9230,1
DA:9234,23
DA:9236,23
DA:9237,254
DA:9238,254
DA:9239,254
DA:9240,254
DA:9241,0
DA:9242,0
DA:9243,0
DA:9244,0
DA:9246,0
DA:9250,23
DA:9252,1
DA:9253,207
DA:9254,207
DA:9255,114
DA:9257,93
DA:9258,93
DA:9259,93
DA:9260,91
DA:9261,91
DA:9262,91
DA:9263,91
DA:9264,91
DA:9265,5
DA:9267,91
DA:9268,91
DA:9269,91
DA:9271,0
DA:9272,0
DA:9273,0
DA:9274,0
DA:9277,91
DA:9278,0
DA:9281,93
DA:9283,1
DA:9284,24
DA:9285,24
DA:9286,24
DA:9287,24
DA:9288,11
DA:9289,11
DA:9290,11
DA:9291,11
DA:9292,11
DA:9293,7
DA:9294,7
DA:9295,5
DA:9296,5
DA:9297,0
DA:9299,5
DA:9300,5
DA:9301,5
DA:9303,0
DA:9304,0
DA:9305,0
DA:9306,0
DA:9309,7
DA:9310,2
DA:9314,2
DA:9315,2
DA:9316,2
DA:9320,24
DA:9322,1
DA:9323,173
DA:9324,173
DA:9326,1
DA:9327,166
DA:9328,166
DA:9330,1
DA:9331,83
DA:9332,83
DA:9333,83
DA:9334,83
DA:9336,83
DA:9337,83
DA:9339,83
DA:9340,83
DA:9341,83
DA:9342,166
DA:9343,166
DA:9346,0
DA:9348,83
DA:9350,1
DA:9351,134
DA:9352,134
DA:9353,134
DA:9355,134
DA:9356,134
DA:9358,134
DA:9359,0
DA:9361,134
DA:9362,134
DA:9363,134
DA:9364,134
DA:9365,134
DA:9366,134
DA:9367,134
DA:9368,134
DA:9369,134
DA:9370,134
DA:9371,134
DA:9372,134
DA:9373,132
DA:9374,132
DA:9375,132
DA:9376,0
DA:9378,132
DA:9380,132
DA:9381,132
DA:9382,132
DA:9383,132
DA:9384,132
DA:9386,134
DA:9388,1
DA:9389,134
DA:9390,134
DA:9391,0
DA:9393,134
DA:9394,0
DA:9395,134
DA:9396,129
DA:9398,5
DA:9400,134
DA:9401,134
DA:9403,134
DA:9404,134
DA:9405,0
DA:9407,134
DA:9409,1
DA:9410,134
DA:9411,134
DA:9412,0
DA:9414,134
DA:9417,134
DA:9418,0
DA:9420,134
DA:9421,0
DA:9423,134
DA:9424,0
DA:9425,0
DA:9426,0
DA:9427,0
DA:9428,0
DA:9429,0
DA:9433,134
DA:9434,134
DA:9435,134
DA:9436,125
DA:9437,125
DA:9438,125
DA:9439,0
DA:9440,0
DA:9442,125
DA:9443,125
DA:9444,125
DA:9445,125
DA:9447,125
DA:9448,125
DA:9450,134
DA:9451,134
DA:9452,134
DA:9453,125
DA:9454,0
DA:9457,134
DA:9459,1
DA:9460,800
DA:9461,236
DA:9463,800
DA:9464,0
DA:9466,800
DA:9467,800
DA:9468,800
DA:9469,800
DA:9471,800
DA:9472,505
DA:9473,505
DA:9475,800
DA:9476,145
DA:9478,800
DA:9480,1
DA:9481,118
DA:9482,118
DA:9483,118
DA:9484,118
DA:9486,118
DA:9487,0
DA:9488,0
DA:9490,0
DA:9493,118
DA:9494,0
DA:9496,118
DA:9497,0
DA:9499,118
DA:9500,0
DA:9502,118
DA:9504,1
DA:9505,322
DA:9506,322
DA:9507,322
DA:9508,322
DA:9509,0
DA:9510,0
DA:9513,322
DA:9514,322
DA:9515,0
DA:9516,0
DA:9519,322
DA:9520,0
DA:9521,0
DA:9524,322
DA:9525,322
DA:9526,322
DA:9527,322
DA:9528,322
DA:9529,322
DA:9530,0
DA:9531,0
DA:9532,0
DA:9533,0
DA:9536,0
DA:9537,0
DA:9538,0
DA:9541,0
DA:9542,0
DA:9543,0
DA:9546,0
DA:9547,0
DA:9548,0
DA:9551,0
DA:9552,0
DA:9553,0
DA:9556,0
DA:9557,0
DA:9558,0
DA:9561,0
DA:9562,0
DA:9563,0
DA:9566,0
DA:9567,0
DA:9568,0
DA:9572,322
DA:9573,0
DA:9575,322
DA:9576,0
DA:9578,322
DA:9579,0
DA:9580,0
DA:9582,322
DA:9583,322
DA:9584,322
DA:9585,322
DA:9586,322
DA:9587,322
DA:9588,83
DA:9589,83
DA:9590,0
DA:9592,83
DA:9593,83
DA:9594,239
DA:9595,236
DA:9596,236
DA:9597,118
DA:9599,236
DA:9600,118
DA:9601,118
DA:9602,118
DA:9603,2
DA:9605,116
DA:9606,116
DA:9607,116
DA:9609,118
DA:9610,118
DA:9611,118
DA:9612,3
DA:9613,3
DA:9614,3
DA:9615,3
DA:9616,1
DA:9618,2
DA:9619,2
DA:9620,2
DA:9622,0
DA:9741,1
DA:9742,1
DA:9743,32
DA:9744,32
DA:9745,32
DA:9746,32
DA:9747,32
DA:9748,32
DA:9749,114
DA:9750,114
DA:9751,114
DA:9752,114
DA:9753,114
DA:9754,114
DA:9755,114
DA:9756,114
DA:9759,0
DA:9760,0
DA:9762,0
DA:9764,114
DA:9765,114
DA:9767,32
DA:9768,32
DA:9769,32
DA:9770,32
DA:9771,32
DA:9772,114
DA:9773,114
DA:9774,84
DA:9775,84
DA:9779,32
DA:9780,32
DA:9781,32
DA:9782,3
DA:9784,32
DA:9785,32
DA:9786,32
DA:9787,3
DA:9789,32
DA:9790,3
DA:9791,0
DA:9795,32
DA:9797,1
DA:9798,0
DA:9799,0
DA:9800,0
DA:9801,0
DA:9802,0
DA:9803,0
DA:9805,0
DA:9807,0
DA:9808,0
DA:9809,0
DA:9811,0
DA:9812,0
DA:9813,0
DA:9814,0
DA:9815,0
DA:9819,0
DA:9821,1
DA:9822,24
DA:9823,24
DA:9824,24
DA:9825,257
DA:9827,1
DA:9828,23
DA:9829,23
DA:9830,23
DA:9832,23
DA:9833,0
DA:9834,0
DA:9835,0
DA:9836,0
DA:9838,0
DA:9839,0
DA:9841,0
DA:9843,0
DA:9844,0
DA:9845,0
DA:9846,0
DA:9848,0
DA:9850,23
DA:9852,23
DA:9853,23
DA:9854,257
DA:9855,257
DA:9856,257
DA:9857,257
DA:9858,257
DA:9859,201
DA:9861,56
DA:9863,257
DA:9864,257
DA:9865,0
DA:9867,257
DA:9868,257
DA:9876,23
DA:9878,23
DA:9879,254
DA:9882,23
DA:9883,23
DA:9884,23
DA:9885,254
DA:9886,254
DA:9888,23
DA:9889,23
DA:9891,1
DA:9892,3
DA:9893,3
DA:9894,3
DA:9895,3
DA:9896,3
DA:9897,3
DA:9898,3
DA:9899,0
DA:9901,3
DA:9903,1
DA:9904,134
DA:9905,134
DA:9906,125
DA:9907,125
DA:9909,134
DA:9910,9
DA:9912,125
DA:9913,125
DA:9914,125
DA:9916,0
DA:9918,1
DA:9919,134
DA:9920,134
DA:9921,134
DA:9922,134
DA:9923,0
DA:9924,0
DA:9927,134
DA:9928,134
DA:9929,0
DA:9930,0
DA:9933,134
DA:9934,134
DA:9935,134
DA:9936,134
DA:9937,134
DA:9938,134
DA:9939,0
DA:9940,0
DA:9943,134
DA:9944,0
DA:9945,0
DA:9948,134
DA:9949,5
DA:9950,5
DA:9953,134
DA:9954,0
DA:9955,0
DA:9958,134
DA:9959,0
DA:9960,0
DA:9963,134
DA:9964,5
DA:9965,5
DA:9969,134
DA:9970,134
DA:9971,134
DA:9973,134
DA:9974,0
DA:9976,134
DA:10016,1
DA:10017,1
DA:10018,0
DA:10020,1
DA:10021,7
DA:10022,0
DA:10024,7
DA:10026,1
DA:10027,7
DA:10028,7
DA:10029,7
DA:10048,1
DA:10050,1
DA:10052,7
DA:10053,0
DA:10054,0
DA:10056,0
DA:10059,7
DA:10061,1
DA:10062,1
DA:10063,7
DA:10067,0
DA:10184,1
DA:10210,1
DA:10236,1
LF:1316
LH:941
BRDA:20,0,0,0
BRDA:20,0,1,5
BRDA:23,1,0,0
BRDA:23,1,1,5
BRDA:26,2,0,5
BRDA:26,2,1,0
BRDA:29,3,0,0
BRDA:29,3,1,0
BRDA:37,4,0,0
BRDA:37,4,1,0
BRDA:57,5,0,0
BRDA:57,5,1,2001
BRDA:71,6,0,1028
BRDA:71,6,1,504
BRDA:74,7,0,1028
BRDA:74,7,1,504
BRDA:77,8,0,1502
BRDA:77,8,1,30
BRDA:80,9,0,1532
BRDA:80,9,1,0
BRDA:83,10,0,30
BRDA:83,10,1,1502
BRDA:86,11,0,0
BRDA:86,11,1,1532
BRDA:89,12,0,0
BRDA:89,12,1,1532
BRDA:92,13,0,0
BRDA:92,13,1,1532
BRDA:95,14,0,0
BRDA:95,14,1,1532
BRDA:98,15,0,43
BRDA:98,15,1,1489
BRDA:108,16,0,173
BRDA:108,16,1,261
BRDA:108,17,0,434
BRDA:108,17,1,173
BRDA:114,18,0,179
BRDA:114,18,1,82
BRDA:114,19,0,261
BRDA:114,19,1,261
BRDA:124,20,0,0
BRDA:124,20,1,261
BRDA:124,21,0,261
BRDA:124,21,1,0
BRDA:127,22,0,82
BRDA:127,22,1,179
BRDA:127,23,0,261
BRDA:127,23,1,82
BRDA:133,24,0,0
BRDA:133,24,1,257
BRDA:138,25,0,257
BRDA:138,25,1,0
BRDA:149,26,0,257
BRDA:149,26,1,771
BRDA:153,27,0,0
BRDA:153,27,1,257
BRDA:156,28,0,0
BRDA:156,28,1,257
BRDA:160,29,0,0
BRDA:160,29,1,257
BRDA:162,30,0,0
BRDA:162,30,1,0
BRDA:162,31,0,0
BRDA:162,31,1,0
BRDA:166,32,0,257
BRDA:166,32,1,257
BRDA:167,33,0,257
BRDA:167,33,1,257
BRDA:169,34,0,0
BRDA:169,34,1,257
BRDA:169,35,0,257
BRDA:169,35,1,257
BRDA:170,36,0,0
BRDA:170,36,1,0
BRDA:170,37,0,0
BRDA:170,37,1,0
BRDA:173,38,0,0
BRDA:173,38,1,0
BRDA:177,39,0,172
BRDA:177,39,1,85
BRDA:178,40,0,0
BRDA:178,40,1,172
BRDA:182,41,0,85
BRDA:182,41,1,172
BRDA:183,42,0,0
BRDA:183,42,1,85
BRDA:198,43,0,0
BRDA:198,43,1,6902
BRDA:201,44,0,1402
BRDA:201,44,1,5500
BRDA:204,45,0,0
BRDA:204,45,1,2061
BRDA:211,46,0,0
BRDA:211,46,1,0
BRDA:211,47,0,0
BRDA:211,47,1,0
BRDA:215,48,0,0
BRDA:215,48,1,2061
BRDA:223,49,0,695
BRDA:223,49,1,4805
BRDA:227,50,0,186
BRDA:227,50,1,509
BRDA:227,51,0,695
BRDA:227,51,1,149
BRDA:227,51,2,546
BRDA:231,52,0,186
BRDA:231,52,1,0
BRDA:235,53,0,0
BRDA:235,53,1,0
BRDA:240,54,0,0
BRDA:240,54,1,186
BRDA:244,55,0,0
BRDA:244,55,1,186
BRDA:246,56,0,0
BRDA:246,56,1,0
BRDA:261,57,0,4551
BRDA:261,57,1,0
BRDA:279,58,0,0
BRDA:279,58,1,504
BRDA:293,59,0,173
BRDA:293,59,1,0
BRDA:293,60,0,173
BRDA:293,60,1,173
BRDA:302,61,0,0
BRDA:302,61,1,124
BRDA:302,62,0,124
BRDA:302,62,1,0
BRDA:305,63,0,0
BRDA:305,63,1,124
BRDA:305,64,0,124
BRDA:305,64,1,124
BRDA:308,65,0,0
BRDA:308,65,1,124
BRDA:308,66,0,124
BRDA:308,66,1,124
BRDA:312,67,0,124
BRDA:312,67,1,0
BRDA:312,68,0,124
BRDA:312,68,1,124
BRDA:318,69,0,0
BRDA:318,69,1,124
BRDA:326,70,0,0
BRDA:326,70,1,242
BRDA:326,71,0,242
BRDA:326,71,1,0
BRDA:329,72,0,0
BRDA:329,72,1,242
BRDA:329,73,0,242
BRDA:329,73,1,242
BRDA:332,74,0,0
BRDA:332,74,1,242
BRDA:332,75,0,242
BRDA:332,75,1,242
BRDA:336,76,0,242
BRDA:336,76,1,0
BRDA:336,77,0,242
BRDA:336,77,1,242
BRDA:341,78,0,0
BRDA:341,78,1,242
BRDA:341,79,0,242
BRDA:341,79,1,242
BRDA:342,80,0,0
BRDA:342,80,1,242
BRDA:350,81,0,0
BRDA:350,81,1,242
BRDA:350,82,0,242
BRDA:350,82,1,0
BRDA:353,83,0,0
BRDA:353,83,1,242
BRDA:353,84,0,242
BRDA:353,84,1,242
BRDA:356,85,0,0
BRDA:356,85,1,242
BRDA:356,86,0,242
BRDA:356,86,1,242
BRDA:360,87,0,242
BRDA:360,87,1,0
BRDA:360,88,0,242
BRDA:360,88,1,242
BRDA:366,89,0,0
BRDA:366,89,1,242
BRDA:374,90,0,474
BRDA:374,90,1,0
BRDA:374,91,0,474
BRDA:374,91,1,474
BRDA:376,92,0,0
BRDA:376,92,1,0
BRDA:382,93,0,474
BRDA:382,93,1,0
BRDA:383,94,0,247
BRDA:383,94,1,227
BRDA:383,95,0,474
BRDA:383,95,1,245
BRDA:387,96,0,0
BRDA:387,96,1,474
BRDA:395,97,0,0
BRDA:395,97,1,173
BRDA:395,98,0,173
BRDA:395,98,1,0
BRDA:400,99,0,173
BRDA:400,99,1,0
BRDA:400,100,0,173
BRDA:400,100,1,173
BRDA:407,101,0,0
BRDA:407,101,1,173
BRDA:415,102,0,166
BRDA:415,102,1,0
BRDA:415,103,0,166
BRDA:415,103,1,166
BRDA:421,104,0,0
BRDA:421,104,1,166
BRDA:428,105,0,1
BRDA:428,105,1,6529
BRDA:8411,106,0,713
BRDA:8411,106,1,5817
BRDA:8416,107,0,165
BRDA:8416,107,1,4762
BRDA:8419,108,0,713
BRDA:8419,108,1,4049
BRDA:8420,109,0,0
BRDA:8420,109,1,713
BRDA:8428,110,0,0
BRDA:8428,110,1,548
BRDA:8428,111,0,548
BRDA:8428,111,1,0
BRDA:8431,112,0,1053
BRDA:8431,112,1,4764
BRDA:8443,113,0,1271
BRDA:8443,113,1,0
BRDA:8443,114,0,1271
BRDA:8443,114,1,1271
BRDA:8452,115,0,122
BRDA:8452,115,1,2
BRDA:8452,116,0,124
BRDA:8452,116,1,122
BRDA:8455,117,0,0
BRDA:8455,117,1,122
BRDA:8460,118,0,0
BRDA:8460,118,1,124
BRDA:8460,119,0,124
BRDA:8460,119,1,0
BRDA:8463,120,0,0
BRDA:8463,120,1,0
BRDA:8470,121,0,0
BRDA:8470,121,1,124
BRDA:8476,122,0,8
BRDA:8476,122,1,116
BRDA:8476,123,0,124
BRDA:8476,123,1,124
BRDA:8480,124,0,0
BRDA:8480,124,1,124
BRDA:8488,125,0,1
BRDA:8488,125,1,241
BRDA:8494,126,0,1
BRDA:8494,126,1,0
BRDA:8494,127,0,1
BRDA:8494,127,1,1
BRDA:8501,128,0,0
BRDA:8501,128,1,1
BRDA:8511,129,0,0
BRDA:8511,129,1,242
BRDA:8514,130,0,242
BRDA:8514,130,1,0
BRDA:8518,131,0,0
BRDA:8518,131,1,242
BRDA:8532,132,0,508
BRDA:8532,132,1,0
BRDA:8533,133,0,508
BRDA:8533,133,1,0
BRDA:8540,134,0,508
BRDA:8540,134,1,0
BRDA:8548,135,0,0
BRDA:8548,135,1,23
BRDA:8557,136,0,0
BRDA:8557,136,1,23
BRDA:8561,137,0,0
BRDA:8561,137,1,0
BRDA:8563,138,0,0
BRDA:8563,138,1,0
BRDA:8566,139,0,0
BRDA:8566,139,1,0
BRDA:8569,140,0,0
BRDA:8569,140,1,0
BRDA:8576,141,0,0
BRDA:8576,141,1,0
BRDA:8581,142,0,0
BRDA:8581,142,1,0
BRDA:8589,143,0,0
BRDA:8589,143,1,0
BRDA:8589,144,0,0
BRDA:8589,144,1,0
BRDA:8604,145,0,23
BRDA:8604,145,1,0
BRDA:8618,146,0,0
BRDA:8618,146,1,255
BRDA:8618,147,0,255
BRDA:8618,147,1,255
BRDA:8618,147,2,255
BRDA:8627,148,0,255
BRDA:8627,148,1,0
BRDA:8627,149,0,255
BRDA:8627,149,1,255
BRDA:8630,150,0,255
BRDA:8630,150,1,0
BRDA:8630,151,0,255
BRDA:8630,151,1,255
BRDA:8635,152,0,23
BRDA:8635,152,1,0
BRDA:8639,153,0,207
BRDA:8639,153,1,48
BRDA:8640,154,0,9
BRDA:8640,154,1,198
BRDA:8640,155,0,207
BRDA:8640,155,1,207
BRDA:8640,155,2,9
BRDA:8651,156,0,0
BRDA:8651,156,1,0
BRDA:8663,157,0,244
BRDA:8663,157,1,11
BRDA:8663,158,0,255
BRDA:8663,158,1,244
BRDA:8666,159,0,0
BRDA:8666,159,1,244
BRDA:8671,160,0,0
BRDA:8671,160,1,255
BRDA:8671,161,0,255
BRDA:8671,161,1,0
BRDA:8674,162,0,0
BRDA:8674,162,1,0
BRDA:8681,163,0,0
BRDA:8681,163,1,255
BRDA:8687,164,0,4
BRDA:8687,164,1,251
BRDA:8687,165,0,255
BRDA:8687,165,1,255
BRDA:8695,166,0,255
BRDA:8695,166,1,0
BRDA:8703,167,0,0
BRDA:8703,167,1,23
BRDA:8711,168,0,1
BRDA:8711,168,1,22
BRDA:8713,169,0,0
BRDA:8713,169,1,2
BRDA:8715,170,0,1
BRDA:8715,170,1,1
BRDA:8718,171,0,1
BRDA:8718,171,1,0
BRDA:8726,172,0,255
BRDA:8726,172,1,254
BRDA:8730,173,0,254
BRDA:8730,173,1,0
BRDA:8739,174,0,8
BRDA:8739,174,1,9
BRDA:8739,175,0,17
BRDA:8739,175,1,17
BRDA:8745,176,0,8
BRDA:8745,176,1,15
BRDA:8759,177,0,0
BRDA:8759,177,1,124
BRDA:8759,178,0,124
BRDA:8759,178,1,124
BRDA:8759,178,2,124
BRDA:8768,179,0,6
BRDA:8768,179,1,118
BRDA:8772,180,0,12
BRDA:8772,180,1,112
BRDA:8773,181,0,10
BRDA:8773,181,1,2
BRDA:8773,182,0,12
BRDA:8773,182,1,10
BRDA:8773,182,2,10
BRDA:8780,183,0,118
BRDA:8780,183,1,6
BRDA:8782,184,0,118
BRDA:8782,184,1,0
BRDA:8784,185,0,7
BRDA:8784,185,1,118
BRDA:8784,186,0,125
BRDA:8784,186,1,124
BRDA:8790,187,0,0
BRDA:8790,187,1,124
BRDA:8794,188,0,118
BRDA:8794,188,1,6
BRDA:8794,189,0,124
BRDA:8794,189,1,118
BRDA:8797,190,0,118
BRDA:8797,190,1,6
BRDA:8797,191,0,124
BRDA:8797,191,1,118
BRDA:8803,192,0,0
BRDA:8803,192,1,242
BRDA:8806,193,0,0
BRDA:8806,193,1,0
BRDA:8806,194,0,0
BRDA:8806,194,1,0
BRDA:8811,195,0,0
BRDA:8811,195,1,0
BRDA:8811,196,0,0
BRDA:8811,196,1,0
BRDA:8819,197,0,0
BRDA:8819,197,1,124
BRDA:8822,198,0,0
BRDA:8822,198,1,0
BRDA:8829,199,0,0
BRDA:8829,199,1,474
BRDA:8837,200,0,0
BRDA:8837,200,1,172
BRDA:8851,201,0,637
BRDA:8851,201,1,0
BRDA:8853,202,0,0
BRDA:8853,202,1,0
BRDA:8858,203,0,541
BRDA:8858,203,1,96
BRDA:8869,204,0,0
BRDA:8869,204,1,0
BRDA:8872,205,0,0
BRDA:8872,205,1,0
BRDA:8876,206,0,0
BRDA:8876,206,1,0
BRDA:8880,207,0,0
BRDA:8880,207,1,0
BRDA:8888,208,0,133
BRDA:8888,208,1,16
BRDA:8894,209,0,230
BRDA:8894,209,1,16
BRDA:8901,210,0,0
BRDA:8901,210,1,16
BRDA:8904,211,0,1
BRDA:8904,211,1,15
BRDA:8908,212,0,0
BRDA:8908,212,1,15
BRDA:8912,213,0,8
BRDA:8912,213,1,7
BRDA:8922,214,0,0
BRDA:8922,214,1,118
BRDA:8925,215,0,0
BRDA:8925,215,1,118
BRDA:8929,216,0,0
BRDA:8929,216,1,118
BRDA:8933,217,0,0
BRDA:8933,217,1,118
BRDA:8940,218,0,0
BRDA:8940,218,1,23
BRDA:8950,219,0,231
BRDA:8950,219,1,23
BRDA:8957,220,0,0
BRDA:8957,220,1,23
BRDA:8960,221,0,3
BRDA:8960,221,1,20
BRDA:8964,222,0,0
BRDA:8964,222,1,20
BRDA:8968,223,0,6
BRDA:8968,223,1,14
BRDA:8975,224,0,0
BRDA:8975,224,1,0
BRDA:8975,225,0,0
BRDA:8975,225,1,0
BRDA:8975,225,2,0
BRDA:9011,226,0,121
BRDA:9011,226,1,229
BRDA:9014,227,0,0
BRDA:9014,227,1,229
BRDA:9017,228,0,229
BRDA:9017,228,1,0
BRDA:9020,229,0,0
BRDA:9020,229,1,0
BRDA:9024,230,0,0
BRDA:9024,230,1,0
BRDA:9027,231,0,0
BRDA:9027,231,1,0
BRDA:9030,232,0,0
BRDA:9030,232,1,0
BRDA:9030,233,0,0
BRDA:9030,233,1,0
BRDA:9037,234,0,0
BRDA:9037,234,1,2
BRDA:9040,235,0,0
BRDA:9040,235,1,2
BRDA:9043,236,0,2
BRDA:9043,236,1,0
BRDA:9052,237,0,9
BRDA:9052,237,1,14
BRDA:9053,238,0,9
BRDA:9053,238,1,14
BRDA:9054,239,0,0
BRDA:9054,239,1,23
BRDA:9054,240,0,23
BRDA:9054,240,1,23
BRDA:9059,241,0,12
BRDA:9059,241,1,32
BRDA:9066,242,0,16
BRDA:9066,242,1,16
BRDA:9067,243,0,16
BRDA:9067,243,1,16
BRDA:9069,244,0,2
BRDA:9069,244,1,30
BRDA:9076,245,0,0
BRDA:9076,245,1,0
BRDA:9091,246,0,149
BRDA:9091,246,1,0
BRDA:9094,247,0,136
BRDA:9094,247,1,246
BRDA:9102,248,0,0
BRDA:9102,248,1,149
BRDA:9102,249,0,149
BRDA:9102,249,1,0
BRDA:9108,250,0,0
BRDA:9108,250,1,149
BRDA:9111,251,0,0
BRDA:9111,251,1,0
BRDA:9120,252,0,0
BRDA:9120,252,1,15
BRDA:9120,253,0,15
BRDA:9120,253,1,0
BRDA:9123,254,0,0
BRDA:9123,254,1,15
BRDA:9130,255,0,0
BRDA:9130,255,1,15
BRDA:9133,256,0,0
BRDA:9133,256,1,15
BRDA:9145,257,0,2
BRDA:9145,257,1,137
BRDA:9145,258,0,139
BRDA:9145,258,1,139
BRDA:9150,259,0,6
BRDA:9150,259,1,131
BRDA:9156,260,0,0
BRDA:9156,260,1,0
BRDA:9161,261,0,0
BRDA:9161,261,1,133
BRDA:9164,262,0,0
BRDA:9164,262,1,133
BRDA:9171,263,0,0
BRDA:9171,263,1,125
BRDA:9178,264,0,0
BRDA:9178,264,1,0
BRDA:9183,265,0,0
BRDA:9183,265,1,125
BRDA:9189,266,0,0
BRDA:9189,266,1,0
BRDA:9189,267,0,0
BRDA:9189,267,1,0
BRDA:9189,267,2,0
BRDA:9196,268,0,0
BRDA:9196,268,1,0
BRDA:9199,269,0,0
BRDA:9199,269,1,0
BRDA:9202,270,0,0
BRDA:9202,270,1,0
BRDA:9202,271,0,0
BRDA:9202,271,1,0
BRDA:9206,272,0,0
BRDA:9206,272,1,0
BRDA:9215,273,0,0
BRDA:9215,273,1,124
BRDA:9229,274,0,1
BRDA:9229,274,1,23
BRDA:9240,275,0,0
BRDA:9240,275,1,254
BRDA:9243,276,0,0
BRDA:9243,276,1,0
BRDA:9254,277,0,114
BRDA:9254,277,1,93
BRDA:9259,278,0,91
BRDA:9259,278,1,2
BRDA:9259,279,0,93
BRDA:9259,279,1,91
BRDA:9259,279,2,91
BRDA:9264,280,0,5
BRDA:9264,280,1,86
BRDA:9267,281,0,91
BRDA:9267,281,1,0
BRDA:9271,282,0,0
BRDA:9271,282,1,0
BRDA:9277,283,0,0
BRDA:9277,283,1,91
BRDA:9286,284,0,24
BRDA:9286,284,1,0
BRDA:9288,285,0,11
BRDA:9288,285,1,0
BRDA:9292,286,0,7
BRDA:9292,286,1,4
BRDA:9292,287,0,11
BRDA:9292,287,1,7
BRDA:9292,287,2,7
BRDA:9296,288,0,0
BRDA:9296,288,1,5
BRDA:9299,289,0,5
BRDA:9299,289,1,0
BRDA:9303,290,0,0
BRDA:9303,290,1,0
BRDA:9309,291,0,2
BRDA:9309,291,1,5
BRDA:9333,292,0,83
BRDA:9333,292,1,0
BRDA:9333,293,0,83
BRDA:9333,293,1,83
BRDA:9336,294,0,83
BRDA:9336,294,1,0
BRDA:9336,295,0,83
BRDA:9336,295,1,83
BRDA:9340,296,0,83
BRDA:9340,296,1,0
BRDA:9352,297,0,134
BRDA:9352,297,1,0
BRDA:9355,298,0,134
BRDA:9355,298,1,0
BRDA:9358,299,0,0
BRDA:9358,299,1,134
BRDA:9372,300,0,132
BRDA:9372,300,1,2
BRDA:9372,301,0,134
BRDA:9372,301,1,134
BRDA:9375,302,0,0
BRDA:9375,302,1,132
BRDA:9390,303,0,0
BRDA:9390,303,1,134
BRDA:9390,304,0,134
BRDA:9390,304,1,5
BRDA:9393,305,0,0
BRDA:9393,305,1,134
BRDA:9393,306,0,134
BRDA:9393,306,1,0
BRDA:9393,306,2,0
BRDA:9395,307,0,129
BRDA:9395,307,1,5
BRDA:9400,308,0,134
BRDA:9400,308,1,0
BRDA:9404,309,0,0
BRDA:9404,309,1,134
BRDA:9411,310,0,0
BRDA:9411,310,1,134
BRDA:9417,311,0,0
BRDA:9417,311,1,134
BRDA:9420,312,0,0
BRDA:9420,312,1,134
BRDA:9423,313,0,0
BRDA:9423,313,1,134
BRDA:9425,314,0,0
BRDA:9425,314,1,0
BRDA:9428,315,0,0
BRDA:9428,315,1,0
BRDA:9438,316,0,0
BRDA:9438,316,1,125
BRDA:9444,317,0,125
BRDA:9444,317,1,0
BRDA:9453,318,0,0
BRDA:9453,318,1,125
BRDA:9460,319,0,236
BRDA:9460,319,1,564
BRDA:9460,320,0,800
BRDA:9460,320,1,236
BRDA:9463,321,0,0
BRDA:9463,321,1,800
BRDA:9468,322,0,800
BRDA:9468,322,1,0
BRDA:9471,323,0,505
BRDA:9471,323,1,295
BRDA:9475,324,0,145
BRDA:9475,324,1,655
BRDA:9476,325,0,0
BRDA:9476,325,1,145
BRDA:9483,326,0,118
BRDA:9483,326,1,0
BRDA:9486,327,0,0
BRDA:9486,327,1,118
BRDA:9487,328,0,0
BRDA:9487,328,1,0
BRDA:9493,329,0,0
BRDA:9493,329,1,118
BRDA:9493,330,0,118
BRDA:9493,330,1,118
BRDA:9496,331,0,0
BRDA:9496,331,1,118
BRDA:9499,332,0,0
BRDA:9499,332,1,118
BRDA:9499,333,0,118
BRDA:9499,333,1,118
BRDA:9508,334,0,0
BRDA:9508,334,1,322
BRDA:9509,335,0,0
BRDA:9509,335,1,0
BRDA:9514,336,0,0
BRDA:9514,336,1,322
BRDA:9515,337,0,0
BRDA:9515,337,1,0
BRDA:9519,338,0,0
BRDA:9519,338,1,322
BRDA:9520,339,0,0
BRDA:9520,339,1,0
BRDA:9529,340,0,0
BRDA:9529,340,1,322
BRDA:9531,341,0,0
BRDA:9531,341,1,0
BRDA:9532,342,0,0
BRDA:9532,342,1,0
BRDA:9536,343,0,0
BRDA:9536,343,1,0
BRDA:9537,344,0,0
BRDA:9537,344,1,0
BRDA:9541,345,0,0
BRDA:9541,345,1,0
BRDA:9542,346,0,0
BRDA:9542,346,1,0
BRDA:9546,347,0,0
BRDA:9546,347,1,0
BRDA:9547,348,0,0
BRDA:9547,348,1,0
BRDA:9551,349,0,0
BRDA:9551,349,1,0
BRDA:9552,350,0,0
BRDA:9552,350,1,0
BRDA:9556,351,0,0
BRDA:9556,351,1,0
BRDA:9557,352,0,0
BRDA:9557,352,1,0
BRDA:9561,353,0,0
BRDA:9561,353,1,0
BRDA:9562,354,0,0
BRDA:9562,354,1,0
BRDA:9566,355,0,0
BRDA:9566,355,1,0
BRDA:9567,356,0,0
BRDA:9567,356,1,0
BRDA:9572,357,0,0
BRDA:9572,357,1,322
BRDA:9572,358,0,322
BRDA:9572,358,1,322
BRDA:9575,359,0,0
BRDA:9575,359,1,322
BRDA:9575,360,0,322
BRDA:9575,360,1,322
BRDA:9578,361,0,0
BRDA:9578,361,1,322
BRDA:9578,362,0,322
BRDA:9578,362,1,0
BRDA:9587,363,0,83
BRDA:9587,363,1,239
BRDA:9589,364,0,0
BRDA:9589,364,1,83
BRDA:9594,365,0,236
BRDA:9594,365,1,3
BRDA:9596,366,0,118
BRDA:9596,366,1,118
BRDA:9596,367,0,236
BRDA:9596,367,1,236
BRDA:9599,368,0,118
BRDA:9599,368,1,118
BRDA:9599,369,0,236
BRDA:9599,369,1,118
BRDA:9602,370,0,2
BRDA:9602,370,1,116
BRDA:9610,371,0,0
BRDA:9610,371,1,118
BRDA:9612,372,0,3
BRDA:9612,372,1,0
BRDA:9615,373,0,1
BRDA:9615,373,1,2
BRDA:9756,374,0,114
BRDA:9756,374,1,0
BRDA:9759,375,0,0
BRDA:9759,375,1,0
BRDA:9764,376,0,84
BRDA:9764,376,1,30
BRDA:9770,377,0,32
BRDA:9770,377,1,0
BRDA:9773,378,0,84
BRDA:9773,378,1,30
BRDA:9784,379,0,32
BRDA:9784,379,1,0
BRDA:9790,380,0,0
BRDA:9790,380,1,3
BRDA:9802,381,0,0
BRDA:9802,381,1,0
BRDA:9802,382,0,0
BRDA:9802,382,1,0
BRDA:9802,382,2,0
BRDA:9802,382,3,0
BRDA:9808,383,0,0
BRDA:9808,383,1,0
BRDA:9830,384,0,23
BRDA:9830,384,1,0
BRDA:9832,385,0,0
BRDA:9832,385,1,23
BRDA:9838,386,0,0
BRDA:9838,386,1,0
BRDA:9838,387,0,0
BRDA:9838,387,1,0
BRDA:9845,388,0,0
BRDA:9845,388,1,0
BRDA:9858,389,0,201
BRDA:9858,389,1,56
BRDA:9858,390,0,257
BRDA:9858,390,1,257
BRDA:9858,390,2,257
BRDA:9858,390,3,257
BRDA:9864,391,0,0
BRDA:9864,391,1,257
BRDA:9879,392,0,24
BRDA:9879,392,1,24
BRDA:9898,393,0,0
BRDA:9898,393,1,3
BRDA:9909,394,0,9
BRDA:9909,394,1,125
BRDA:9913,395,0,125
BRDA:9913,395,1,0
BRDA:9922,396,0,0
BRDA:9922,396,1,134
BRDA:9923,397,0,0
BRDA:9923,397,1,0
BRDA:9928,398,0,0
BRDA:9928,398,1,134
BRDA:9929,399,0,0
BRDA:9929,399,1,0
BRDA:9937,400,0,134
BRDA:9937,400,1,0
BRDA:9938,401,0,0
BRDA:9938,401,1,134
BRDA:9939,402,0,0
BRDA:9939,402,1,0
BRDA:9943,403,0,0
BRDA:9943,403,1,134
BRDA:9944,404,0,0
BRDA:9944,404,1,0
BRDA:9948,405,0,5
BRDA:9948,405,1,129
BRDA:9949,406,0,5
BRDA:9949,406,1,0
BRDA:9953,407,0,0
BRDA:9953,407,1,134
BRDA:9954,408,0,0
BRDA:9954,408,1,0
BRDA:9958,409,0,0
BRDA:9958,409,1,134
BRDA:9959,410,0,0
BRDA:9959,410,1,0
BRDA:9963,411,0,5
BRDA:9963,411,1,129
BRDA:9964,412,0,5
BRDA:9964,412,1,0
BRDA:9970,413,0,134
BRDA:9970,413,1,0
BRDA:9970,414,0,134
BRDA:9970,414,1,134
BRDA:9970,414,2,134
BRDA:9973,415,0,0
BRDA:9973,415,1,134
BRDA:9973,416,0,134
BRDA:9973,416,1,134
BRDA:9973,416,2,134
BRDA:10021,417,0,0
BRDA:10021,417,1,7
BRDA:10052,418,0,0
BRDA:10052,418,1,7
BRDA:10052,419,0,7
BRDA:10052,419,1,0
BRDA:10052,419,2,0
BRDA:10066,420,0,0
BRDA:10066,420,1,7
BRDA:10067,421,0,0
BRDA:10067,421,1,7
BRDA:10067,422,0,7
BRDA:10067,422,1,0
BRDA:10068,423,0,0
BRDA:10068,423,1,7
BRDA:10068,424,0,0
BRDA:10068,424,1,0
BRDA:10069,425,0,0
BRDA:10069,425,1,7
BRDA:10069,426,0,0
BRDA:10069,426,1,0
BRDA:10070,427,0,0
BRDA:10070,427,1,7
BRDA:10075,428,0,0
BRDA:10075,428,1,7
BRDA:10079,429,0,0
BRDA:10079,429,1,7
BRF:877
BRH:487
end_of_record
TN:
SF:src\main\server\util.js
FN:25,(anonymous_0)
FN:33,(anonymous_1)
FN:44,(anonymous_2)
FN:414,(anonymous_3)
FN:520,(anonymous_4)
FN:521,(anonymous_5)
FN:525,(anonymous_6)
FNF:7
FNH:1
FNDA:1,(anonymous_0)
FNDA:0,(anonymous_1)
FNDA:0,(anonymous_2)
FNDA:0,(anonymous_3)
FNDA:0,(anonymous_4)
FNDA:0,(anonymous_5)
FNDA:0,(anonymous_6)
DA:21,1
DA:22,1
DA:25,1
DA:26,1
DA:27,1
DA:28,1
DA:29,0
DA:31,1
DA:32,0
DA:33,0
DA:34,0
DA:36,0
DA:38,1
DA:39,1
DA:40,1
DA:41,1
DA:42,1
DA:43,0
DA:44,0
DA:45,0
DA:47,0
DA:49,1
DA:50,1
DA:56,1
DA:57,0
DA:58,0
DA:59,0
DA:60,0
DA:61,0
DA:62,0
DA:63,0
DA:65,0
DA:66,0
DA:75,0
DA:76,0
DA:77,0
DA:78,0
DA:79,0
DA:80,0
DA:81,0
DA:82,0
DA:83,0
DA:84,0
DA:85,0
DA:86,0
DA:87,0
DA:88,0
DA:93,0
DA:94,0
DA:95,0
DA:96,0
DA:97,0
DA:98,0
DA:99,0
DA:100,0
DA:112,0
DA:113,0
DA:114,0
DA:115,0
DA:116,0
DA:117,0
DA:118,0
DA:119,0
DA:131,0
DA:132,0
DA:134,0
DA:135,0
DA:136,0
DA:137,0
DA:138,0
DA:140,0
DA:141,0
DA:142,0
DA:143,0
DA:144,0
DA:145,0
DA:146,0
DA:148,0
DA:149,0
DA:153,0
DA:154,0
DA:155,0
DA:156,0
DA:157,0
DA:159,0
DA:160,0
DA:161,0
DA:162,0
DA:163,0
DA:164,0
DA:165,0
DA:166,0
DA:167,0
DA:168,0
DA:169,0
DA:170,0
DA:171,0
DA:183,0
DA:184,0
DA:185,0
DA:186,0
DA:187,0
DA:188,0
DA:189,0
DA:190,0
DA:202,0
DA:203,0
DA:204,0
DA:205,0
DA:206,0
DA:207,0
DA:208,0
DA:209,0
DA:214,0
DA:215,0
DA:217,0
DA:218,0
DA:219,0
DA:220,0
DA:221,0
DA:223,0
DA:224,0
DA:225,0
DA:226,0
DA:227,0
DA:228,0
DA:229,0
DA:231,0
DA:232,0
DA:236,0
DA:237,0
DA:238,0
DA:241,1
DA:242,0
DA:243,0
DA:244,0
DA:245,0
DA:246,0
DA:247,0
DA:248,0
DA:250,0
DA:251,0
DA:253,0
DA:254,0
DA:255,0
DA:256,0
DA:257,0
DA:258,0
DA:259,0
DA:260,0
DA:261,0
DA:262,0
DA:263,0
DA:264,0
DA:265,0
DA:266,0
DA:267,0
DA:268,0
DA:269,0
DA:270,0
DA:272,0
DA:277,0
DA:278,0
DA:279,0
DA:280,0
DA:281,0
DA:282,0
DA:283,0
DA:284,0
DA:285,0
DA:286,0
DA:287,0
DA:288,0
DA:289,0
DA:291,0
DA:303,0
DA:304,0
DA:306,0
DA:307,0
DA:308,0
DA:309,0
DA:310,0
DA:312,0
DA:313,0
DA:314,0
DA:315,0
DA:316,0
DA:317,0
DA:319,0
DA:320,0
DA:321,0
DA:322,0
DA:324,0
DA:325,0
DA:329,0
DA:330,0
DA:331,0
DA:332,0
DA:334,0
DA:335,0
DA:336,0
DA:337,0
DA:338,0
DA:339,0
DA:340,0
DA:341,0
DA:342,0
DA:343,0
DA:344,0
DA:345,0
DA:346,0
DA:347,0
DA:348,0
DA:349,0
DA:350,0
DA:352,0
DA:364,0
DA:365,0
DA:366,0
DA:367,0
DA:368,0
DA:369,0
DA:370,0
DA:371,0
DA:372,0
DA:373,0
DA:375,0
DA:380,0
DA:381,0
DA:383,0
DA:384,0
DA:385,0
DA:386,0
DA:387,0
DA:389,0
DA:390,0
DA:391,0
DA:392,0
DA:393,0
DA:394,0
DA:396,0
DA:397,0
DA:398,0
DA:399,0
DA:401,0
DA:402,0
DA:406,0
DA:407,0
DA:408,0
DA:411,1
DA:414,1
DA:415,0
DA:416,0
DA:418,0
DA:419,0
DA:422,0
DA:430,0
DA:431,0
DA:432,0
DA:433,0
DA:434,0
DA:435,0
DA:436,0
DA:437,0
DA:438,0
DA:440,0
DA:441,0
DA:442,0
DA:443,0
DA:444,0
DA:445,0
DA:447,0
DA:450,0
DA:452,0
DA:453,0
DA:454,0
DA:457,1
DA:520,1
DA:521,0
DA:522,0
DA:525,1
DA:526,0
DA:527,0
DA:529,0
DA:530,0
DA:531,0
DA:532,0
DA:533,0
DA:534,0
DA:535,0
DA:537,0
DA:539,1
LF:292
LH:22
BRDA:28,0,0,0
BRDA:28,0,1,1
BRDA:31,1,0,0
BRDA:31,1,1,1
BRDA:42,2,0,0
BRDA:42,2,1,1
BRDA:42,3,0,1
BRDA:42,3,1,1
BRDA:49,4,0,1
BRDA:49,4,1,0
BRDA:56,5,0,0
BRDA:56,5,1,1
BRDA:56,6,0,1
BRDA:56,6,1,0
BRDA:62,7,0,0
BRDA:62,7,1,0
BRDA:65,8,0,0
BRDA:65,8,1,0
BRDA:65,9,0,0
BRDA:65,9,1,0
BRDA:65,9,2,0
BRDA:65,9,3,0
BRDA:76,10,0,0
BRDA:76,10,1,0
BRDA:83,11,0,0
BRDA:83,11,1,0
BRDA:95,12,0,0
BRDA:95,12,1,0
BRDA:114,13,0,0
BRDA:114,13,1,0
BRDA:137,14,0,0
BRDA:137,14,1,0
BRDA:153,15,0,0
BRDA:153,15,1,0
BRDA:157,16,0,0
BRDA:157,16,1,0
BRDA:159,17,0,0
BRDA:159,17,1,0
BRDA:166,18,0,0
BRDA:166,18,1,0
BRDA:185,19,0,0
BRDA:185,19,1,0
BRDA:204,20,0,0
BRDA:204,20,1,0
BRDA:220,21,0,0
BRDA:220,21,1,0
BRDA:236,22,0,0
BRDA:236,22,1,0
BRDA:241,23,0,0
BRDA:241,23,1,1
BRDA:241,24,0,1
BRDA:241,24,1,0
BRDA:247,25,0,0
BRDA:247,25,1,0
BRDA:250,26,0,0
BRDA:250,26,1,0
BRDA:250,27,0,0
BRDA:250,27,1,0
BRDA:250,27,2,0
BRDA:254,28,0,0
BRDA:254,28,1,0
BRDA:263,29,0,0
BRDA:263,29,1,0
BRDA:269,30,0,0
BRDA:269,30,1,0
BRDA:279,31,0,0
BRDA:279,31,1,0
BRDA:285,32,0,0
BRDA:285,32,1,0
BRDA:287,33,0,0
BRDA:287,33,1,0
BRDA:309,34,0,0
BRDA:309,34,1,0
BRDA:316,35,0,0
BRDA:316,35,1,0
BRDA:329,36,0,0
BRDA:329,36,1,0
BRDA:332,37,0,0
BRDA:332,37,1,0
BRDA:334,38,0,0
BRDA:334,38,1,0
BRDA:343,39,0,0
BRDA:343,39,1,0
BRDA:349,40,0,0
BRDA:349,40,1,0
BRDA:366,41,0,0
BRDA:366,41,1,0
BRDA:372,42,0,0
BRDA:372,42,1,0
BRDA:386,43,0,0
BRDA:386,43,1,0
BRDA:393,44,0,0
BRDA:393,44,1,0
BRDA:406,45,0,0
BRDA:406,45,1,0
BRDA:415,46,0,0
BRDA:415,46,1,0
BRDA:418,47,0,0
BRDA:418,47,1,0
BRDA:434,48,0,0
BRDA:434,48,1,0
BRDA:434,48,2,0
BRDA:437,49,0,0
BRDA:437,49,1,0
BRDA:443,50,0,0
BRDA:443,50,1,0
BRDA:444,51,0,0
BRDA:444,51,1,0
BRDA:453,52,0,0
BRDA:453,52,1,0
BRDA:526,53,0,0
BRDA:526,53,1,0
BRF:112
BRH:10
end_of_record
TN:
SF:src\main\server\websocket.js
FN:3,(anonymous_0)
FN:6,(anonymous_1)
FN:15,(anonymous_2)
FNF:3
FNH:1
FNDA:0,(anonymous_0)
FNDA:0,(anonymous_1)
FNDA:224,(anonymous_2)
DA:1,1
DA:2,1
DA:3,1
DA:4,0
DA:5,0
DA:6,0
DA:7,0
DA:8,0
DA:10,0
DA:11,0
DA:15,1
DA:16,224
DA:17,0
DA:18,0
DA:20,0
LF:15
LH:5
BRDA:8,0,0,0
BRDA:8,0,1,0
BRF:2
BRH:0
end_of_record
TN:
SF:src\main\server\adapter\asn\asn.js
FN:20,cassFrameworkAsAsn
FN:71,(anonymous_1)
FN:210,fixScalars
FN:308,importFrameworkToCass
FN:441,asnFrameworkToCass
FN:503,importConceptPromise
FN:504,(anonymous_6)
FN:651,importJsonLdGraph
FN:669,(anonymous_8)
FN:669,(anonymous_9)
FN:673,(anonymous_10)
FN:673,(anonymous_11)
FN:683,asnEndpoint
FNF:13
FNH:3
FNDA:1,cassFrameworkAsAsn
FNDA:1,(anonymous_1)
FNDA:0,fixScalars
FNDA:0,importFrameworkToCass
FNDA:0,asnFrameworkToCass
FNDA:0,importConceptPromise
FNDA:0,(anonymous_6)
FNDA:0,importJsonLdGraph
FNDA:0,(anonymous_8)
FNDA:0,(anonymous_9)
FNDA:0,(anonymous_10)
FNDA:0,(anonymous_11)
FNDA:1,asnEndpoint
DA:1,1
DA:3,1
DA:21,1
DA:23,1
DA:24,0
DA:25,1
DA:26,1
DA:27,1
DA:28,1
DA:29,1
DA:30,1
DA:31,0
DA:32,1
DA:33,0
DA:34,1
DA:35,0
DA:36,0
DA:37,0
DA:38,0
DA:40,0
DA:41,0
DA:42,0
DA:44,0
DA:45,0
DA:46,0
DA:47,0
DA:48,0
DA:49,0
DA:51,0
DA:52,0
DA:55,0
DA:56,0
DA:59,1
DA:60,0
DA:62,1
DA:63,1
DA:64,1
DA:65,1
DA:67,1
DA:68,1
DA:69,1
DA:71,1
DA:74,1
DA:75,1
DA:76,1
DA:77,1
DA:78,1
DA:79,12
DA:80,12
DA:81,12
DA:82,12
DA:83,0
DA:86,1
DA:87,1
DA:89,10
DA:90,10
DA:91,10
DA:92,10
DA:93,10
DA:95,10
DA:97,10
DA:98,10
DA:99,10
DA:100,10
DA:101,10
DA:102,10
DA:104,0
DA:106,10
DA:107,10
DA:108,2
DA:109,10
DA:110,10
DA:111,10
DA:113,0
DA:115,10
DA:116,0
DA:117,0
DA:118,0
DA:119,0
DA:120,0
DA:121,0
DA:122,0
DA:123,0
DA:124,0
DA:125,0
DA:127,0
DA:129,0
DA:130,0
DA:131,0
DA:133,0
DA:135,10
DA:136,0
DA:137,0
DA:138,0
DA:139,0
DA:140,0
DA:141,0
DA:142,0
DA:144,0
DA:145,0
DA:146,0
DA:147,0
DA:148,0
DA:149,0
DA:150,0
DA:152,0
DA:154,10
DA:155,0
DA:156,0
DA:157,0
DA:158,0
DA:159,0
DA:160,0
DA:161,0
DA:163,0
DA:166,1
DA:168,1
DA:169,12
DA:170,12
DA:171,12
DA:172,12
DA:173,12
DA:174,0
DA:175,12
DA:176,178
DA:177,22
DA:178,22
DA:180,178
DA:181,12
DA:184,12
DA:185,12
DA:188,1
DA:189,1
DA:190,1
DA:191,19
DA:192,3
DA:193,3
DA:195,19
DA:196,1
DA:199,1
DA:200,1
DA:201,1
DA:202,1
DA:211,0
DA:212,0
DA:213,0
DA:214,0
DA:216,0
DA:217,0
DA:218,0
DA:219,0
DA:220,0
DA:221,0
DA:222,0
DA:223,0
DA:224,0
DA:225,0
DA:227,0
DA:228,0
DA:229,0
DA:230,0
DA:231,0
DA:232,0
DA:235,0
DA:236,0
DA:237,0
DA:241,0
DA:243,0
DA:244,0
DA:245,0
DA:247,0
DA:248,0
DA:249,0
DA:253,0
DA:257,0
DA:258,0
DA:261,0
DA:262,0
DA:263,0
DA:264,0
DA:265,0
DA:266,0
DA:269,0
DA:270,0
DA:271,0
DA:272,0
DA:276,0
DA:277,0
DA:279,0
DA:280,0
DA:281,0
DA:282,0
DA:284,0
DA:285,0
DA:286,0
DA:288,0
DA:291,0
DA:292,0
DA:296,0
DA:298,0
DA:302,0
DA:309,0
DA:310,0
DA:311,0
DA:312,0
DA:314,0
DA:315,0
DA:317,0
DA:318,0
DA:319,0
DA:320,0
DA:321,0
DA:322,0
DA:324,0
DA:325,0
DA:326,0
DA:327,0
DA:329,0
DA:330,0
DA:331,0
DA:332,0
DA:335,0
DA:336,0
DA:338,0
DA:339,0
DA:340,0
DA:342,0
DA:344,0
DA:346,0
DA:347,0
DA:348,0
DA:349,0
DA:350,0
DA:351,0
DA:352,0
DA:353,0
DA:354,0
DA:356,0
DA:357,0
DA:358,0
DA:359,0
DA:364,0
DA:365,0
DA:367,0
DA:369,0
DA:371,0
DA:373,0
DA:375,0
DA:376,0
DA:377,0
DA:378,0
DA:379,0
DA:380,0
DA:387,0
DA:388,0
DA:389,0
DA:390,0
DA:391,0
DA:393,0
DA:394,0
DA:395,0
DA:396,0
DA:398,0
DA:399,0
DA:400,0
DA:401,0
DA:407,0
DA:408,0
DA:409,0
DA:411,0
DA:413,0
DA:415,0
DA:417,0
DA:419,0
DA:420,0
DA:422,0
DA:423,0
DA:424,0
DA:425,0
DA:426,0
DA:427,0
DA:434,0
DA:445,0
DA:447,0
DA:448,0
DA:449,0
DA:450,0
DA:451,0
DA:452,0
DA:454,0
DA:457,0
DA:460,0
DA:461,0
DA:463,0
DA:464,0
DA:467,0
DA:468,0
DA:470,0
DA:471,0
DA:473,0
DA:474,0
DA:476,0
DA:477,0
DA:478,0
DA:479,0
DA:483,0
DA:484,0
DA:486,0
DA:489,0
DA:499,1
DA:500,1
DA:504,0
DA:505,0
DA:508,0
DA:509,0
DA:510,0
DA:512,0
DA:513,0
DA:514,0
DA:515,0
DA:516,0
DA:520,0
DA:521,0
DA:524,0
DA:526,0
DA:527,0
DA:528,0
DA:531,0
DA:532,0
DA:533,0
DA:536,0
DA:540,0
DA:541,0
DA:543,0
DA:544,0
DA:545,0
DA:546,0
DA:547,0
DA:549,0
DA:550,0
DA:551,0
DA:552,0
DA:553,0
DA:554,0
DA:556,0
DA:557,0
DA:558,0
DA:561,0
DA:565,0
DA:566,0
DA:569,0
DA:572,0
DA:573,0
DA:576,0
DA:578,0
DA:579,0
DA:582,0
DA:584,0
DA:586,0
DA:588,0
DA:589,0
DA:590,0
DA:591,0
DA:592,0
DA:594,0
DA:595,0
DA:596,0
DA:597,0
DA:598,0
DA:600,0
DA:601,0
DA:603,0
DA:604,0
DA:606,0
DA:607,0
DA:609,0
DA:610,0
DA:612,0
DA:613,0
DA:615,0
DA:616,0
DA:618,0
DA:619,0
DA:622,0
DA:625,0
DA:626,0
DA:629,0
DA:631,0
DA:632,0
DA:635,0
DA:637,0
DA:639,0
DA:641,0
DA:643,0
DA:645,0
DA:646,0
DA:652,0
DA:653,0
DA:655,0
DA:656,0
DA:657,0
DA:658,0
DA:660,0
DA:661,0
DA:663,0
DA:664,0
DA:665,0
DA:667,0
DA:668,0
DA:669,0
DA:670,0
DA:673,0
DA:674,0
DA:676,0
DA:677,0
DA:679,0
DA:684,1
DA:685,1
DA:686,0
DA:687,0
DA:688,0
DA:689,0
DA:690,0
DA:694,1
DA:695,1
LF:425
LH:86
BRDA:23,0,0,0
BRDA:23,0,1,1
BRDA:23,1,0,1
BRDA:23,1,1,0
BRDA:28,2,0,1
BRDA:28,2,1,0
BRDA:30,3,0,0
BRDA:30,3,1,1
BRDA:30,4,0,1
BRDA:30,4,1,1
BRDA:30,4,2,1
BRDA:32,5,0,0
BRDA:32,5,1,1
BRDA:34,6,0,0
BRDA:34,6,1,1
BRDA:37,7,0,0
BRDA:37,7,1,0
BRDA:44,8,0,0
BRDA:44,8,1,0
BRDA:47,9,0,0
BRDA:47,9,1,0
BRDA:51,10,0,0
BRDA:51,10,1,0
BRDA:59,11,0,0
BRDA:59,11,1,1
BRDA:64,12,0,0
BRDA:64,12,1,1
BRDA:64,13,0,1
BRDA:64,13,1,1
BRDA:65,14,0,0
BRDA:65,14,1,1
BRDA:65,15,0,1
BRDA:65,15,1,1
BRDA:77,16,0,1
BRDA:77,16,1,0
BRDA:80,17,0,0
BRDA:80,17,1,12
BRDA:82,18,0,0
BRDA:82,18,1,12
BRDA:86,19,0,1
BRDA:86,19,1,0
BRDA:89,20,0,0
BRDA:89,20,1,10
BRDA:91,21,0,0
BRDA:91,21,1,10
BRDA:91,22,0,10
BRDA:91,22,1,10
BRDA:92,23,0,10
BRDA:92,23,1,0
BRDA:95,24,0,0
BRDA:95,24,1,10
BRDA:95,25,0,10
BRDA:95,25,1,10
BRDA:97,26,0,10
BRDA:97,26,1,0
BRDA:98,27,0,10
BRDA:98,27,1,0
BRDA:100,28,0,10
BRDA:100,28,1,0
BRDA:101,29,0,10
BRDA:101,29,1,0
BRDA:106,30,0,10
BRDA:106,30,1,0
BRDA:107,31,0,2
BRDA:107,31,1,8
BRDA:109,32,0,10
BRDA:109,32,1,0
BRDA:110,33,0,10
BRDA:110,33,1,0
BRDA:115,34,0,0
BRDA:115,34,1,10
BRDA:117,35,0,0
BRDA:117,35,1,0
BRDA:118,36,0,0
BRDA:118,36,1,0
BRDA:120,37,0,0
BRDA:120,37,1,0
BRDA:121,38,0,0
BRDA:121,38,1,0
BRDA:123,39,0,0
BRDA:123,39,1,0
BRDA:124,40,0,0
BRDA:124,40,1,0
BRDA:129,41,0,0
BRDA:129,41,1,0
BRDA:130,42,0,0
BRDA:130,42,1,0
BRDA:135,43,0,0
BRDA:135,43,1,10
BRDA:137,44,0,0
BRDA:137,44,1,0
BRDA:138,45,0,0
BRDA:138,45,1,0
BRDA:140,46,0,0
BRDA:140,46,1,0
BRDA:141,47,0,0
BRDA:141,47,1,0
BRDA:145,48,0,0
BRDA:145,48,1,0
BRDA:146,49,0,0
BRDA:146,49,1,0
BRDA:148,50,0,0
BRDA:148,50,1,0
BRDA:149,51,0,0
BRDA:149,51,1,0
BRDA:154,52,0,0
BRDA:154,52,1,10
BRDA:156,53,0,0
BRDA:156,53,1,0
BRDA:157,54,0,0
BRDA:157,54,1,0
BRDA:159,55,0,0
BRDA:159,55,1,0
BRDA:160,56,0,0
BRDA:160,56,1,0
BRDA:171,57,0,0
BRDA:171,57,1,12
BRDA:173,58,0,0
BRDA:173,58,1,12
BRDA:176,59,0,22
BRDA:176,59,1,156
BRDA:180,60,0,12
BRDA:180,60,1,166
BRDA:191,61,0,3
BRDA:191,61,1,16
BRDA:195,62,0,1
BRDA:195,62,1,18
BRDA:216,63,0,0
BRDA:216,63,1,0
BRDA:220,64,0,0
BRDA:220,64,1,0
BRDA:227,65,0,0
BRDA:227,65,1,0
BRDA:228,66,0,0
BRDA:228,66,1,0
BRDA:229,67,0,0
BRDA:229,67,1,0
BRDA:230,68,0,0
BRDA:230,68,1,0
BRDA:230,69,0,0
BRDA:230,69,1,0
BRDA:235,70,0,0
BRDA:235,70,1,0
BRDA:235,71,0,0
BRDA:235,71,1,0
BRDA:243,72,0,0
BRDA:243,72,1,0
BRDA:243,73,0,0
BRDA:243,73,1,0
BRDA:247,74,0,0
BRDA:247,74,1,0
BRDA:247,75,0,0
BRDA:247,75,1,0
BRDA:257,76,0,0
BRDA:257,76,1,0
BRDA:261,77,0,0
BRDA:261,77,1,0
BRDA:262,78,0,0
BRDA:262,78,1,0
BRDA:263,79,0,0
BRDA:263,79,1,0
BRDA:263,80,0,0
BRDA:263,80,1,0
BRDA:269,81,0,0
BRDA:269,81,1,0
BRDA:269,82,0,0
BRDA:269,82,1,0
BRDA:279,83,0,0
BRDA:279,83,1,0
BRDA:279,84,0,0
BRDA:279,84,1,0
BRDA:284,85,0,0
BRDA:284,85,1,0
BRDA:284,86,0,0
BRDA:284,86,1,0
BRDA:291,87,0,0
BRDA:291,87,1,0
BRDA:314,88,0,0
BRDA:314,88,1,0
BRDA:314,89,0,0
BRDA:314,89,1,0
BRDA:347,90,0,0
BRDA:347,90,1,0
BRDA:347,91,0,0
BRDA:347,91,1,0
BRDA:356,92,0,0
BRDA:356,92,1,0
BRDA:387,93,0,0
BRDA:387,93,1,0
BRDA:387,94,0,0
BRDA:387,94,1,0
BRDA:389,95,0,0
BRDA:389,95,1,0
BRDA:398,96,0,0
BRDA:398,96,1,0
BRDA:407,97,0,0
BRDA:407,97,1,0
BRDA:447,98,0,0
BRDA:447,98,1,0
BRDA:447,99,0,0
BRDA:447,99,1,0
BRDA:449,100,0,0
BRDA:449,100,1,0
BRDA:451,101,0,0
BRDA:451,101,1,0
BRDA:451,102,0,0
BRDA:451,102,1,0
BRDA:470,103,0,0
BRDA:470,103,1,0
BRDA:470,104,0,0
BRDA:470,104,1,0
BRDA:476,105,0,0
BRDA:476,105,1,0
BRDA:478,106,0,0
BRDA:478,106,1,0
BRDA:483,107,0,0
BRDA:483,107,1,0
BRDA:483,108,0,0
BRDA:483,108,1,0
BRDA:499,109,0,1
BRDA:499,109,1,0
BRDA:508,110,0,0
BRDA:508,110,1,0
BRDA:510,111,0,0
BRDA:510,111,1,0
BRDA:510,112,0,0
BRDA:510,112,1,0
BRDA:510,112,2,0
BRDA:510,112,3,0
BRDA:514,113,0,0
BRDA:514,113,1,0
BRDA:520,114,0,0
BRDA:520,114,1,0
BRDA:526,115,0,0
BRDA:526,115,1,0
BRDA:526,116,0,0
BRDA:526,116,1,0
BRDA:532,117,0,0
BRDA:532,117,1,0
BRDA:543,118,0,0
BRDA:543,118,1,0
BRDA:543,119,0,0
BRDA:543,119,1,0
BRDA:546,120,0,0
BRDA:546,120,1,0
BRDA:553,121,0,0
BRDA:553,121,1,0
BRDA:556,122,0,0
BRDA:556,122,1,0
BRDA:556,123,0,0
BRDA:556,123,1,0
BRDA:557,124,0,0
BRDA:557,124,1,0
BRDA:557,125,0,0
BRDA:557,125,1,0
BRDA:565,126,0,0
BRDA:565,126,1,0
BRDA:565,127,0,0
BRDA:565,127,1,0
BRDA:569,128,0,0
BRDA:569,128,1,0
BRDA:569,129,0,0
BRDA:569,129,1,0
BRDA:572,130,0,0
BRDA:572,130,1,0
BRDA:578,131,0,0
BRDA:578,131,1,0
BRDA:588,132,0,0
BRDA:588,132,1,0
BRDA:588,133,0,0
BRDA:588,133,1,0
BRDA:591,134,0,0
BRDA:591,134,1,0
BRDA:597,135,0,0
BRDA:597,135,1,0
BRDA:600,136,0,0
BRDA:600,136,1,0
BRDA:600,137,0,0
BRDA:600,137,1,0
BRDA:603,138,0,0
BRDA:603,138,1,0
BRDA:603,139,0,0
BRDA:603,139,1,0
BRDA:606,140,0,0
BRDA:606,140,1,0
BRDA:606,141,0,0
BRDA:606,141,1,0
BRDA:609,142,0,0
BRDA:609,142,1,0
BRDA:609,143,0,0
BRDA:609,143,1,0
BRDA:612,144,0,0
BRDA:612,144,1,0
BRDA:612,145,0,0
BRDA:612,145,1,0
BRDA:615,146,0,0
BRDA:615,146,1,0
BRDA:615,147,0,0
BRDA:615,147,1,0
BRDA:618,148,0,0
BRDA:618,148,1,0
BRDA:618,149,0,0
BRDA:618,149,1,0
BRDA:622,150,0,0
BRDA:622,150,1,0
BRDA:622,151,0,0
BRDA:622,151,1,0
BRDA:625,152,0,0
BRDA:625,152,1,0
BRDA:631,153,0,0
BRDA:631,153,1,0
BRDA:663,154,0,0
BRDA:663,154,1,0
BRDA:663,155,0,0
BRDA:663,155,1,0
BRDA:676,156,0,0
BRDA:676,156,1,0
BRDA:676,157,0,0
BRDA:676,157,1,0
BRDA:676,157,2,0
BRDA:684,158,0,1
BRDA:684,158,1,0
BRDA:686,159,0,0
BRDA:686,159,1,0
BRDA:686,160,0,0
BRDA:686,160,1,0
BRDA:688,161,0,0
BRDA:688,161,1,0
BRDA:694,162,0,1
BRDA:694,162,1,0
BRF:330
BRH:53
end_of_record
TN:
SF:src\main\server\adapter\case\caseAdapter.js
FN:3,(anonymous_0)
FN:19,(anonymous_1)
FN:32,(anonymous_2)
FN:47,(anonymous_3)
FN:52,(anonymous_4)
FN:75,(anonymous_5)
FN:92,(anonymous_6)
FN:114,(anonymous_7)
FN:129,(anonymous_8)
FN:133,(anonymous_9)
FN:147,(anonymous_10)
FN:198,(anonymous_11)
FN:209,(anonymous_12)
FN:220,(anonymous_13)
FN:231,(anonymous_14)
FN:296,(anonymous_15)
FN:362,(anonymous_16)
FN:373,(anonymous_17)
FN:385,(anonymous_18)
FN:400,(anonymous_19)
FN:440,(anonymous_20)
FN:451,(anonymous_21)
FNF:22
FNH:11
FNDA:0,(anonymous_0)
FNDA:126,(anonymous_1)
FNDA:0,(anonymous_2)
FNDA:0,(anonymous_3)
FNDA:72,(anonymous_4)
FNDA:0,(anonymous_5)
FNDA:10,(anonymous_6)
FNDA:239,(anonymous_7)
FNDA:4104,(anonymous_8)
FNDA:4104,(anonymous_9)
FNDA:125,(anonymous_10)
FNDA:0,(anonymous_11)
FNDA:0,(anonymous_12)
FNDA:0,(anonymous_13)
FNDA:52,(anonymous_14)
FNDA:10,(anonymous_15)
FNDA:0,(anonymous_16)
FNDA:0,(anonymous_17)
FNDA:1,(anonymous_18)
FNDA:1,(anonymous_19)
FNDA:0,(anonymous_20)
FNDA:0,(anonymous_21)
DA:1,1
DA:3,1
DA:4,0
DA:19,1
DA:20,126
DA:21,126
DA:22,1
DA:23,1
DA:24,1
DA:25,0
DA:26,1
DA:27,0
DA:28,1
DA:29,0
DA:30,1
DA:31,0
DA:32,0
DA:33,0
DA:35,0
DA:36,0
DA:37,0
DA:41,126
DA:42,0
DA:43,126
DA:44,126
DA:45,126
DA:47,1
DA:48,0
DA:49,0
DA:50,0
DA:52,1
DA:53,72
DA:54,72
DA:55,36
DA:56,36
DA:57,36
DA:58,36
DA:59,36
DA:60,12
DA:61,12
DA:63,36
DA:64,12
DA:65,12
DA:66,12
DA:67,12
DA:68,12
DA:69,12
DA:70,12
DA:71,12
DA:72,0
DA:73,12
DA:74,0
DA:75,0
DA:76,0
DA:78,0
DA:79,0
DA:80,0
DA:83,12
DA:84,0
DA:86,12
DA:87,12
DA:89,36
DA:90,36
DA:92,1
DA:93,10
DA:94,10
DA:95,10
DA:96,0
DA:97,0
DA:99,10
DA:100,0
DA:101,0
DA:102,0
DA:103,0
DA:104,0
DA:105,0
DA:106,0
DA:107,0
DA:108,0
DA:109,0
DA:110,0
DA:112,10
DA:114,1
DA:115,239
DA:116,239
DA:117,4354
DA:118,0
DA:119,4354
DA:120,250
DA:122,4354
DA:123,811
DA:124,811
DA:128,239
DA:129,239
DA:130,4104
DA:131,4104
DA:133,239
DA:134,4104
DA:136,239
DA:147,1
DA:148,125
DA:149,125
DA:150,0
DA:151,0
DA:152,0
DA:153,0
DA:154,0
DA:155,0
DA:156,0
DA:157,0
DA:158,0
DA:160,0
DA:162,125
DA:163,125
DA:164,125
DA:165,125
DA:166,125
DA:167,125
DA:168,125
DA:169,125
DA:170,2625
DA:171,875
DA:172,875
DA:174,2625
DA:175,125
DA:178,125
DA:179,125
DA:180,125
DA:181,125
DA:182,125
DA:183,125
DA:188,125
DA:198,1
DA:199,0
DA:209,1
DA:210,0
DA:220,1
DA:221,0
DA:231,1
DA:232,52
DA:233,52
DA:234,52
DA:235,52
DA:236,52
DA:237,52
DA:238,52
DA:239,52
DA:240,12
DA:241,52
DA:242,52
DA:243,52
DA:244,52
DA:246,0
DA:248,52
DA:249,758
DA:250,186
DA:251,186
DA:253,758
DA:254,52
DA:257,52
DA:258,52
DA:259,52
DA:260,52
DA:261,52
DA:262,52
DA:263,52
DA:264,30
DA:265,52
DA:266,52
DA:267,52
DA:268,52
DA:270,52
DA:271,52
DA:272,52
DA:273,0
DA:274,0
DA:275,0
DA:276,0
DA:277,0
DA:278,0
DA:281,52
DA:282,52
DA:283,52
DA:284,52
DA:285,52
DA:286,52
DA:296,1
DA:297,10
DA:298,10
DA:299,10
DA:300,10
DA:301,10
DA:302,10
DA:303,10
DA:304,90
DA:305,20
DA:306,20
DA:308,90
DA:309,10
DA:312,10
DA:313,10
DA:314,10
DA:315,0
DA:316,0
DA:317,0
DA:318,0
DA:319,0
DA:320,0
DA:323,10
DA:324,10
DA:325,10
DA:326,10
DA:327,10
DA:328,10
DA:329,10
DA:330,0
DA:331,10
DA:332,10
DA:333,10
DA:334,10
DA:335,10
DA:336,10
DA:337,10
DA:338,10
DA:339,10
DA:340,10
DA:341,10
DA:342,10
DA:343,10
DA:344,10
DA:345,10
DA:346,10
DA:347,10
DA:348,10
DA:349,10
DA:350,10
DA:351,10
DA:352,10
DA:362,1
DA:363,0
DA:373,1
DA:374,0
DA:385,1
DA:386,1
DA:387,1
DA:388,1
DA:390,1
DA:391,1
DA:392,1
DA:393,1
DA:394,1
DA:395,1
DA:397,1
DA:398,1
DA:400,1
DA:401,1
DA:403,1
DA:404,1
DA:405,1
DA:406,1
DA:407,1
DA:408,1
DA:409,12
DA:410,12
DA:411,12
DA:412,12
DA:413,12
DA:414,12
DA:417,1
DA:418,1
DA:419,1
DA:420,10
DA:421,10
DA:422,10
DA:423,10
DA:424,10
DA:425,10
DA:428,1
DA:429,1
DA:430,1
DA:440,1
DA:441,0
DA:451,1
DA:452,0
DA:455,1
DA:456,1
DA:457,1
DA:458,1
DA:459,1
DA:460,1
DA:461,1
DA:462,1
DA:463,1
DA:464,1
DA:465,1
DA:466,1
LF:296
LH:229
BRDA:21,0,0,1
BRDA:21,0,1,125
BRDA:21,1,0,126
BRDA:21,1,1,125
BRDA:21,1,2,125
BRDA:22,2,0,1
BRDA:22,2,1,0
BRDA:24,3,0,0
BRDA:24,3,1,1
BRDA:24,4,0,1
BRDA:24,4,1,1
BRDA:24,4,2,1
BRDA:26,5,0,0
BRDA:26,5,1,1
BRDA:26,6,0,1
BRDA:26,6,1,0
BRDA:28,7,0,0
BRDA:28,7,1,1
BRDA:30,8,0,0
BRDA:30,8,1,1
BRDA:35,9,0,0
BRDA:35,9,1,0
BRDA:41,10,0,0
BRDA:41,10,1,126
BRDA:48,11,0,0
BRDA:48,11,1,0
BRDA:54,12,0,36
BRDA:54,12,1,36
BRDA:59,13,0,12
BRDA:59,13,1,24
BRDA:63,14,0,12
BRDA:63,14,1,24
BRDA:63,15,0,36
BRDA:63,15,1,24
BRDA:65,16,0,12
BRDA:65,16,1,0
BRDA:67,17,0,12
BRDA:67,17,1,0
BRDA:67,18,0,12
BRDA:67,18,1,12
BRDA:67,18,2,12
BRDA:69,19,0,12
BRDA:69,19,1,0
BRDA:69,20,0,12
BRDA:69,20,1,12
BRDA:71,21,0,0
BRDA:71,21,1,12
BRDA:71,22,0,12
BRDA:71,22,1,0
BRDA:73,23,0,0
BRDA:73,23,1,12
BRDA:78,24,0,0
BRDA:78,24,1,0
BRDA:78,25,0,0
BRDA:78,25,1,0
BRDA:83,26,0,0
BRDA:83,26,1,12
BRDA:95,27,0,0
BRDA:95,27,1,10
BRDA:99,28,0,0
BRDA:99,28,1,10
BRDA:99,29,0,10
BRDA:99,29,1,10
BRDA:101,30,0,0
BRDA:101,30,1,0
BRDA:103,31,0,0
BRDA:103,31,1,0
BRDA:103,32,0,0
BRDA:103,32,1,0
BRDA:105,33,0,0
BRDA:105,33,1,0
BRDA:105,34,0,0
BRDA:105,34,1,0
BRDA:107,35,0,0
BRDA:107,35,1,0
BRDA:117,36,0,0
BRDA:117,36,1,4354
BRDA:119,37,0,250
BRDA:119,37,1,4104
BRDA:122,38,0,811
BRDA:122,38,1,3543
BRDA:149,39,0,0
BRDA:149,39,1,125
BRDA:153,40,0,0
BRDA:153,40,1,0
BRDA:157,41,0,0
BRDA:157,41,1,0
BRDA:163,42,0,0
BRDA:163,42,1,125
BRDA:165,43,0,125
BRDA:165,43,1,0
BRDA:167,44,0,125
BRDA:167,44,1,0
BRDA:170,45,0,875
BRDA:170,45,1,1750
BRDA:174,46,0,125
BRDA:174,46,1,2500
BRDA:174,47,0,2625
BRDA:174,47,1,2500
BRDA:181,48,0,0
BRDA:181,48,1,125
BRDA:181,49,0,125
BRDA:181,49,1,0
BRDA:237,50,0,52
BRDA:237,50,1,0
BRDA:239,51,0,12
BRDA:239,51,1,40
BRDA:241,52,0,52
BRDA:241,52,1,0
BRDA:249,53,0,186
BRDA:249,53,1,572
BRDA:253,54,0,52
BRDA:253,54,1,706
BRDA:253,55,0,758
BRDA:253,55,1,758
BRDA:259,56,0,0
BRDA:259,56,1,52
BRDA:259,57,0,52
BRDA:259,57,1,0
BRDA:260,58,0,52
BRDA:260,58,1,0
BRDA:263,59,0,30
BRDA:263,59,1,22
BRDA:266,60,0,52
BRDA:266,60,1,0
BRDA:272,61,0,0
BRDA:272,61,1,52
BRDA:274,62,0,0
BRDA:274,62,1,0
BRDA:304,63,0,20
BRDA:304,63,1,70
BRDA:308,64,0,10
BRDA:308,64,1,80
BRDA:308,65,0,90
BRDA:308,65,1,80
BRDA:314,66,0,0
BRDA:314,66,1,10
BRDA:316,67,0,0
BRDA:316,67,1,0
BRDA:327,68,0,0
BRDA:327,68,1,10
BRDA:328,69,0,0
BRDA:328,69,1,10
BRDA:329,70,0,0
BRDA:329,70,1,10
BRDA:333,71,0,0
BRDA:333,71,1,10
BRDA:334,72,0,0
BRDA:334,72,1,10
BRDA:386,73,0,1
BRDA:386,73,1,0
BRDA:394,74,0,1
BRDA:394,74,1,0
BRDA:397,75,0,1
BRDA:397,75,1,0
BRDA:407,76,0,1
BRDA:407,76,1,0
BRDA:410,77,0,12
BRDA:410,77,1,0
BRDA:412,78,0,12
BRDA:412,78,1,0
BRDA:418,79,0,1
BRDA:418,79,1,0
BRDA:421,80,0,10
BRDA:421,80,1,0
BRDA:423,81,0,10
BRDA:423,81,1,0
BRDA:455,82,0,1
BRDA:455,82,1,0
BRF:169
BRH:95
end_of_record
TN:
SF:src\main\server\adapter\case\caseIngest.js
FN:5,(anonymous_0)
FN:8,(anonymous_1)
FN:11,(anonymous_2)
FN:14,(anonymous_3)
FN:17,(anonymous_4)
FN:20,(anonymous_5)
FN:23,(anonymous_6)
FN:26,(anonymous_7)
FN:29,(anonymous_8)
FN:32,(anonymous_9)
FN:35,(anonymous_10)
FN:38,(anonymous_11)
FN:43,(anonymous_12)
FN:57,(anonymous_13)
FN:70,(anonymous_14)
FN:79,(anonymous_15)
FN:107,(anonymous_16)
FN:129,(anonymous_17)
FN:158,(anonymous_18)
FN:181,(anonymous_19)
FN:198,(anonymous_20)
FN:234,(anonymous_21)
FN:234,(anonymous_22)
FN:241,(anonymous_23)
FNF:24
FNH:9
FNDA:0,(anonymous_0)
FNDA:1,(anonymous_1)
FNDA:1,(anonymous_2)
FNDA:0,(anonymous_3)
FNDA:0,(anonymous_4)
FNDA:0,(anonymous_5)
FNDA:0,(anonymous_6)
FNDA:0,(anonymous_7)
FNDA:0,(anonymous_8)
FNDA:0,(anonymous_9)
FNDA:0,(anonymous_10)
FNDA:0,(anonymous_11)
FNDA:75,(anonymous_12)
FNDA:0,(anonymous_13)
FNDA:0,(anonymous_14)
FNDA:1,(anonymous_15)
FNDA:75,(anonymous_16)
FNDA:75,(anonymous_17)
FNDA:1,(anonymous_18)
FNDA:0,(anonymous_19)
FNDA:1,(anonymous_20)
FNDA:1,(anonymous_21)
FNDA:0,(anonymous_22)
FNDA:0,(anonymous_23)
DA:1,1
DA:2,1
DA:4,1
DA:6,0
DA:9,1
DA:12,1
DA:15,0
DA:18,0
DA:21,0
DA:24,0
DA:27,0
DA:30,0
DA:33,0
DA:36,0
DA:39,0
DA:43,1
DA:44,75
DA:45,0
DA:46,75
DA:47,75
DA:48,609
DA:49,609
DA:50,225
DA:51,225
DA:54,75
DA:57,1
DA:58,0
DA:59,0
DA:61,0
DA:62,0
DA:64,0
DA:66,0
DA:70,1
DA:71,0
DA:72,0
DA:73,0
DA:75,0
DA:79,1
DA:80,1
DA:81,1
DA:82,1
DA:83,0
DA:84,0
DA:85,0
DA:86,0
DA:88,1
DA:89,1
DA:90,1
DA:91,13
DA:92,9
DA:93,9
DA:96,1
DA:97,1
DA:99,0
DA:101,1
DA:102,0
DA:104,1
DA:107,1
DA:108,75
DA:109,75
DA:110,75
DA:111,75
DA:112,75
DA:113,75
DA:114,609
DA:115,450
DA:116,450
DA:119,75
DA:123,75
DA:124,75
DA:125,75
DA:126,75
DA:129,1
DA:130,75
DA:131,75
DA:132,75
DA:133,75
DA:134,0
DA:135,0
DA:136,0
DA:143,75
DA:144,807
DA:145,582
DA:146,582
DA:149,75
DA:150,75
DA:151,75
DA:152,0
DA:154,75
DA:158,1
DA:159,1
DA:160,1
DA:161,1
DA:162,1
DA:163,1
DA:165,75
DA:166,75
DA:167,75
DA:169,1
DA:170,1
DA:171,1
DA:173,75
DA:174,75
DA:175,75
DA:177,1
DA:178,1
DA:181,1
DA:182,0
DA:183,0
DA:184,0
DA:185,0
DA:186,0
DA:187,0
DA:188,0
DA:189,0
DA:190,0
DA:191,0
DA:192,0
DA:193,0
DA:194,0
DA:197,1
DA:198,1
DA:199,1
DA:200,0
DA:202,1
DA:203,1
DA:204,1
DA:206,1
DA:207,1
DA:208,1
DA:209,1
DA:211,1
DA:212,1
DA:213,0
DA:214,1
DA:215,0
DA:216,1
DA:217,1
DA:218,1
DA:219,1
DA:223,0
DA:225,1
DA:226,1
DA:227,1
DA:228,1
DA:229,1
DA:230,151
DA:231,151
DA:232,0
DA:234,1
DA:235,0
DA:238,1
DA:241,1
DA:242,0
DA:243,0
DA:244,0
DA:245,0
DA:248,1
DA:249,1
DA:250,1
LF:160
LH:106
BRDA:44,0,0,0
BRDA:44,0,1,75
BRDA:44,1,0,75
BRDA:44,1,1,75
BRDA:49,2,0,225
BRDA:49,2,1,384
BRDA:58,3,0,0
BRDA:58,3,1,0
BRDA:58,4,0,0
BRDA:58,4,1,0
BRDA:61,5,0,0
BRDA:61,5,1,0
BRDA:72,6,0,0
BRDA:72,6,1,0
BRDA:82,7,0,0
BRDA:82,7,1,1
BRDA:91,8,0,9
BRDA:91,8,1,4
BRDA:97,9,0,0
BRDA:97,9,1,1
BRDA:97,10,0,1
BRDA:97,10,1,1
BRDA:97,10,2,0
BRDA:97,10,3,0
BRDA:101,11,0,0
BRDA:101,11,1,1
BRDA:101,12,0,1
BRDA:101,12,1,0
BRDA:114,13,0,450
BRDA:114,13,1,159
BRDA:133,14,0,0
BRDA:133,14,1,75
BRDA:135,15,0,0
BRDA:135,15,1,0
BRDA:144,16,0,582
BRDA:144,16,1,225
BRDA:151,17,0,0
BRDA:151,17,1,75
BRDA:151,18,0,75
BRDA:151,18,1,0
BRDA:162,19,0,1
BRDA:162,19,1,0
BRDA:170,20,0,1
BRDA:170,20,1,0
BRDA:199,21,0,0
BRDA:199,21,1,1
BRDA:212,22,0,0
BRDA:212,22,1,1
BRDA:214,23,0,0
BRDA:214,23,1,1
BRDA:218,24,0,1
BRDA:218,24,1,0
BRDA:231,25,0,0
BRDA:231,25,1,151
BRDA:248,26,0,1
BRDA:248,26,1,0
BRF:56
BRH:28
end_of_record
TN:
SF:src\main\server\adapter\ceasn\ceasn.js
FN:33,ceasnExportUriTransform
FN:59,competencyPromise
FN:60,(anonymous_2)
FN:65,(anonymous_3)
FN:168,cassFrameworkAsCeasn
FN:236,(anonymous_5)
FN:388,(anonymous_6)
FN:540,stripNonCe
FN:571,(anonymous_8)
FN:584,orderFields
FN:586,(anonymous_10)
FN:590,(anonymous_11)
FN:596,competencyInCollectionPromise
FN:597,(anonymous_13)
FN:706,cassFrameworkAsCeasnCollection
FN:728,(anonymous_15)
FN:852,(anonymous_16)
FN:957,conceptArrays
FN:985,(anonymous_18)
FN:994,conceptPromise
FN:995,(anonymous_20)
FN:1060,levelPromise
FN:1061,(anonymous_22)
FN:1116,cassConceptSchemeAsCeasn
FN:1126,(anonymous_24)
FN:1136,getSubConcepts
FN:1137,(anonymous_26)
FN:1159,(anonymous_27)
FN:1237,cassConceptSchemeAsCeasnProgression
FN:1247,(anonymous_29)
FN:1257,getSubConcepts
FN:1258,(anonymous_31)
FN:1280,(anonymous_32)
FN:1360,createEachRelation
FN:1382,createRelations
FN:1391,importCompetencyPromise
FN:1392,(anonymous_36)
FN:1518,importCeFrameworkToCass
FN:1524,(anonymous_38)
FN:1570,(anonymous_39)
FN:1636,importCompetencyToCollectionPromise
FN:1637,(anonymous_41)
FN:1719,importCeCollectionToCass
FN:1725,(anonymous_43)
FN:1771,(anonymous_44)
FN:1830,ceasnFrameworkToCass
FN:1888,ceasnEndpoint
FNF:47
FNH:19
FNDA:74,ceasnExportUriTransform
FNDA:12,competencyPromise
FNDA:12,(anonymous_2)
FNDA:8,(anonymous_3)
FNDA:1,cassFrameworkAsCeasn
FNDA:1,(anonymous_5)
FNDA:12,(anonymous_6)
FNDA:13,stripNonCe
FNDA:11,(anonymous_8)
FNDA:13,orderFields
FNDA:156,(anonymous_10)
FNDA:156,(anonymous_11)
FNDA:0,competencyInCollectionPromise
FNDA:0,(anonymous_13)
FNDA:0,cassFrameworkAsCeasnCollection
FNDA:0,(anonymous_15)
FNDA:0,(anonymous_16)
FNDA:0,conceptArrays
FNDA:0,(anonymous_18)
FNDA:0,conceptPromise
FNDA:0,(anonymous_20)
FNDA:0,levelPromise
FNDA:0,(anonymous_22)
FNDA:0,cassConceptSchemeAsCeasn
FNDA:0,(anonymous_24)
FNDA:0,getSubConcepts
FNDA:0,(anonymous_26)
FNDA:0,(anonymous_27)
FNDA:0,cassConceptSchemeAsCeasnProgression
FNDA:0,(anonymous_29)
FNDA:0,getSubConcepts
FNDA:0,(anonymous_31)
FNDA:0,(anonymous_32)
FNDA:0,createEachRelation
FNDA:0,createRelations
FNDA:42,importCompetencyPromise
FNDA:42,(anonymous_36)
FNDA:2,importCeFrameworkToCass
FNDA:114,(anonymous_38)
FNDA:42,(anonymous_39)
FNDA:0,importCompetencyToCollectionPromise
FNDA:0,(anonymous_41)
FNDA:0,importCeCollectionToCass
FNDA:0,(anonymous_43)
FNDA:0,(anonymous_44)
FNDA:2,ceasnFrameworkToCass
FNDA:3,ceasnEndpoint
DA:1,1
DA:3,1
DA:5,1
DA:27,1
DA:28,1
DA:30,1
DA:34,74
DA:35,74
DA:36,0
DA:37,0
DA:38,0
DA:39,0
DA:40,0
DA:41,0
DA:44,0
DA:45,0
DA:47,0
DA:48,0
DA:49,0
DA:50,0
DA:51,0
DA:53,0
DA:54,0
DA:55,0
DA:56,0
DA:60,12
DA:61,12
DA:62,12
DA:63,12
DA:64,12
DA:65,2
DA:66,8
DA:68,12
DA:69,12
DA:70,12
DA:71,2
DA:73,12
DA:74,0
DA:75,0
DA:76,0
DA:78,12
DA:79,0
DA:80,12
DA:81,12
DA:84,12
DA:85,0
DA:86,12
DA:87,0
DA:88,0
DA:90,0
DA:91,0
DA:92,0
DA:98,12
DA:99,190
DA:100,0
DA:103,12
DA:104,12
DA:105,12
DA:107,12
DA:108,190
DA:109,32
DA:110,32
DA:112,190
DA:113,12
DA:117,12
DA:118,12
DA:119,0
DA:121,12
DA:122,0
DA:124,12
DA:125,0
DA:128,12
DA:129,12
DA:131,12
DA:132,12
DA:133,12
DA:135,0
DA:137,12
DA:138,0
DA:139,12
DA:140,12
DA:141,12
DA:143,12
DA:144,10
DA:145,10
DA:147,12
DA:148,0
DA:149,0
DA:152,0
DA:153,0
DA:154,0
DA:158,12
DA:159,12
DA:160,12
DA:162,0
DA:163,0
DA:169,1
DA:170,1
DA:171,1
DA:172,0
DA:173,1
DA:174,1
DA:175,1
DA:176,1
DA:177,1
DA:178,0
DA:180,1
DA:181,0
DA:183,1
DA:184,0
DA:186,1
DA:187,0
DA:189,1
DA:190,0
DA:191,0
DA:193,1
DA:194,0
DA:195,1
DA:196,1
DA:197,0
DA:198,0
DA:199,0
DA:200,0
DA:201,0
DA:202,0
DA:203,0
DA:205,0
DA:206,0
DA:207,0
DA:209,0
DA:210,0
DA:211,0
DA:212,0
DA:214,0
DA:216,0
DA:217,0
DA:219,0
DA:222,1
DA:223,0
DA:225,1
DA:226,1
DA:227,1
DA:228,1
DA:230,1
DA:231,1
DA:232,1
DA:233,1
DA:234,1
DA:236,1
DA:238,1
DA:239,1
DA:241,1
DA:242,12
DA:243,12
DA:244,12
DA:248,1
DA:249,10
DA:250,10
DA:251,10
DA:252,10
DA:253,10
DA:254,10
DA:255,0
DA:257,0
DA:258,0
DA:259,0
DA:261,0
DA:262,0
DA:263,0
DA:265,0
DA:267,0
DA:268,0
DA:269,0
DA:271,0
DA:272,0
DA:273,0
DA:275,0
DA:277,10
DA:279,10
DA:281,10
DA:282,10
DA:283,10
DA:285,10
DA:286,10
DA:287,10
DA:289,0
DA:291,10
DA:292,10
DA:293,2
DA:297,10
DA:298,10
DA:299,10
DA:301,0
DA:304,10
DA:305,0
DA:306,0
DA:307,0
DA:309,0
DA:310,0
DA:311,0
DA:313,0
DA:314,0
DA:315,0
DA:317,0
DA:319,0
DA:320,0
DA:321,0
DA:323,0
DA:325,10
DA:326,0
DA:327,0
DA:328,0
DA:329,0
DA:331,0
DA:332,0
DA:333,0
DA:335,0
DA:336,0
DA:337,0
DA:339,0
DA:341,0
DA:342,0
DA:343,0
DA:345,0
DA:347,10
DA:348,0
DA:349,0
DA:350,0
DA:351,0
DA:353,0
DA:354,0
DA:355,0
DA:357,0
DA:358,0
DA:359,0
DA:361,0
DA:363,0
DA:364,0
DA:365,0
DA:367,0
DA:369,10
DA:370,0
DA:371,0
DA:372,0
DA:373,0
DA:375,0
DA:376,0
DA:377,0
DA:379,0
DA:383,1
DA:384,1
DA:385,1
DA:386,1
DA:387,1
DA:388,12
DA:389,1
DA:391,1
DA:392,1
DA:393,1
DA:397,1
DA:398,12
DA:399,2
DA:401,12
DA:403,1
DA:404,1
DA:406,1
DA:407,0
DA:408,1
DA:409,1
DA:410,1
DA:411,1
DA:414,1
DA:415,0
DA:416,0
DA:418,0
DA:419,0
DA:420,1
DA:421,0
DA:422,0
DA:423,0
DA:424,0
DA:426,0
DA:427,0
DA:433,1
DA:434,0
DA:435,1
DA:436,0
DA:437,0
DA:439,0
DA:440,0
DA:441,0
DA:447,1
DA:448,19
DA:449,0
DA:452,1
DA:453,1
DA:454,1
DA:455,1
DA:457,1
DA:458,19
DA:459,6
DA:460,6
DA:462,19
DA:463,1
DA:467,1
DA:468,1
DA:469,0
DA:471,1
DA:472,0
DA:474,1
DA:475,0
DA:477,1
DA:478,0
DA:479,1
DA:480,1
DA:481,1
DA:483,0
DA:485,1
DA:486,0
DA:488,1
DA:489,0
DA:490,0
DA:491,0
DA:494,0
DA:496,0
DA:498,1
DA:500,1
DA:501,1
DA:502,1
DA:503,1
DA:504,12
DA:505,12
DA:506,12
DA:507,78
DA:508,0
DA:509,0
DA:511,12
DA:512,12
DA:513,0
DA:514,0
DA:515,0
DA:518,0
DA:520,0
DA:522,12
DA:523,12
DA:524,12
DA:525,0
DA:526,0
DA:528,1
DA:529,1
DA:530,1
DA:531,1
DA:532,0
DA:533,0
DA:535,0
DA:536,1
DA:537,1
DA:541,13
DA:542,195
DA:543,134
DA:544,108
DA:545,95
DA:546,95
DA:547,95
DA:548,95
DA:549,95
DA:550,93
DA:551,81
DA:552,81
DA:553,81
DA:554,81
DA:555,81
DA:556,81
DA:557,68
DA:558,68
DA:559,68
DA:560,68
DA:561,68
DA:562,67
DA:563,67
DA:564,66
DA:565,54
DA:566,54
DA:567,54
DA:568,50
DA:570,195
DA:571,11
DA:572,11
DA:573,11
DA:576,195
DA:579,39
DA:581,13
DA:585,13
DA:586,13
DA:587,156
DA:588,156
DA:590,13
DA:591,156
DA:593,13
DA:597,0
DA:598,0
DA:599,0
DA:600,0
DA:601,0
DA:602,0
DA:604,0
DA:605,0
DA:608,0
DA:609,0
DA:610,0
DA:611,0
DA:612,0
DA:613,0
DA:614,0
DA:615,0
DA:616,0
DA:617,0
DA:619,0
DA:623,0
DA:624,0
DA:625,0
DA:626,0
DA:627,0
DA:628,0
DA:629,0
DA:630,0
DA:632,0
DA:633,0
DA:634,0
DA:635,0
DA:638,0
DA:639,0
DA:640,0
DA:643,0
DA:644,0
DA:645,0
DA:647,0
DA:648,0
DA:649,0
DA:650,0
DA:652,0
DA:653,0
DA:656,0
DA:657,0
DA:658,0
DA:660,0
DA:661,0
DA:663,0
DA:664,0
DA:667,0
DA:669,0
DA:670,0
DA:671,0
DA:673,0
DA:675,0
DA:676,0
DA:677,0
DA:678,0
DA:679,0
DA:681,0
DA:682,0
DA:683,0
DA:685,0
DA:686,0
DA:687,0
DA:690,0
DA:691,0
DA:692,0
DA:696,0
DA:697,0
DA:698,0
DA:700,0
DA:701,0
DA:707,0
DA:708,0
DA:710,0
DA:711,0
DA:712,0
DA:713,0
DA:714,0
DA:715,0
DA:717,0
DA:718,0
DA:719,0
DA:720,0
DA:722,0
DA:723,0
DA:724,0
DA:725,0
DA:726,0
DA:728,0
DA:730,0
DA:731,0
DA:733,0
DA:734,0
DA:735,0
DA:736,0
DA:740,0
DA:741,0
DA:742,0
DA:743,0
DA:744,0
DA:745,0
DA:746,0
DA:747,0
DA:749,0
DA:750,0
DA:751,0
DA:753,0
DA:754,0
DA:755,0
DA:757,0
DA:759,0
DA:760,0
DA:761,0
DA:763,0
DA:764,0
DA:765,0
DA:767,0
DA:770,0
DA:771,0
DA:772,0
DA:773,0
DA:775,0
DA:776,0
DA:777,0
DA:779,0
DA:780,0
DA:781,0
DA:783,0
DA:785,0
DA:786,0
DA:787,0
DA:789,0
DA:791,0
DA:792,0
DA:793,0
DA:794,0
DA:795,0
DA:797,0
DA:798,0
DA:799,0
DA:801,0
DA:802,0
DA:803,0
DA:805,0
DA:807,0
DA:808,0
DA:809,0
DA:811,0
DA:813,0
DA:814,0
DA:815,0
DA:816,0
DA:817,0
DA:819,0
DA:820,0
DA:821,0
DA:823,0
DA:824,0
DA:825,0
DA:827,0
DA:829,0
DA:830,0
DA:831,0
DA:833,0
DA:835,0
DA:836,0
DA:837,0
DA:838,0
DA:839,0
DA:841,0
DA:842,0
DA:843,0
DA:845,0
DA:849,0
DA:851,0
DA:852,0
DA:855,0
DA:856,0
DA:858,0
DA:859,0
DA:860,0
DA:861,0
DA:862,0
DA:863,0
DA:866,0
DA:867,0
DA:868,0
DA:871,0
DA:872,0
DA:873,0
DA:874,0
DA:875,0
DA:877,0
DA:878,0
DA:879,0
DA:880,0
DA:882,0
DA:883,0
DA:887,0
DA:888,0
DA:889,0
DA:891,0
DA:892,0
DA:894,0
DA:895,0
DA:897,0
DA:898,0
DA:899,0
DA:901,0
DA:903,0
DA:904,0
DA:906,0
DA:907,0
DA:908,0
DA:909,0
DA:912,0
DA:914,0
DA:916,0
DA:918,0
DA:919,0
DA:920,0
DA:921,0
DA:922,0
DA:923,0
DA:924,0
DA:925,0
DA:926,0
DA:927,0
DA:929,0
DA:930,0
DA:931,0
DA:932,0
DA:933,0
DA:936,0
DA:938,0
DA:940,0
DA:941,0
DA:943,0
DA:944,0
DA:945,0
DA:946,0
DA:947,0
DA:948,0
DA:949,0
DA:950,0
DA:952,0
DA:953,0
DA:954,0
DA:958,0
DA:959,0
DA:960,0
DA:961,0
DA:962,0
DA:963,0
DA:964,0
DA:965,0
DA:966,0
DA:967,0
DA:968,0
DA:969,0
DA:970,0
DA:971,0
DA:972,0
DA:973,0
DA:974,0
DA:975,0
DA:976,0
DA:977,0
DA:978,0
DA:979,0
DA:980,0
DA:981,0
DA:982,0
DA:984,0
DA:985,0
DA:986,0
DA:987,0
DA:991,0
DA:995,0
DA:996,0
DA:997,0
DA:998,0
DA:999,0
DA:1000,0
DA:1001,0
DA:1002,0
DA:1003,0
DA:1004,0
DA:1006,0
DA:1007,0
DA:1008,0
DA:1009,0
DA:1010,0
DA:1013,0
DA:1015,0
DA:1017,0
DA:1018,0
DA:1019,0
DA:1020,0
DA:1022,0
DA:1023,0
DA:1024,0
DA:1025,0
DA:1026,0
DA:1027,0
DA:1028,0
DA:1029,0
DA:1031,0
DA:1032,0
DA:1035,0
DA:1037,0
DA:1038,0
DA:1039,0
DA:1041,0
DA:1045,0
DA:1046,0
DA:1048,0
DA:1050,0
DA:1052,0
DA:1054,0
DA:1055,0
DA:1061,0
DA:1062,0
DA:1063,0
DA:1064,0
DA:1065,0
DA:1066,0
DA:1067,0
DA:1068,0
DA:1069,0
DA:1070,0
DA:1072,0
DA:1073,0
DA:1074,0
DA:1075,0
DA:1077,0
DA:1078,0
DA:1079,0
DA:1080,0
DA:1081,0
DA:1082,0
DA:1083,0
DA:1084,0
DA:1086,0
DA:1087,0
DA:1090,0
DA:1092,0
DA:1093,0
DA:1094,0
DA:1096,0
DA:1100,0
DA:1101,0
DA:1103,0
DA:1105,0
DA:1106,0
DA:1108,0
DA:1110,0
DA:1111,0
DA:1117,0
DA:1118,0
DA:1119,0
DA:1121,0
DA:1122,0
DA:1123,0
DA:1124,0
DA:1126,0
DA:1128,0
DA:1129,0
DA:1131,0
DA:1132,0
DA:1133,0
DA:1134,0
DA:1135,0
DA:1137,0
DA:1138,0
DA:1139,0
DA:1140,0
DA:1141,0
DA:1142,0
DA:1143,0
DA:1144,0
DA:1150,0
DA:1155,0
DA:1156,0
DA:1158,0
DA:1159,0
DA:1162,0
DA:1164,0
DA:1165,0
DA:1166,0
DA:1167,0
DA:1168,0
DA:1169,0
DA:1170,0
DA:1171,0
DA:1172,0
DA:1173,0
DA:1175,0
DA:1176,0
DA:1179,0
DA:1180,0
DA:1181,0
DA:1183,0
DA:1184,0
DA:1185,0
DA:1187,0
DA:1190,0
DA:1191,0
DA:1194,0
DA:1195,0
DA:1196,0
DA:1197,0
DA:1200,0
DA:1202,0
DA:1204,0
DA:1206,0
DA:1208,0
DA:1209,0
DA:1210,0
DA:1211,0
DA:1212,0
DA:1213,0
DA:1214,0
DA:1215,0
DA:1216,0
DA:1219,0
DA:1220,0
DA:1221,0
DA:1224,0
DA:1225,0
DA:1226,0
DA:1227,0
DA:1228,0
DA:1229,0
DA:1231,0
DA:1232,0
DA:1234,0
DA:1238,0
DA:1239,0
DA:1240,0
DA:1242,0
DA:1243,0
DA:1244,0
DA:1245,0
DA:1247,0
DA:1249,0
DA:1250,0
DA:1252,0
DA:1253,0
DA:1254,0
DA:1255,0
DA:1256,0
DA:1258,0
DA:1259,0
DA:1260,0
DA:1261,0
DA:1262,0
DA:1263,0
DA:1264,0
DA:1265,0
DA:1271,0
DA:1276,0
DA:1277,0
DA:1279,0
DA:1280,0
DA:1283,0
DA:1285,0
DA:1286,0
DA:1287,0
DA:1288,0
DA:1289,0
DA:1290,0
DA:1291,0
DA:1292,0
DA:1293,0
DA:1294,0
DA:1296,0
DA:1297,0
DA:1300,0
DA:1301,0
DA:1302,0
DA:1304,0
DA:1305,0
DA:1306,0
DA:1308,0
DA:1311,0
DA:1312,0
DA:1315,0
DA:1316,0
DA:1317,0
DA:1318,0
DA:1321,0
DA:1323,0
DA:1325,0
DA:1326,0
DA:1328,0
DA:1330,0
DA:1331,0
DA:1332,0
DA:1333,0
DA:1334,0
DA:1335,0
DA:1336,0
DA:1337,0
DA:1338,0
DA:1341,0
DA:1342,0
DA:1343,0
DA:1346,0
DA:1347,0
DA:1348,0
DA:1349,0
DA:1350,0
DA:1351,0
DA:1353,0
DA:1354,0
DA:1356,0
DA:1361,0
DA:1362,0
DA:1363,0
DA:1364,0
DA:1365,0
DA:1366,0
DA:1368,0
DA:1369,0
DA:1370,0
DA:1371,0
DA:1374,0
DA:1375,0
DA:1378,0
DA:1379,0
DA:1383,0
DA:1384,0
DA:1386,0
DA:1387,0
DA:1392,42
DA:1393,42
DA:1394,42
DA:1396,42
DA:1397,42
DA:1398,7
DA:1399,35
DA:1400,35
DA:1401,35
DA:1402,35
DA:1403,35
DA:1404,35
DA:1406,35
DA:1407,0
DA:1409,35
DA:1410,35
DA:1411,35
DA:1412,35
DA:1413,35
DA:1418,42
DA:1419,42
DA:1421,42
DA:1422,42
DA:1423,537
DA:1424,117
DA:1425,117
DA:1427,537
DA:1428,42
DA:1431,42
DA:1432,42
DA:1434,42
DA:1435,42
DA:1436,42
DA:1438,42
DA:1439,42
DA:1440,42
DA:1442,42
DA:1445,42
DA:1446,42
DA:1448,0
DA:1450,42
DA:1451,0
DA:1453,42
DA:1455,42
DA:1457,42
DA:1458,0
DA:1460,42
DA:1461,0
DA:1463,42
DA:1464,0
DA:1466,42
DA:1467,0
DA:1469,42
DA:1470,0
DA:1472,42
DA:1473,0
DA:1475,42
DA:1476,42
DA:1477,42
DA:1478,42
DA:1479,42
DA:1480,42
DA:1482,42
DA:1483,0
DA:1485,42
DA:1486,0
DA:1488,42
DA:1489,0
DA:1491,42
DA:1492,0
DA:1494,42
DA:1495,0
DA:1497,42
DA:1498,0
DA:1500,42
DA:1501,42
DA:1502,42
DA:1503,42
DA:1504,42
DA:1505,42
DA:1507,42
DA:1508,0
DA:1509,42
DA:1510,42
DA:1512,0
DA:1513,0
DA:1519,2
DA:1520,2
DA:1521,2
DA:1522,2
DA:1524,2
DA:1525,114
DA:1526,44
DA:1532,70
DA:1533,44
DA:1540,26
DA:1543,2
DA:1545,2
DA:1547,2
DA:1548,2
DA:1549,2
DA:1550,2
DA:1552,2
DA:1553,0
DA:1555,2
DA:1556,2
DA:1557,2
DA:1559,2
DA:1560,2
DA:1561,2
DA:1562,2
DA:1563,7
DA:1568,2
DA:1569,2
DA:1570,42
DA:1573,2
DA:1574,2
DA:1576,2
DA:1577,2
DA:1578,30
DA:1579,12
DA:1580,12
DA:1582,30
DA:1583,2
DA:1586,2
DA:1587,2
DA:1589,2
DA:1590,2
DA:1592,2
DA:1593,2
DA:1597,2
DA:1598,2
DA:1599,2
DA:1601,2
DA:1602,0
DA:1604,2
DA:1605,0
DA:1606,0
DA:1609,0
DA:1613,2
DA:1616,2
DA:1617,2
DA:1619,0
DA:1621,2
DA:1622,0
DA:1624,2
DA:1626,2
DA:1629,2
DA:1631,2
DA:1632,2
DA:1637,0
DA:1638,0
DA:1639,0
DA:1641,0
DA:1642,0
DA:1643,0
DA:1644,0
DA:1647,0
DA:1648,0
DA:1649,0
DA:1650,0
DA:1651,0
DA:1653,0
DA:1654,0
DA:1657,0
DA:1658,0
DA:1660,0
DA:1661,0
DA:1662,0
DA:1664,0
DA:1665,0
DA:1666,0
DA:1668,0
DA:1671,0
DA:1672,0
DA:1674,0
DA:1676,0
DA:1677,0
DA:1679,0
DA:1681,0
DA:1683,0
DA:1684,0
DA:1686,0
DA:1687,0
DA:1689,0
DA:1690,0
DA:1692,0
DA:1693,0
DA:1695,0
DA:1696,0
DA:1698,0
DA:1699,0
DA:1701,0
DA:1702,0
DA:1703,0
DA:1704,0
DA:1705,0
DA:1706,0
DA:1708,0
DA:1709,0
DA:1710,0
DA:1711,0
DA:1713,0
DA:1714,0
DA:1720,0
DA:1721,0
DA:1722,0
DA:1723,0
DA:1725,0
DA:1726,0
DA:1727,0
DA:1733,0
DA:1734,0
DA:1741,0
DA:1744,0
DA:1746,0
DA:1748,0
DA:1749,0
DA:1750,0
DA:1751,0
DA:1753,0
DA:1754,0
DA:1756,0
DA:1757,0
DA:1758,0
DA:1760,0
DA:1761,0
DA:1762,0
DA:1763,0
DA:1764,0
DA:1769,0
DA:1770,0
DA:1771,0
DA:1774,0
DA:1775,0
DA:1777,0
DA:1778,0
DA:1779,0
DA:1780,0
DA:1781,0
DA:1783,0
DA:1784,0
DA:1787,0
DA:1788,0
DA:1790,0
DA:1791,0
DA:1793,0
DA:1794,0
DA:1795,0
DA:1796,0
DA:1797,0
DA:1799,0
DA:1800,0
DA:1801,0
DA:1803,0
DA:1804,0
DA:1806,0
DA:1809,0
DA:1810,0
DA:1812,0
DA:1814,0
DA:1815,0
DA:1817,0
DA:1819,0
DA:1822,0
DA:1824,0
DA:1825,0
DA:1826,0
DA:1831,2
DA:1834,2
DA:1835,2
DA:1836,0
DA:1837,0
DA:1838,0
DA:1841,2
DA:1842,2
DA:1843,2
DA:1845,0
DA:1846,0
DA:1847,0
DA:1852,2
DA:1853,2
DA:1854,2
DA:1856,2
DA:1857,2
DA:1859,2
DA:1860,44
DA:1862,44
DA:1863,2
DA:1864,2
DA:1865,42
DA:1866,0
DA:1867,0
DA:1868,42
DA:1869,42
DA:1870,42
DA:1874,2
DA:1875,0
DA:1876,2
DA:1877,0
DA:1878,2
DA:1879,2
DA:1881,0
DA:1884,0
DA:1889,3
DA:1890,1
DA:1891,2
DA:1892,2
DA:1893,0
DA:1894,0
DA:1896,0
DA:1897,0
DA:1899,1
DA:1900,1
DA:1901,1
DA:1902,1
LF:1253
LH:379
BRDA:34,0,0,74
BRDA:34,0,1,0
BRDA:36,1,0,0
BRDA:36,1,1,0
BRDA:40,2,0,0
BRDA:40,2,1,0
BRDA:50,3,0,0
[...]
BRDA:115,7,0,1379
BRDA:115,7,1,2015
BRDA:116,8,0,1067
BRDA:116,8,1,312
BRDA:125,9,0,0
BRDA:125,9,1,1
BRDA:136,10,0,0
BRDA:136,10,1,1
BRDA:147,11,0,0
BRDA:147,11,1,1
BRDA:159,12,0,0
BRDA:159,12,1,0
BRDA:162,13,0,0
BRDA:162,13,1,0
BRDA:165,14,0,0
BRDA:165,14,1,0
BRF:30
BRH:10
end_of_record
TN:
SF:src\main\server\shims\auth.js
FN:6,(anonymous_0)
FN:11,(anonymous_1)
FN:18,(anonymous_2)
FN:27,(anonymous_3)
FN:34,(anonymous_4)
FN:44,(anonymous_5)
FN:121,(anonymous_6)
FN:129,(anonymous_7)
FN:155,parseHeader
FN:170,parseJwt
FN:179,interpretEnvFlag
FN:183,interpretEnvCSV
FN:191,numberFromUUID
FN:199,createAdjectiveFrom
FN:215,createNounFrom
FN:236,validateJwt
FN:272,(anonymous_16)
FN:297,(anonymous_17)
FN:403,(anonymous_18)
FN:455,(anonymous_19)
FN:499,(anonymous_20)
FN:501,(anonymous_21)
FN:506,(anonymous_22)
FNF:23
FNH:1
FNDA:0,(anonymous_0)
FNDA:0,(anonymous_1)
FNDA:0,(anonymous_2)
FNDA:0,(anonymous_3)
FNDA:0,(anonymous_4)
FNDA:0,(anonymous_5)
FNDA:0,(anonymous_6)
FNDA:0,(anonymous_7)
FNDA:0,parseHeader
FNDA:0,parseJwt
FNDA:0,interpretEnvFlag
FNDA:0,interpretEnvCSV
FNDA:0,numberFromUUID
FNDA:0,createAdjectiveFrom
FNDA:0,createNounFrom
FNDA:0,validateJwt
FNDA:0,(anonymous_16)
FNDA:534,(anonymous_17)
FNDA:0,(anonymous_18)
FNDA:0,(anonymous_19)
FNDA:0,(anonymous_20)
FNDA:0,(anonymous_21)
FNDA:0,(anonymous_22)
DA:1,1
DA:2,1
DA:4,1
DA:5,1
DA:6,1
DA:7,0
DA:8,0
DA:9,0
DA:11,1
DA:12,0
DA:14,0
DA:16,0
DA:17,0
DA:18,0
DA:19,0
DA:21,0
DA:23,0
DA:24,0
DA:25,0
DA:26,0
DA:27,0
DA:28,0
DA:29,0
DA:31,0
DA:32,0
DA:34,0
DA:35,0
DA:36,0
DA:39,0
DA:40,0
DA:41,0
DA:43,0
DA:44,0
DA:45,0
DA:46,0
DA:48,0
DA:49,0
DA:50,0
DA:51,0
DA:52,0
DA:53,0
DA:54,0
DA:55,0
DA:56,0
DA:57,0
DA:59,0
DA:61,0
DA:62,0
DA:63,0
DA:64,0
DA:65,0
DA:66,0
DA:67,0
DA:68,0
DA:69,0
DA:70,0
DA:72,0
DA:74,0
DA:75,0
DA:76,0
DA:77,0
DA:78,0
DA:79,0
DA:80,0
DA:81,0
DA:82,0
DA:83,0
DA:85,0
DA:87,0
DA:88,0
DA:89,0
DA:90,0
DA:91,0
DA:92,0
DA:93,0
DA:94,0
DA:95,0
DA:97,0
DA:98,0
DA:101,1
DA:103,0
DA:105,0
DA:107,0
DA:108,0
DA:121,0
DA:122,0
DA:129,0
DA:130,0
DA:136,1
DA:138,0
DA:139,0
DA:148,1
DA:156,0
DA:157,0
DA:159,0
DA:160,0
DA:162,0
DA:171,0
DA:172,0
DA:173,0
DA:174,0
DA:176,0
DA:180,0
DA:184,0
DA:185,0
DA:187,0
DA:192,0
DA:193,0
DA:196,0
DA:197,0
DA:201,0
DA:202,0
DA:204,0
DA:206,0
DA:207,0
DA:209,0
DA:212,0
DA:217,0
DA:218,0
DA:220,0
DA:222,0
DA:223,0
DA:225,0
DA:228,0
DA:238,0
DA:239,0
DA:240,0
DA:241,0
DA:242,0
DA:243,0
DA:246,0
DA:247,0
DA:248,0
DA:249,0
DA:250,0
DA:251,0
DA:254,0
DA:255,0
DA:257,0
DA:258,0
DA:260,0
DA:261,0
DA:262,0
DA:265,0
DA:266,0
DA:267,0
DA:269,0
DA:272,0
DA:274,0
DA:275,0
DA:277,0
DA:278,0
DA:280,0
DA:281,0
DA:283,0
DA:284,0
DA:286,0
DA:287,0
DA:290,0
DA:293,0
DA:297,1
DA:298,534
DA:299,534
DA:300,534
DA:301,534
DA:302,534
DA:304,0
DA:306,0
DA:307,0
DA:309,0
DA:310,0
DA:313,0
DA:314,0
DA:315,0
DA:316,0
DA:317,0
DA:318,0
DA:320,534
DA:321,0
DA:322,0
DA:323,0
DA:324,0
DA:325,0
DA:326,0
DA:328,534
DA:330,0
DA:331,0
DA:332,0
DA:333,0
DA:334,0
DA:335,0
DA:337,534
DA:338,0
DA:339,0
DA:341,0
DA:342,0
DA:345,534
DA:347,0
DA:348,0
DA:349,0
DA:350,0
DA:351,0
DA:352,0
DA:353,0
DA:354,0
DA:355,0
DA:356,0
DA:357,0
DA:358,0
DA:360,0
DA:362,0
DA:364,0
DA:365,0
DA:366,0
DA:367,0
DA:368,0
DA:369,0
DA:370,0
DA:371,0
DA:372,0
DA:375,0
DA:376,0
DA:378,0
DA:379,0
DA:380,0
DA:381,0
DA:382,0
DA:383,0
DA:385,0
DA:387,0
DA:389,0
DA:390,0
DA:393,0
DA:394,0
DA:395,0
DA:397,534
DA:399,1
DA:401,1
DA:403,0
DA:404,0
DA:405,0
DA:406,0
DA:407,0
DA:408,0
DA:409,0
DA:410,0
DA:411,0
DA:412,0
DA:413,0
DA:414,0
DA:415,0
DA:416,0
DA:417,0
DA:418,0
DA:419,0
DA:420,0
DA:421,0
DA:422,0
DA:423,0
DA:424,0
DA:425,0
DA:426,0
DA:427,0
DA:428,0
DA:429,0
DA:430,0
DA:431,0
DA:432,0
DA:433,0
DA:434,0
DA:435,0
DA:436,0
DA:437,0
DA:438,0
DA:439,0
DA:440,0
DA:441,0
DA:442,0
DA:443,0
DA:444,0
DA:446,0
DA:455,0
DA:457,0
DA:459,0
DA:460,0
DA:464,0
DA:465,0
DA:469,0
DA:473,1
DA:499,1
DA:501,1
DA:502,0
DA:505,0
DA:506,0
DA:509,0
DA:510,0
DA:511,0
DA:512,0
DA:513,0
DA:514,0
DA:517,0
DA:518,0
DA:521,0
DA:524,0
LF:304
LH:25
BRDA:7,0,0,0
BRDA:7,0,1,0
BRDA:12,1,0,0
BRDA:12,1,1,0
BRDA:17,2,0,0
BRDA:17,2,1,0
BRDA:17,3,0,0
BRDA:17,3,1,0
BRDA:21,4,0,0
BRDA:21,4,1,0
BRDA:39,5,0,0
BRDA:39,5,1,0
BRDA:41,6,0,0
BRDA:41,6,1,0
BRDA:59,7,0,0
BRDA:59,7,1,0
BRDA:67,8,0,0
BRDA:67,8,1,0
BRDA:69,9,0,0
BRDA:69,9,1,0
BRDA:72,10,0,0
BRDA:72,10,1,0
BRDA:72,11,0,0
BRDA:72,11,1,0
BRDA:80,12,0,0
BRDA:80,12,1,0
BRDA:82,13,0,0
BRDA:82,13,1,0
BRDA:85,14,0,0
BRDA:85,14,1,0
BRDA:101,15,0,0
BRDA:101,15,1,1
BRDA:101,16,0,1
BRDA:101,16,1,1
BRDA:103,17,0,0
BRDA:103,17,1,0
BRDA:110,18,0,0
BRDA:110,18,1,0
BRDA:111,19,0,0
BRDA:111,19,1,0
BRDA:112,20,0,0
BRDA:112,20,1,0
BRDA:113,21,0,0
BRDA:113,21,1,0
BRDA:123,22,0,0
BRDA:123,22,1,0
BRDA:131,23,0,0
BRDA:131,23,1,0
BRDA:136,24,0,0
BRDA:136,24,1,1
BRDA:141,25,0,0
BRDA:141,25,1,0
BRDA:142,26,0,0
BRDA:142,26,1,0
BRDA:148,27,0,0
BRDA:148,27,1,1
BRDA:156,28,0,0
BRDA:156,28,1,0
BRDA:156,29,0,0
BRDA:156,29,1,0
BRDA:184,30,0,0
BRDA:184,30,1,0
BRDA:184,31,0,0
BRDA:184,31,1,0
BRDA:184,31,2,0
BRDA:201,32,0,0
BRDA:201,32,1,0
BRDA:204,33,0,0
BRDA:204,33,1,0
BRDA:204,34,0,0
BRDA:204,34,1,0
BRDA:217,35,0,0
BRDA:217,35,1,0
BRDA:220,36,0,0
BRDA:220,36,1,0
BRDA:220,37,0,0
BRDA:220,37,1,0
BRDA:239,38,0,0
BRDA:239,38,1,0
BRDA:242,39,0,0
BRDA:242,39,1,0
BRDA:247,40,0,0
BRDA:247,40,1,0
BRDA:250,41,0,0
BRDA:250,41,1,0
BRDA:255,42,0,0
BRDA:255,42,1,0
BRDA:257,43,0,0
BRDA:257,43,1,0
BRDA:261,44,0,0
BRDA:261,44,1,0
BRDA:266,45,0,0
BRDA:266,45,1,0
BRDA:266,46,0,0
BRDA:266,46,1,0
BRDA:278,47,0,0
BRDA:278,47,1,0
BRDA:281,48,0,0
BRDA:281,48,1,0
BRDA:302,49,0,0
BRDA:302,49,1,534
BRDA:304,50,0,0
BRDA:304,50,1,0
BRDA:307,51,0,0
BRDA:307,51,1,0
BRDA:313,52,0,0
BRDA:313,52,1,0
BRDA:315,53,0,0
BRDA:315,53,1,0
BRDA:317,54,0,0
BRDA:317,54,1,0
BRDA:320,55,0,0
BRDA:320,55,1,534
BRDA:321,56,0,0
BRDA:321,56,1,0
BRDA:323,57,0,0
BRDA:323,57,1,0
BRDA:325,58,0,0
BRDA:325,58,1,0
BRDA:328,59,0,0
BRDA:328,59,1,534
BRDA:334,60,0,0
BRDA:334,60,1,0
BRDA:337,61,0,0
BRDA:337,61,1,534
BRDA:339,62,0,0
BRDA:339,62,1,0
BRDA:345,63,0,0
BRDA:345,63,1,534
BRDA:355,64,0,0
BRDA:355,64,1,0
BRDA:362,65,0,0
BRDA:362,65,1,0
BRDA:367,66,0,0
BRDA:367,66,1,0
BRDA:376,67,0,0
BRDA:376,67,1,0
BRDA:382,68,0,0
BRDA:382,68,1,0
BRDA:385,69,0,0
BRDA:385,69,1,0
BRDA:387,70,0,0
BRDA:387,70,1,0
BRDA:401,71,0,0
BRDA:401,71,1,1
BRDA:401,72,0,1
BRDA:401,72,1,1
BRDA:405,73,0,0
BRDA:405,73,1,0
BRDA:409,74,0,0
BRDA:409,74,1,0
BRDA:410,75,0,0
BRDA:410,75,1,0
BRDA:411,76,0,0
BRDA:411,76,1,0
BRDA:412,77,0,0
BRDA:412,77,1,0
BRDA:413,78,0,0
BRDA:413,78,1,0
BRDA:414,79,0,0
BRDA:414,79,1,0
BRDA:415,80,0,0
BRDA:415,80,1,0
BRDA:416,81,0,0
BRDA:416,81,1,0
BRDA:417,82,0,0
BRDA:417,82,1,0
BRDA:417,83,0,0
BRDA:417,83,1,0
BRDA:418,84,0,0
BRDA:418,84,1,0
BRDA:419,85,0,0
BRDA:419,85,1,0
BRDA:419,86,0,0
BRDA:419,86,1,0
BRDA:420,87,0,0
BRDA:420,87,1,0
BRDA:421,88,0,0
BRDA:421,88,1,0
BRDA:421,89,0,0
BRDA:421,89,1,0
BRDA:422,90,0,0
BRDA:422,90,1,0
BRDA:423,91,0,0
BRDA:423,91,1,0
BRDA:423,92,0,0
BRDA:423,92,1,0
BRDA:424,93,0,0
BRDA:424,93,1,0
BRDA:425,94,0,0
BRDA:425,94,1,0
BRDA:425,95,0,0
BRDA:425,95,1,0
BRDA:426,96,0,0
BRDA:426,96,1,0
BRDA:427,97,0,0
BRDA:427,97,1,0
BRDA:427,98,0,0
BRDA:427,98,1,0
BRDA:428,99,0,0
BRDA:428,99,1,0
BRDA:429,100,0,0
BRDA:429,100,1,0
BRDA:429,101,0,0
BRDA:429,101,1,0
BRDA:430,102,0,0
BRDA:430,102,1,0
BRDA:431,103,0,0
BRDA:431,103,1,0
BRDA:431,104,0,0
BRDA:431,104,1,0
BRDA:432,105,0,0
BRDA:432,105,1,0
BRDA:433,106,0,0
BRDA:433,106,1,0
BRDA:433,107,0,0
BRDA:433,107,1,0
BRDA:433,107,2,0
BRDA:434,108,0,0
BRDA:434,108,1,0
BRDA:435,109,0,0
BRDA:435,109,1,0
BRDA:435,110,0,0
BRDA:435,110,1,0
BRDA:435,110,2,0
BRDA:436,111,0,0
BRDA:436,111,1,0
BRDA:437,112,0,0
BRDA:437,112,1,0
BRDA:437,113,0,0
BRDA:437,113,1,0
BRDA:437,113,2,0
BRDA:437,113,3,0
BRDA:438,114,0,0
BRDA:438,114,1,0
BRDA:439,115,0,0
BRDA:439,115,1,0
BRDA:439,116,0,0
BRDA:439,116,1,0
BRDA:439,116,2,0
BRDA:440,117,0,0
BRDA:440,117,1,0
BRDA:441,118,0,0
BRDA:441,118,1,0
BRDA:442,119,0,0
BRDA:442,119,1,0
BRDA:442,120,0,0
BRDA:442,120,1,0
BRDA:443,121,0,0
BRDA:443,121,1,0
BRDA:444,122,0,0
BRDA:444,122,1,0
BRDA:450,123,0,0
BRDA:450,123,1,0
BRDA:450,124,0,0
BRDA:450,124,1,0
BRDA:451,125,0,0
BRDA:451,125,1,0
BRDA:451,126,0,0
BRDA:451,126,1,0
BRDA:452,127,0,0
BRDA:452,127,1,0
BRDA:452,128,0,0
BRDA:452,128,1,0
BRDA:452,128,2,0
BRDA:453,129,0,0
BRDA:453,129,1,0
BRDA:453,130,0,0
BRDA:453,130,1,0
BRDA:455,131,0,0
BRDA:455,131,1,0
BRDA:457,132,0,0
BRDA:457,132,1,0
BRDA:499,133,0,0
BRDA:499,133,1,0
BRDA:502,134,0,0
BRDA:502,134,1,0
BRDA:502,135,0,0
BRDA:502,135,1,0
BRDA:509,136,0,0
BRDA:509,136,1,0
BRDA:510,137,0,0
BRDA:510,137,1,0
BRDA:512,138,0,0
BRDA:512,138,1,0
BRDA:512,139,0,0
BRDA:512,139,1,0
BRDA:512,139,2,0
BRDA:517,140,0,0
BRDA:517,140,1,0
BRF:290
BRH:13
end_of_record
TN:
SF:src\main\server\shims\cassproject.js
FN:1,(anonymous_0)
FN:3,(anonymous_1)
FN:6,(anonymous_2)
FN:7,(anonymous_3)
FN:13,(anonymous_4)
FN:15,(anonymous_5)
FN:19,(anonymous_6)
FN:20,(anonymous_7)
FN:26,(anonymous_8)
FN:28,(anonymous_9)
FN:31,(anonymous_10)
FN:32,(anonymous_11)
FN:38,(anonymous_12)
FN:40,(anonymous_13)
FN:43,(anonymous_14)
FN:44,(anonymous_15)
FN:50,(anonymous_16)
FN:52,(anonymous_17)
FN:56,(anonymous_18)
FN:57,(anonymous_19)
FN:58,(anonymous_20)
FN:63,(anonymous_21)
FN:65,(anonymous_22)
FN:68,(anonymous_23)
FN:69,(anonymous_24)
FN:76,(anonymous_25)
FN:78,(anonymous_26)
FN:81,(anonymous_27)
FN:82,(anonymous_28)
FN:89,(anonymous_29)
FN:91,(anonymous_30)
FN:94,(anonymous_31)
FN:95,(anonymous_32)
FNF:33
FNH:12
FNDA:0,(anonymous_0)
FNDA:0,(anonymous_1)
FNDA:0,(anonymous_2)
FNDA:0,(anonymous_3)
FNDA:0,(anonymous_4)
FNDA:0,(anonymous_5)
FNDA:0,(anonymous_6)
FNDA:0,(anonymous_7)
FNDA:36,(anonymous_8)
FNDA:36,(anonymous_9)
FNDA:36,(anonymous_10)
FNDA:0,(anonymous_11)
FNDA:10,(anonymous_12)
FNDA:10,(anonymous_13)
FNDA:10,(anonymous_14)
FNDA:0,(anonymous_15)
FNDA:0,(anonymous_16)
FNDA:0,(anonymous_17)
FNDA:0,(anonymous_18)
FNDA:0,(anonymous_19)
FNDA:0,(anonymous_20)
FNDA:20,(anonymous_21)
FNDA:20,(anonymous_22)
FNDA:20,(anonymous_23)
FNDA:0,(anonymous_24)
FNDA:0,(anonymous_25)
FNDA:0,(anonymous_26)
FNDA:0,(anonymous_27)
FNDA:0,(anonymous_28)
FNDA:2,(anonymous_29)
FNDA:2,(anonymous_30)
FNDA:2,(anonymous_31)
FNDA:0,(anonymous_32)
DA:1,1
DA:2,0
DA:4,0
DA:6,0
DA:7,0
DA:13,1
DA:14,0
DA:16,0
DA:19,0
DA:20,0
DA:26,1
DA:27,36
DA:29,36
DA:31,36
DA:32,0
DA:38,1
DA:39,10
DA:41,10
DA:43,10
DA:44,0
DA:50,1
DA:51,0
DA:53,0
DA:57,0
DA:58,0
DA:63,1
DA:64,20
DA:66,20
DA:68,20
DA:69,0
DA:76,1
DA:77,0
DA:79,0
DA:81,0
DA:82,0
DA:89,1
DA:90,2
DA:92,2
DA:94,2
DA:95,0
DA:101,1
LF:41
LH:21
BRF:0
BRH:0
end_of_record
TN:
SF:src\main\server\shims\jobs.js
FN:7,(anonymous_0)
FNF:1
FNH:1
FNDA:1,(anonymous_0)
DA:1,1
DA:2,1
DA:3,1
DA:5,1
DA:8,1
DA:9,1
DA:10,1
DA:11,1
DA:12,0
DA:15,0
LF:10
LH:8
BRDA:11,0,0,0
BRDA:11,0,1,1
BRF:2
BRH:1
end_of_record
TN:
SF:src\main\server\shims\levr.js
FN:8,(anonymous_0)
FN:14,(anonymous_1)
FN:20,(anonymous_2)
FN:36,(anonymous_3)
FN:42,(anonymous_4)
FN:43,(anonymous_5)
FN:45,(anonymous_6)
FN:48,(anonymous_7)
FN:85,(anonymous_8)
FN:87,(anonymous_9)
FN:90,(anonymous_10)
FN:103,(anonymous_11)
FN:106,(anonymous_12)
FN:133,(anonymous_13)
FN:135,(anonymous_14)
FN:138,(anonymous_15)
FN:169,(anonymous_16)
FN:171,(anonymous_17)
FN:174,(anonymous_18)
FN:194,(anonymous_19)
FN:198,(anonymous_20)
FN:201,(anonymous_21)
FN:248,(anonymous_22)
FN:261,(anonymous_23)
FN:267,(anonymous_24)
FN:314,(anonymous_25)
FN:344,(anonymous_26)
FN:379,(anonymous_27)
FN:426,(anonymous_28)
FN:437,(anonymous_29)
FN:447,(anonymous_30)
FN:453,(anonymous_31)
FN:459,(anonymous_32)
FN:460,(anonymous_33)
FN:473,(anonymous_34)
FN:474,(anonymous_35)
FN:509,(anonymous_36)
FN:510,(anonymous_37)
FN:513,(anonymous_38)
FN:521,(anonymous_39)
FN:526,(anonymous_40)
FN:527,(anonymous_41)
FN:530,(anonymous_42)
FN:538,(anonymous_43)
FN:544,(anonymous_44)
FNF:45
FNH:28
FNDA:18,(anonymous_0)
FNDA:0,(anonymous_1)
FNDA:731,(anonymous_2)
FNDA:0,(anonymous_3)
FNDA:42,(anonymous_4)
FNDA:17,(anonymous_5)
FNDA:0,(anonymous_6)
FNDA:0,(anonymous_7)
FNDA:0,(anonymous_8)
FNDA:0,(anonymous_9)
FNDA:0,(anonymous_10)
FNDA:0,(anonymous_11)
FNDA:0,(anonymous_12)
FNDA:83,(anonymous_13)
FNDA:248,(anonymous_14)
FNDA:82,(anonymous_15)
FNDA:433,(anonymous_16)
FNDA:991,(anonymous_17)
FNDA:209,(anonymous_18)
FNDA:0,(anonymous_19)
FNDA:877,(anonymous_20)
FNDA:433,(anonymous_21)
FNDA:1153,(anonymous_22)
FNDA:379,(anonymous_23)
FNDA:671,(anonymous_24)
FNDA:339,(anonymous_25)
FNDA:3,(anonymous_26)
FNDA:1002,(anonymous_27)
FNDA:5,(anonymous_28)
FNDA:0,(anonymous_29)
FNDA:3,(anonymous_30)
FNDA:0,(anonymous_31)
FNDA:57,(anonymous_32)
FNDA:57,(anonymous_33)
FNDA:57,(anonymous_34)
FNDA:57,(anonymous_35)
FNDA:1,(anonymous_36)
FNDA:1,(anonymous_37)
FNDA:1,(anonymous_38)
FNDA:0,(anonymous_39)
FNDA:0,(anonymous_40)
FNDA:0,(anonymous_41)
FNDA:0,(anonymous_42)
FNDA:0,(anonymous_43)
FNDA:532,(anonymous_44)
DA:1,1
DA:2,1
DA:3,1
DA:4,1
DA:7,1
DA:8,1
DA:9,18
DA:13,1
DA:14,1
DA:15,0
DA:19,1
DA:20,1
DA:21,731
DA:22,646
DA:26,1
DA:27,1
DA:28,1
DA:29,0
DA:32,0
DA:35,1
DA:36,1
DA:37,0
DA:41,1
DA:42,1
DA:43,42
DA:44,17
DA:46,0
DA:49,0
DA:52,17
DA:53,17
DA:54,17
DA:55,17
DA:56,17
DA:57,17
DA:58,17
DA:59,17
DA:63,16
DA:64,15
DA:65,15
DA:66,14
DA:70,15
DA:72,1
DA:75,1
DA:76,1
DA:77,1
DA:79,0
DA:81,1
DA:83,17
DA:85,42
DA:86,0
DA:88,0
DA:91,0
DA:94,0
DA:95,0
DA:96,0
DA:97,0
DA:98,0
DA:99,0
DA:100,0
DA:101,0
DA:102,0
DA:103,0
DA:104,0
DA:106,0
DA:107,0
DA:108,0
DA:109,0
DA:111,0
DA:116,0
DA:117,0
DA:119,0
DA:123,0
DA:124,0
DA:125,0
DA:127,0
DA:129,0
DA:131,0
DA:133,42
DA:134,83
DA:136,248
DA:139,82
DA:142,83
DA:143,83
DA:144,83
DA:145,83
DA:146,83
DA:147,83
DA:148,83
DA:149,83
DA:153,83
DA:154,0
DA:156,83
DA:159,0
DA:160,0
DA:161,0
DA:163,0
DA:165,0
DA:167,83
DA:169,42
DA:170,433
DA:172,991
DA:175,209
DA:180,433
DA:181,433
DA:182,433
DA:183,433
DA:185,433
DA:186,433
DA:187,0
DA:190,433
DA:191,433
DA:192,433
DA:193,433
DA:194,433
DA:195,0
DA:196,0
DA:198,433
DA:199,877
DA:201,433
DA:202,433
DA:203,433
DA:204,433
DA:205,877
DA:207,433
DA:212,431
DA:213,310
DA:215,121
DA:217,431
DA:219,2
DA:220,2
DA:221,2
DA:223,0
DA:225,2
DA:228,433
DA:230,0
DA:231,0
DA:232,0
DA:234,0
DA:236,0
DA:239,42
DA:240,42
DA:241,42
DA:242,42
DA:243,42
DA:247,1
DA:248,1
DA:249,1153
DA:250,984
DA:251,0
DA:253,984
DA:254,356
DA:256,628
DA:260,1
DA:261,1
DA:262,379
DA:266,1
DA:267,1
DA:268,671
DA:269,671
DA:270,671
DA:271,671
DA:272,432
DA:273,0
DA:275,432
DA:276,432
DA:278,239
DA:279,239
DA:280,239
DA:281,239
DA:282,0
DA:285,239
DA:286,0
DA:288,239
DA:289,0
DA:290,0
DA:292,0
DA:293,0
DA:295,0
DA:297,0
DA:299,239
DA:300,239
DA:301,239
DA:309,1
DA:310,1
DA:313,1
DA:314,1
DA:315,339
DA:316,339
DA:317,256
DA:318,0
DA:320,256
DA:321,256
DA:323,83
DA:324,83
DA:325,83
DA:326,83
DA:327,0
DA:330,83
DA:331,0
DA:333,83
DA:334,0
DA:335,0
DA:338,83
DA:343,1
DA:344,1
DA:345,3
DA:346,3
DA:352,2
DA:353,0
DA:355,2
DA:356,2
DA:358,1
DA:359,1
DA:360,1
DA:361,1
DA:362,0
DA:365,1
DA:366,0
DA:368,1
DA:369,0
DA:370,0
DA:373,1
DA:378,1
DA:379,1
DA:380,1002
DA:381,1002
DA:382,1002
DA:383,1002
DA:389,1002
DA:390,0
DA:392,1002
DA:393,1002
DA:395,0
DA:396,0
DA:397,0
DA:398,0
DA:399,0
DA:402,0
DA:403,0
DA:405,0
DA:406,0
DA:407,0
DA:409,0
DA:413,0
DA:414,0
DA:415,0
DA:416,0
DA:417,0
DA:425,1
DA:426,1
DA:427,5
DA:428,5
DA:429,5
DA:430,5
DA:431,5
DA:432,5
DA:436,1
DA:437,1
DA:438,0
DA:439,0
DA:440,0
DA:441,0
DA:442,0
DA:446,1
DA:447,1
DA:448,3
DA:452,1
DA:453,1
DA:454,0
DA:458,1
DA:459,1
DA:460,57
DA:461,57
DA:462,57
DA:463,57
DA:465,0
DA:466,0
DA:472,1
DA:473,1
DA:474,57
DA:475,57
DA:476,57
DA:478,57
DA:479,57
DA:480,57
DA:481,57
DA:483,0
DA:484,0
DA:507,1
DA:508,1
DA:509,1
DA:510,1
DA:511,1
DA:512,1
DA:513,1
DA:514,1
DA:520,1
DA:521,1
DA:522,0
DA:526,1
DA:527,0
DA:528,0
DA:529,0
DA:530,0
DA:531,0
DA:532,0
DA:537,1
DA:538,1
DA:539,0
DA:544,1
DA:545,532
LF:311
LH:206
BRDA:7,0,0,1
BRDA:7,0,1,0
BRDA:13,1,0,1
BRDA:13,1,1,0
BRDA:19,2,0,1
BRDA:19,2,1,0
BRDA:21,3,0,85
BRDA:21,3,1,646
BRDA:21,4,0,731
BRDA:21,4,1,731
BRDA:28,5,0,0
BRDA:28,5,1,1
BRDA:35,6,0,1
BRDA:35,6,1,0
BRDA:41,7,0,1
BRDA:41,7,1,0
BRDA:58,8,0,0
BRDA:58,8,1,17
BRDA:63,9,0,15
BRDA:63,9,1,1
BRDA:75,10,0,0
BRDA:75,10,1,1
BRDA:76,11,0,1
BRDA:76,11,1,0
BRDA:76,12,0,1
BRDA:76,12,1,1
BRDA:76,12,2,1
BRDA:81,13,0,1
BRDA:81,13,1,0
BRDA:81,14,0,1
BRDA:81,14,1,1
BRDA:83,15,0,0
BRDA:83,15,1,17
BRDA:100,16,0,0
BRDA:100,16,1,0
BRDA:108,17,0,0
BRDA:108,17,1,0
BRDA:116,18,0,0
BRDA:116,18,1,0
BRDA:123,19,0,0
BRDA:123,19,1,0
BRDA:124,20,0,0
BRDA:124,20,1,0
BRDA:124,21,0,0
BRDA:124,21,1,0
BRDA:129,22,0,0
BRDA:129,22,1,0
BRDA:131,23,0,0
BRDA:131,23,1,0
BRDA:148,24,0,0
BRDA:148,24,1,83
BRDA:153,25,0,0
BRDA:153,25,1,83
BRDA:159,26,0,0
BRDA:159,26,1,0
BRDA:160,27,0,0
BRDA:160,27,1,0
BRDA:160,28,0,0
BRDA:160,28,1,0
BRDA:165,29,0,0
BRDA:165,29,1,0
BRDA:167,30,0,0
BRDA:167,30,1,83
BRDA:182,31,0,433
BRDA:182,31,1,0
BRDA:185,32,0,433
BRDA:185,32,1,0
BRDA:186,33,0,0
BRDA:186,33,1,433
BRDA:196,34,0,0
BRDA:196,34,1,0
BRDA:203,35,0,0
BRDA:203,35,1,433
BRDA:203,36,0,0
BRDA:203,36,1,433
BRDA:212,37,0,310
BRDA:212,37,1,121
BRDA:217,38,0,0
BRDA:217,38,1,431
BRDA:219,39,0,0
BRDA:219,39,1,2
BRDA:219,40,0,0
BRDA:219,40,1,2
BRDA:220,41,0,2
BRDA:220,41,1,0
BRDA:220,42,0,2
BRDA:220,42,1,2
BRDA:225,43,0,2
BRDA:225,43,1,0
BRDA:231,44,0,0
BRDA:231,44,1,0
BRDA:231,45,0,0
BRDA:231,45,1,0
BRDA:236,46,0,0
BRDA:236,46,1,0
BRDA:247,47,0,1
BRDA:247,47,1,0
BRDA:249,48,0,169
BRDA:249,48,1,984
BRDA:249,49,0,1153
BRDA:249,49,1,984
BRDA:250,50,0,0
BRDA:250,50,1,984
BRDA:250,51,0,984
BRDA:250,51,1,984
BRDA:250,51,2,0
BRDA:253,52,0,356
BRDA:253,52,1,628
BRDA:253,53,0,984
BRDA:253,53,1,628
BRDA:260,54,0,1
BRDA:260,54,1,0
BRDA:266,55,0,1
BRDA:266,55,1,0
BRDA:272,56,0,0
BRDA:272,56,1,432
BRDA:278,57,0,239
BRDA:278,57,1,0
BRDA:278,58,0,239
BRDA:278,58,1,239
BRDA:280,59,0,239
BRDA:280,59,1,0
BRDA:281,60,0,0
BRDA:281,60,1,239
BRDA:285,61,0,0
BRDA:285,61,1,239
BRDA:288,62,0,0
BRDA:288,62,1,239
BRDA:289,63,0,0
BRDA:289,63,1,0
BRDA:292,64,0,0
BRDA:292,64,1,0
BRDA:292,65,0,0
BRDA:292,65,1,0
BRDA:299,66,0,239
BRDA:299,66,1,0
BRDA:300,67,0,239
BRDA:300,67,1,0
BRDA:300,68,0,239
BRDA:300,68,1,4
BRDA:309,69,0,1
BRDA:309,69,1,0
BRDA:313,70,0,1
BRDA:313,70,1,0
BRDA:317,71,0,0
BRDA:317,71,1,256
BRDA:323,72,0,83
BRDA:323,72,1,0
BRDA:323,73,0,83
BRDA:323,73,1,83
BRDA:325,74,0,83
BRDA:325,74,1,0
BRDA:326,75,0,0
BRDA:326,75,1,83
BRDA:330,76,0,0
BRDA:330,76,1,83
BRDA:333,77,0,0
BRDA:333,77,1,83
BRDA:334,78,0,0
BRDA:334,78,1,0
BRDA:343,79,0,1
BRDA:343,79,1,0
BRDA:352,80,0,0
BRDA:352,80,1,2
BRDA:358,81,0,1
BRDA:358,81,1,0
BRDA:358,82,0,1
BRDA:358,82,1,1
BRDA:360,83,0,1
BRDA:360,83,1,0
BRDA:361,84,0,0
BRDA:361,84,1,1
BRDA:365,85,0,0
BRDA:365,85,1,1
BRDA:368,86,0,0
BRDA:368,86,1,1
BRDA:369,87,0,0
BRDA:369,87,1,0
BRDA:378,88,0,1
BRDA:378,88,1,0
BRDA:389,89,0,0
BRDA:389,89,1,1002
BRDA:395,90,0,0
BRDA:395,90,1,0
BRDA:395,91,0,0
BRDA:395,91,1,0
BRDA:397,92,0,0
BRDA:397,92,1,0
BRDA:398,93,0,0
BRDA:398,93,1,0
BRDA:402,94,0,0
BRDA:402,94,1,0
BRDA:405,95,0,0
BRDA:405,95,1,0
BRDA:406,96,0,0
BRDA:406,96,1,0
BRDA:413,97,0,0
BRDA:413,97,1,0
BRDA:414,98,0,0
BRDA:414,98,1,0
BRDA:416,99,0,0
BRDA:416,99,1,0
BRDA:416,100,0,0
BRDA:416,100,1,0
BRDA:425,101,0,1
BRDA:425,101,1,0
BRDA:436,102,0,1
BRDA:436,102,1,0
BRDA:446,103,0,1
BRDA:446,103,1,0
BRDA:452,104,0,1
BRDA:452,104,1,0
BRDA:458,105,0,1
BRDA:458,105,1,0
BRDA:472,106,0,1
BRDA:472,106,1,0
BRDA:508,107,0,1
BRDA:508,107,1,0
BRDA:520,108,0,1
BRDA:520,108,1,0
BRDA:537,109,0,1
BRDA:537,109,1,0
BRF:222
BRH:95
end_of_record
TN:
SF:src\main\server\shims\mailer.js
FN:21,(anonymous_0)
FNF:1
FNH:0
FNDA:0,(anonymous_0)
DA:1,1
DA:3,1
DA:4,1
DA:5,1
DA:6,1
DA:7,1
DA:9,1
DA:19,1
DA:21,1
DA:22,0
DA:23,0
DA:24,0
DA:32,0
DA:35,0
DA:36,0
DA:37,0
DA:42,1
LF:17
LH:10
BRDA:4,0,0,1
BRDA:4,0,1,1
BRDA:22,1,0,0
BRDA:22,1,1,0
BRDA:22,2,0,0
BRDA:22,2,1,0
BRDA:22,2,2,0
BRDA:22,2,3,0
BRDA:35,3,0,0
BRDA:35,3,1,0
BRF:10
BRH:2
end_of_record
TN:
SF:src\main\server\shims\stjs.js
FN:3,(anonymous_0)
FNF:1
FNH:0
FNDA:0,(anonymous_0)
DA:2,1
DA:3,0
DA:4,0
DA:5,0
LF:4
LH:1
BRDA:2,0,0,0
BRDA:2,0,1,1
BRDA:4,1,0,0
BRDA:4,1,1,0
BRF:4
BRH:1
end_of_record
